45
36
4950
1540
3403
3486
465
1326
1711
4095
1540
1176
124750
330078
47586
385881
297606
483636
111628
22155
142845
441330
280875
128778
13695
190036
331705
306936
103740
131328
131328
422740
18553186
833986
23021505
4326211
36555525
12678130
7237110
18846730
36035805
14249791
9208486
49735351
2208151
46152028
1474903
2381653
29448975
1768140
818560
8918976
641661576
281022778
1120750840
639549730
2400309541
3573209916
1310336028
67657528
4055086596
1443107226
2220744690
3611352591
799540066
3365075703
128104021
3427713003
4478317480
1263913503
722095003
4062294316
567727056
3147933531
3123384166
3141351216
586377135
4690203378
137937745
2800176030
3742292841
2426362291
87364371
3077789653
2731233186
3287185903
4583696131
1580147436
3459996891
3576507600
301072092210
68370288220
70123065265
14455355496
355479207336
28043869206
13083067920
38747016253
93051038710
460618097955
2681382609730
8899843383028
35052714645651
13757323019520
1805179554465
6180767615253
33332016261610
23522532391270
1477354156201
33728914366356
16956678036403
6515820767016
1879432974810
38190623076066
23302124659815
27252694424476
2306340934470
10109919369628
23892375380226
14707444589475
10516493686051
8875529226600
5392070209081
41598933707541
28687172748405
33680826387405
13741585955580
6770326028203
11116600314445
21776102874345
28823889880191
9089600822778
32039600243826
6731266651278
39356533572741
20459298034230
1378768780236
1135951774686
8917871713941
34775627463930
18908780855601
19763382540996
30039678716328
24625386517105
11407297006953
18737675844616
35137952270128
27081256275921
27223429576266
5838222988821
15816653649075
12357212610480
27872888774895
2976820740036
38110758376771
549450196470
22755381222861
2974978818631
15776762824378
42779090152261
48455017879905
28292269215315
5581482957753
1317402917236
44749333379751
27047685203490
9163020298278
35737792921326
4226192284051
12889454642571
18330879757960
1760914179531
42766391165421
10417980576403
24268872189156
49753080601003
21186778851253
15923826586878
3719474022846
6334014606153
44994768348621
1488104901865
43486797601666
17823300789003
801144440020
6105738916278
6073516891170
38867042136471
2755989682680
42344783827471
37640639580481
911121079560
7764055813878
8966488142745
6931699259761
12385321735566
11225949561996
1461681518220
35221052443710
38137915047606
2079996937221105
1310353766386281
1351286368194675
89287256448253
2258890505864020
1646730382154221
4473507820535445
282068313092580
538039119793896
218306958655086
72714425496966
1258338083544370
4473231152966670
4854503399237778
648128976417153
482419122932935
663220054762975
295235851120876
210284386963651
493064108487181
3513356847910260
4630796300448696
2068263348031530
3828775896415641
4045188724761075
922547950010910
160228763131128
2298283690121055
821113558466601
2164450318483771
1461431908172886
3530886116012776
2589414009320775
2700848095847028
650222255995326
198311887268820
198038224443615
181979175562278
4721179892064915
4877180687276535
399728213195130
1707605082800100
1087850095646601
3862001171447056
1849599848677581
94075129660078
50207399628121
916859551024431
161016294878011
3399937987755480
3515237137630926
323695349342001
4754593317129211
2013096838657365
1121415252918246
3205567499540266
3651072355222578
1177532672699620
478238535665166
59876588784610
2152293305297226
1259186792688300
2831878051571415
1792367079074925
115376199578916
4915351483729851
1419036124173580
68798015963911
4132427733736875
154757906471391
241394268515025
147815055620253
1812567048582241
2347833461164516
4384287398563446
2217950932193461
2004079727715351
2701470350787951
555026487132153
67430298044775
2939213415069550
600777122975403
627879587669778
197254616635896
2247865431097366
625776907597471
238247763572253
3520493263386991
4594390112186875
3215551929732366
486778205340045
2183844750903753
792232884603226
4133995919732251
216220202712801
799935221311390
2987963059314555
611496663728181
2355002247814128
81079905718701
2248581114961170
3214966298423230
3475539194565628
1300391142778045
287956981606528
4506815139079870
1411813877469471
1141689565492686
143475523798635
2876185405936305
1754063251742080
1443002977556020
88673421842866
1706628810208686
3911582506776153
3993762408656581
1477977960135456
760587772032375
285374781861795
3384980728165200
93284666372241
167637104417265
2046699694461360
3276454366575741
2013550294286520
114875426059345
2019404488294500
50163348195681
4650145127475078
119926116637866
4277346879135078
2329324017574905
2539548696304791
221735212546953
1411611004567000
4063115906791305
3222922945293325
4278588021277515
2459872680911856
3643541290006255
3089043234023610
745476845512015
242300756386611
2567441325343560
3918561828214215
1725459638110075
1794025575708996
102755193923161
432827645151210
438557622512646
299021861789778
824604588569196
4354668109653400
2103352302002941
511536792813481
398492577293275
685402375704390
4894353978736050
1040017672613310
1913623924672635
2812611113597421
1538814452166771
188250244254010
1806809197455510
4323877898874705
759384638751745
510219199161451
4098930639493861
2693248279941390
1061119647284796
3412249626914128
231399711831151
1138330337533795
2813308145544925
987959058070650
459142980277761
301797549994878
702639252672490
434779874212551
508584738392965
461668247767378
125900512414680
4868425225952940
53088747966381
152484218026185
875485211813101
1636290991630855
353696441034511
1331109286873086
674944092469900
4815711496907391
170182809724500
3132267893270610
2222841720946861
4362955751722578
3238349292604891
3767768467304185
1848549314312106
2059534948490190
245586817970703
49397660694595065
472292865575541010
44611964982679375
378054682633079271
493879570845693175
118552921370099128
374938966498855275
55288642974025896
363928784609360895
224063550022292280
328641699004368366
12957055070447901
384950861557536141
64910631439315431
21598575985004635
87308094468984690
242864934663774528
96932511058110211
83018627465369778
100407289693471503
84999034758246531
10728949951474128
69700893254690841
152062285146642060
98674622784362926
108302191301404920
352425681520067980
19099150912684011
311741078658880816
231825261591605521
418146676434424941
268158733094961555
75516125653585540
228140071306509286
78331159393367005
9395720569462503
99633956293581031
494283721484838405
11795017696519960
31284399086170461
156682102130178306
200699716824599070
201887219272623921
312732405346502778
453949206204540061
251144904053044485
109950083466812511
39683539672675795
278030818891904715
126672637556451561
214872171295694941
325775057196552153
7512448981132095
163825322140312680
16037904867149028
264672739726535826
46080456924602880
357794141270105841
228178181066224278
131024785820586976
397103964093075403
93857443727779941
52174454850389971
453896845508172160
220232912174106021
195698396987527015
341240962472876403
287442934941566755
292222534711037556
144648313872828690
247912744090033296
171878341657260615
377358532243066311
270605986262453856
28116025220406690
135378220313718271
128262520469054566
406052898179555628
133518621284513416
42543671560965226
16537796388222130
72525779096376726
103570037055720703
28510336228825153
68526317295354115
312574818795205176
251792344045325566
76285844550980191
373897505304626820
219326941862446278
68061192152635956
22857655139960355
21592201610052451
295128606926757066
44816185943284470
28894907220499881
112187967744120135
343199838785035078
147610702687648221
28449033613459903
210810511293345316
26549363097948636
322654640038961181
34843551345986526
205735733609637153
133110181826246778
361614965258146953
111632855483865066
334750133311685820
160117093719870771
239224796729579286
7056098511484296
435474777590054371
90434729040768750
20026189868255871
131838241456516920
387049712785893003
133509704800603236
296252134942198555
212125487024252805
174962111447238346
426691959414191955
8817421807836876
22027219521830271
13957115443475050
254102859856941816
61843838754607755
433375046684655153
34991367285396250
60773876618359521
362922065171251680
14928990782458753
370337459931599901
8357579375729403
395601333515334453
12720441848723091
294274565744542461
11131659035670825
264538122352749675
218220970710019101
289361652507451153
8265955283154003
255322117699796890
358212932088908203
97246077186466981
434298330929553111
35277553324481328
290501642991898470
482960298936723310
109841969861726311
66756941373755370
87939446840909076
272295808640787795
372543228220300371
90671983928802510
109876926751806495
92701008280402840
285923953453490670
137364911698881903
469323803005745226
420748816104285900
107396656796439010
375885825390404616
42705606253810528
8982067695637128
225614733989904720
288421574507571186
137653770244301235
21548248381628403
162099280684840635
153770513840086653
139787199165219081
59932981771986403
168322298692852431
423394374613809378
303942790502430225
15717560339364003
61534133430483885
5471643258358530
368575814525948226
379720485407970960
215055291331547695
44138762780215470
141780531643962940
74621451634007895
410595400828981005
272378556983193396
267693059994203220
108428541193350703
70249302894326766
170803411339101310
42007897179206371
15281050027688721
5172776796382965
227761350358917871
308189154914626546
72808845167449230
95348450309158203
162843905289222046
8397115220510290
309200933789787903
82765117748063556
252099491914288956
57444223559292136
220270102164630378
187648649058766015
136415089849986870
23878698919925130
113132562955541130
11708902453399606
425283542525150830
6544326776381031
438685627741858731
61095734481597166
206715815411712771
291594001222599246
73997099050359870
261501140633669061
173634324146833446
81260635306496815
162908501890305753
44406892251750736
217658302903949628
345135020938615986
8245427565654450
335755051725648600
389780052935233555
95704370785304128
337733222400400996
177156009457593796
142448220820766328
274692875553516421
240959729748084336
261236548640026515
9573484963624176
497791803963499480
61956389693756685
298692853766357086
490886392268657440
466462408355155278
481660459589290411
191029734788367621
306960634544516121
391831787226911878
233149835220628420
45320593225114378
188941312610373736
393289359480658278
78573366609901878
87958587089754891
257986187862522706
37975079345123766
183409298699507805
226001232305331255
92787972055167480
138059005495243150
231193917780002040
179964848616306166
269111861216121826
240320118630705310
221842173408613075
149842359780156456
160660667225638128
8952853304199321
32767426178512161
108129076257836481
346059250298001906
23610393713085735
290270824430400703
134580633077444653
109869865176763035
22856109095946561
432600818692365246
246971682135590490
66174537694858750
59221345606623280
122999634854222545
73995767993859540
39769474620244260
299510933444467935
165936515706714753
56101875475468186
103856930068102980
23213843492125825
200220168661113681
94472285150307378
15055558685215128
300922138492485796
9254904852364941
245674099296731953
24112375911907878
54391157600877261
353925740173735450
362369967778955755
60262077068997216
47015455201257700
206728456719432781
446712247611805575
161373105261598665
264146020643125566
319885542636587070
146854859790827926
345900508381844730
491473112732837235
20478726051827550
9484023839345380
468447763301990703
6997382833488075
31013684333007096
344401145027455816
58941764741191195
252686053473063255
389486949801897690
6249257158366635
117420787121071735
247590418501451278
195026712432458878
218100482436879640
295104213709403203
11883296966289931
49588601151273381
14902920380936721
214370215354431480
100814899719726415
493672360696724791
203437223415208278
29310411517386625
107452903396366153
229648552064300271
229678394163790575
451583943535132785
76591858029528241
94936067519505201
231520257888438610
491608756545141126
175219136964063856
70486454271039436
22604642687843128
165785687940205378
82730035591909695
24841474673517726
10280737580122815
9056541664977940
50539292739015405
416558934162098871
367690864114668045
80534887701152536
396859423585954500
78857638869533706
18252848233632480
335034487671865345
27734747468869378
59166284656432591
33895412749395541
392564927305805880
40272587218104153
20783217813251403
223547078897523501
31469044880873925
119784136893532881
382292627808409311
297818152820812476
75045150240223065
414171267742981126
16522958464272120
39279880272837511
300019955691486096
74592655438667796
218151282318758496
145261576654495003
68368453546636491
157383990227069385
7898607151046965
157635460358138916
355897597871697903
47149538407497378
78423005355844995
201656274513344778
92549596964669461
351322881820610721
476865711853226191
73744286147282845
352360148121386706
128755277602217731
25536857017789153
293883019957078566
244220995568974375
220398198496987521
70956502099258600
479746180582719645
43736178864989691
96490833314613291
207138819642786496
219479259084263181
104239734213737440
199925826463994403
478844633324228010
493794904497829278
174532317365368581
28474111119062511
159301837749381328
405866512738993503
80558503581731365
163060857065871801
340530548178777411
317968178313911931
251013248175486621
29109269888314336
212560829801699653
83252845004966328
122319003000484153
446580237806332003
12280624413761616
309647473937280676
264731769340107378
285911610031937016
95587104340469085
192787650809678550
412888094264727186
16721158346678215
74847883634681878
236528467472350185
290190440748378115
31829863891021615
417039776900257020
93690096898780630
498598358179146625
87980008838528670
430897180918884400
446590316107561311
39660668580876580
457753357978892976
75758813739142878
128420554337814453
405554737879345530
245503076736423828
380354398998478653
44549773551499128
491423889145879410
303325264207681716
105305937610959165
64682273578959361
112542863921376015
99527305528374661
227498438003533203
283317981338425411
6789820358686470
412170923372458278
124412261751495091
169695265957823970
60961330002815385
440320408579324981
310286297358891451
220775560905338146
105219510460302615
297701190262786866
189089283540087876
265417169889673945
145706278895962905
60727164057194671
28053377847370981
403267247278410840
60093287071588981
116595812644080078
70675250226961005
51051273762493278
32360625738909903
344230943473892595
88872044505493915
343737571816420236
245025504113699961
189608906162914930
329400273524555278
143124534810501265
325796002409606295
436633602223770615
11666635250810403
70673502747378961
303266549014557726
87212052348606640
341244894011374101
101861422905136128
8112411023496471
40442915585237340
215038062414894565
98333039746037265
429832000655956801
26315118351928836
101966947621417621
377927329292578731
12150578933953041
300282472988106885
34310724839156241
19491861325502280
310136896153307251
208377643994947911
52723127579843386
459414458925738261
202543621212791046
46257947161934640
376446749018668903
243025495096206378
125304382321933815
146351242563640296
40294319948937036
61139437514218630
54006490377665686
66177469576417836
7475298329240028
257171680338164046
226837243212097125
113738694571040253
45184327924299301
257879163986000703
196462547661864000
450370039236002901
105172591552677820
25275757455663120
372264340828154635
91319114521324711
23895384332583501
256159635553874520
83968236169639128
138221645135555631
9650224031616378
174185931554985378
78184256100212991
191500377281474878
151040811955042101
97149965040271153
461530207291994946
90323354188607491
339459584542624855
56964431642358250
403136762490047575
28099668507084021
185177236629325461
89656783739238628
295198534717059501
155822689900028850
215889929346637990
7801843698796560
170036603447259780
107685906800505516
144453998170069500
448274034198819753
376348288634254126
389677756661077653
130462999225357380
111035776805996955
182630068653052576
304579997706431800
15133224163737525
200523495075830695
380561944825702585
74192031332651940
21516470369037225
186904843352124976
109453523018438028
209330391476160136
110282989226771026
11473004539399101
57488024501880336
171746261369884776
150248944512825003
23510416978082881
221747697036193251
323701350867499191
20407045160862825
18374719227873165
25974929821619521
296017773017743491
53722752800080078
186808871412899505
477880315500490995
432049602638036295
138980540383300440
433119640946187495
354777066601940703
171101076603161628
100455968066668066
66247512422897130
100006954739559231
446771865025805410
82659778930210581
460438972022342440
237306607756879753
18539940126735028
98331948368178561
189631827794396296
58855978061494680
284222742168365703
453936666955772001
8909647549994778
5165001211693890
28485791989448445
20904881437518903
115583400471828828
50592451334504640
265096801956009540
