1
4
12
40
120
377
1176
3672
11440
35689
111312
347170
1082744
3376960
10532277
32848693
102450432
319528744
996565680
108149511
693885526
233879812
295262258
93795954
237609202
736417054
238646142
220287065
226297299
515047818
202054017
763232899
865740457
304919274
476721439
476273452
873760756
664496925
575855860
811941627
216252665
164308201
517250922
359282638
270950592
709343203
541322027
594438871
736399856
652083415
209882067
523578651
639362430
535678262
502867605
471846391
106737952
872222929
603434250
615698532
39016838
284981513
151005652
243163431
903852205
575064205
766743713
666186706
991629847
788283498
134977151
194355533
863401529
164738498
201476171
534539834
792995317
214308821
485057123
990748149
473196666
527612850
937240902
127978662
762231941
372955973
664246415
66872744
337821306
384671043
388989876
316150033
12015553
996439010
422929590
1094917
955557443
272547172
322993430
888415033
847255723
600754552
291824335
556705305
436282303
282199317
593837219
141001570
421214154
265643753
966598861
25523253
958264028
714996473
347275825
559244855
1828560
544649657
903079616
969388841
919813720
471080016
829382810
641295114
860333803
907805960
149579034
319568593
655445648
830543724
103083301
252409961
889554243
234630976
976234346
28862960
337249601
98343712
760854113
735479569
612867594
631366115
49062318
84181320
374082837
769108298
507667067
256219096
839386549
876785032
524401271
410880661
995051967
901690338
775837350
229111735
646459521
676989858
928702383
552073899
587341281
118952836
841755932
251580305
608144239
413258703
905291673
534579714
271795868
922735178
884750076
226126970
250324756
302558906
569750006
834048925
969112755
958004525
711032960
83065560
947391526
830641154
812965794
192140667
424179570
445163106
214862189
35896376
650791002
400691835
723071105
20086498
656470142
519032197
972046383
634527512
503086575
168548287
695587887
651026161
545312277
830098623
507000770
139266267
25929364
228640481
666207735
893620880
442960698
650977220
662083614
226054429
391462843
525522280
883666220
270872842
101895157
551836021
294876775
4848917
328516513
186957647
702192675
207727058
500781486
379277639
532726053
642898076
509005388
71306152
346487676
949752527
32633996
40131050
682033683
884025846
330182085
78965719
37789273
45571266
181204518
205249950
248505321
522541371
620230481
26274473
383950821
721468128
373434532
733392515
721892674
195161339
748132295
461592194
523522958
409861888
812383504
606560444
839493556
598704428
160422976
671238259
859758462
24215279
555227085
224173896
135622908
755245529
740781758
794690824
541645024
69235878
457290093
444862145
31636220
683164090
961290594
974555991
720566395
44795354
144140911
956814814
455743757
588920341
996750424
985951508
376259697
465431875
612652058
312388045
193729234
777875865
284519806
11797717
978002620
718423220
14397984
635286454
410933218
489894701
66796082
702887168
67115829
137688499
528908068
928108402
727264379
854497291
369706717
105655607
421996864
362571385
994341193
610195527
548463259
653598732
415336097
173279036
466519878
90763839
782643479
389407883
274542252
908192728
62722373
824980062
881222718
268968668
796068628
925268426
707941734
568610607
617125328
768661987
269032167
17628714
294467450
487038208
547746740
874517364
118533273
225190565
665740002
604178871
5451485
891926281
926314480
889674693
326135121
351296576
261502756
157837545
163253569
440238874
951285583
480778211
677440763
356071903
44093198
948948875
30554586
886830595
348015568
351594819
510247854
139897214
676558687
174307230
517292288
453313245
779606629
82413069
896897452
531425012
169812702
412125436
250923263
4937780
786787955
173106390
15703340
562187772
771806077
744295392
220647540
71338914
425788597
895629098
690949283
400324429
639341378
617925411
727426330
589263719
787981060
897776632
157770932
722710883
853484824
870446165
839317243
955707857
620959602
726740796
438408560
458593109
77846060
423584977
707176625
813328507
423654042
188133211
375223976
110593188
12551313
396771406
680835099
952501576
911754465
55885462
922138939
76612705
362949167
687509680
26530034
278363748
121307987
998508724
306741590
834925585
536536327
707308986
731517609
596763475
610919986
476610916
840270336
478836386
991738480
583822840
994525409
570874252
137784217
783790055
666562469
644464236
744271650
659969170
339283159
229416244
609381743
543025923
330322879
845182628
486507907
82123858
970320934
803274054
448908506
496923712
266583955
376886337
911948067
117124343
830509910
335823351
70589676
21376513
966763818
692208128
858040865
46511749
379263914
813560869
611888799
737812682
119309690
982506128
704924433
193923610
655544562
429918580
70734705
300920944
661544316
64472846
794589127
995378811
97493758
282286876
369831246
872335252
46835245
429038224
707553692
592948523
520178673
777775581
470475862
571712493
546033304
839709232
973334483
9048897
989416601
660468821
547012404
437860620
904122546
853060263
417970914
268817957
818129377
243909011
756084056
377329821
168567592
147676427
718853357
182667917
628684997
821605795
127295310
79944474
529071015
98685773
416558391
77499580
568181059
723033307
170462856
832881811
133027422
489718807
834790497
992034771
772703085
457125016
832108925
454064607
120832278
988553183
975629381
256249286
842335065
772592459
66666705
225164096
424344004
886599052
218768297
305795537
746840588
808298165
382642865
358090959
742363284
292160364
858821450
349354402
314908699
815940049
196319304
659223561
751556033
167744772
913176608
450407769
277022149
110639259
213989160
102534754
818628673
666301026
563631213
181144465
474045961
553402233
798850585
466624597
151932906
100589758
806158579
490698580
328142858
16796713
698291547
969439201
642959585
188912100
806833961
104996946
894751919
62153753
387522561
592962651
301445518
276962189
83186205
567044713
569592367
63531374
637589844
518782447
829259956
737197466
142848882
46881503
379500342
816648153
915088779
858963890
4224052
148507505
698901050
345087282
708748969
305380274
985409227
492447874
908206726
81961310
966489677
252437997
38705657
145208260
29805854
600154394
904979459
678620292
554657357
288597107
470591809
32626441
368126136
965632816
982406651
677681105
971903858
322362345
389242538
257785153
510524390
484033894
953807551
219716754
605278953
618044644
126029322
469655741
292320503
725202777
854577
492148798
771298287
703078681
432856760
534861636
813590246
282048212
421183978
851981697
536729805
851556470
380945038
923597507
448781073
644684596
95319248
928706944
823560193
532435264
982026220
68182489
912582048
176588771
899040951
457438686
446353969
92839081
553372584
434853893
821766011
67534127
797624687
544068638
95857998
897567983
862496633
147873814
297247312
955883757
890186107
580508083
285453981
152490246
199463185
875712624
766256366
939145665
300703277
280782490
105943118
831548042
769908135
598219407
598618924
306319403
404982096
865453405
866366671
320632775
713902014
751836455
815559492
667343169
149008990
109603835
340557663
369063836
579123815
294462424
844873797
95186823
597166934
354427891
412768705
374275596
555011582
65865854
52275871
904126527
674847532
929771342
592719247
474103679
415958958
29903232
101984973
271182726
860797749
116812202
95664625
618379085
624131751
288736044
409757195
527157828
360263499
235513531
491561682
585639350
251172954
230420442
562209032
125001745
779186273
331033434
483918746
248569733
975693391
212185414
198783468
962301491
946345295
589178835
637205603
277254610
136574154
931018154
2213884
742496978
541737270
589176621
271580277
13676406
517583750
948747590
12074304
933246384
510954722
408351128
974625745
736105637
468626336
398883016
449362614
730232830
660708310
686379032
873078136
630769109
410762190
750849719
904104355
425372514
593715305
446393381
991338306
470690493
199532520
16628741
917534883
618233642
932720131
102702650
325281580
378574748
911717402
893291051
304976436
276085808
896325950
612357576
301288221
894065327
515904969
569488173
931695588
466120562
829586131
222819068
389825084
701415372
311043920
354239878
667777088
706992878
763808331
922839198
696163052
834228929
899975127
439498796
660309402
395958946
973370842
227039354
869471919
428921687
573612781
156126722
383926486
213806010
564154566
905495469
539106814
767168014
112614735
574459638
804018978
227252152
43171383
308554730
545841589
132007727
328910956
357290507
283983327
116294147
50638928
630871029
960480794
103500337
406566446
687676105
623411024
863781298
420133158
950419427
275600868
48663251
453426749
503044260
81307214
924096141
55024768
791268495
142810760
788464376
152555128
564327753
465693402
561765668
523501969
955578280
838847050
534415645
827515787
206765474
346906378
104134722
473851270
297316775
628937004
87998370
869949433
429764852
775101276
313483633
77494710
604784027
290287259
944738635
153410753
288485050
280959916
701225120
702547235
790091577
422241904
283750391
506826393
198692992
679924754
48676642
848311879
22296559
672338696
231543286
484999415
988125773
574089682
980577361
509871900
135752456
866877319
78558796
835553043
622798372
302550622
896752027
425337010
37062486
220821204
727088352
754769012
99730861
134292609
360059645
174919362
872698661
866567427
268650722
419729755
174654757
2447646
309312413
665857532
664733894
790674768
849494033
890326681
639919841
136088294
725341513
354009737
516477460
882878058
685512107
934743730
644743241
214149890
715732609
640140538
843181642
188428780
297347173
545527502
714952382
39763350
337286343
303392304
902825875
879925858
939094957
873273645
899262477
952585488
388615511
697898863
763089062
720031074
626701283
674104249
611076592
88357043
139283570
972101904
966059882
702265123
886250877
743001966
891604536
127217044
490485437
228461283
985488225
288707139
341294642
882749796
887614197
42743139
556968524
472363057
990422832
895575929
248757504
902341831
537159636
861746507
427054174
308345379
541537945
798992787
294346764
449838495
385581135
720714481
378538987
645104415
127800321
694422471
534266868
718151977
457035690
285759947
713984123
117425323
331911296
1684387
678084523
764950138
208364348
396210638
899947998
584707403
707735962
137324760
993428211
35899734
574168215
253461429
38280448
212290097
71042164
536107482
162432616
480778070
828614507
780330568
451770760
382480096
313278156
504713253
893123892
851880829
772395383
499812924
890772368
311140583
631727944
93839768
521337610
929072264
549411041
738434402
196868182
779873538
60210354
888287702
178649471
322218837
342803965
710346783
930542099
709173694
221366916
73607139
375916040
319849176
170868376
531188236
978539227
769040912
583898971
508558992
560323719
866350217
804047366
704858833
949583151
58654271
523536031
972835866
501012106
25375637
363373951
293368715
849451624
802625598
824466158
720121219
491398696
879473285
10836977
334770675
367530990
224415976
117334897
685262586
148430569
98307861
624742486
136192523
253442993
171968723
696998428
189248158
528903604
979157834
688831033
813261701
124759634
179556967
892953534
410323433
221554129
552650884
659468577
622317307
30485444
574163399
309751791
747763377
145717428
464053207
592098309
801182353
360816856
753817599
923399651
708873975
157021624
625679814
986250982
377642093
616154713
314863625
674379307
946144850
991190150
588612161
601788053
853631806
716733211
19190307
290859466
437424583
281537935
166104551
266110981
798978087
133369043
442133386
229469705
801497765
907277880
234315858
503704566
684808691
878896046
142800612
376972734
270657901
776600798
998651811
138195817
532948156
636089007
402609686
977824179
169176874
548034820
612785487
822469657
143019457
724759308
118275702
713884374
685876935
354123618
651029472
786946102
723997593
82948416
513615743
349352927
892564202
177890187
208930853
150741653
411848048
180205276
274410305
243484076
558914123
580564804
851896158
974677714
988642627
372616562
142644803
235563158
343005016
616641665
309391148
224983662
934957469
605251348
928131008
305504834
8862413
542452435
520139824
384948447
296377073
728472547
171582471
548161586
305955863
681325703
19434191
808046518
981468757
613783861
152715365
9086625
54861904
370248445
229403718
177014142
432858231
746245412
11230646
804452543
518932547
858335056
866242336
646352942
659256472
103486815
805821133
486466148
453912691
614530265
987690461
432057398
59782973
100548069
151502335
653832116
926630521
230655634
523902547
257441403
100132334
589620193
499860951
195274037
65051699
730015084
916338217
756012413
941730803
739816722
218105602
238072472
788613091
324729451
880340029
218371825
309414183
456825239
240021890
241226789
675315773
804994566
368969214
93502487
620073734
382444906
677168424
989961920
671770257
282569819
45015433
553242706
570128937
43139511
410623789
115905458
716260057
946109618
924394214
630273341
155550915
430930258
186622928
999062329
361278143
636313859
919858131
687141487
137430937
359110864
954093711
235337688
772625503
498526557
762603712
483059712
187277669
645036313
376758127
516639428
291871421
745163711
255947570
507108788
910993248
283473991
425157995
228533690
852967046
738467539
179872830
882601188
267517450
373668169
827368640
118246209
458219342
332992765
885746295
669546710
193970560
553412828
308543410
224150369
771633011
790202755
725737765
958819352
620085093
543543185
95311150
289993382
31242338
104245127
195933326
880660284
838746023
336280875
397607689
347995848
364552921
543314253
191885763
627847869
994859426
515838738
758083363
912962096
837240307
161910000
470313617
165092029
959761005
372402704
631073376
6003050
185923560
518321994
715364231
317687637
103144523
351141668
937651254
562209238
957456220
232609516
326823150
199700809
53995910
432727190
658881958
561949428
413204756
929221061
297047156
806879050
974146011
608730744
696951345
498026755
238307966
348303918
528545318
623638048
362969450
626896505
359609743
979311882
861481440
422189502
59414301
909812487
378532334
671789867
52118002
954664835
436488171
887287964
927307845
809484429
1294011
231284107
819472221
797753489
378840965
334210960
951406348
662569988
779602407
624177777
889874680
646265492
489454054
428632378
871591500
376153637
53035677
472897126
460133895
377006203
484428410
695290234
372999698
702942543
620794790
910142493
348987881
157687249
572260240
934115976
924389123
436695516
231771575
809960339
906832394
123215330
102648339
827504335
600641054
942391138
874074179
12754458
624357650
744316692
598746253
780948202
434559524
369405771
115645499
826622755
803323885
565278439
221093839
977501862
981454215
930359149
197905766
407080979
844810540
517302704
729230292
291614366
107729637
360343202
420804771
619627694
318288571
878303040
499713307
705830274
152436997
511814071
123088438
826174816
890524827
247835168
579356985
574655607
578633941
144234187
326365053
131862676
692414214
180606654
905362067
847115786
570813586
259157282
380296603
379358512
11938194
887386119
941146665
311929239
97938154
249594350
980946732
171324852
499538658
158422636
622747337
383536363
368623915
945059975
523392853
828372193
535705712
46477506
810011239
656436344
243380051
797378919
162427289
701296705
410476734
547507119
851142264
80601228
250588207
755907464
480919221
473585998
831797782
678562572
996847802
209948595
770019765
741762293
950004311
292177898
946282579
571759179
920320294
889685006
655212175
934511642
734915110
931583130
785830603
452982894
826620399
667893065
82901331
695891179
70202995
879666879
865664594
128690488
494935220
348731795
694921990
623767248
180711029
338245505
55976406
448947363
572109319
614865162
978635264
394557804
773364588
467313059
862978990
893346524
264432977
575196478
636272018
765159283
295818585
361265835
570048061
862945851
484977379
123219601
137701493
213562882
167188446
922423366
700924141
654388856
534573025
685993749
831578352
678271956
686741435
470301280
946256624
834970021
34351041
887903279
860129388
897489945
224758536
563403543
14445914
410603965
839334490
125773487
922033190
128623987
805670453
219158311
972778871
291017708
426538329
293782458
854092833
222061543
876388676
609349964
958541742
339155786
750614149
480017869
590542982
437154392
905501191
958883998
834638498
138072876
119547505
426225317
67065601
304811452
272062050
819526089
684952649
230886796
408294366
919715204
272314414
382996136
673404008
55178226
65503677
962297418
760865132
355414932
460833746
850574576
695446482
499010292
794746002
753437278
109218516
402505612
515285811
47161366
902635163
519208827
492158374
406903901
104657379
260184899
933109314
229628726
169609844
747481769
48563184
632247434
788755435
453383623
620056825
425985594
388127237
238827145
184353178
722458527
659386782
511963430
346382790
186865912
968101729
704659281
785007883
167662037
729994359
607023503
686353504
723499373
880786542
626937179
548557175
499239116
859857579
814872246
187009204
648974492
683246019
996246056
441412598
626508554
853162127
976987516
589919801
92250082
913455698
877672905
724782804
295230796
872923704
599119518
400572259
889218561
383064396
948553368
87483459
13096184
236032369
380757977
345526391
130695757
97998432
779543953
716672112
972430773
902255097
958937691
274232104
622319579
776393435
223386971
951240239
513331926
604629237
825779395
240073
458430432
52105229
760589130
241949646
290432354
751141636
120981133
423665268
702150782
984579881
985581456
922831386
354279608
588728399
696469014
354085261
71976758
594911506
48206178
194695541
743760856
76153060
316584932
983744237
747100397
805029314
293703075
419520708
404784743
303790240
217829616
891595167
555686881
491835079
421658798
442798081
486694632
34716557
381779422
254750757
292920201
45047966
202110404
596596687
686460477
341820100
964999084
111621656
89586675
428169018
113511477
85306813
627701893
236921681
506444874
818907850
435104378
157393488
196459353
346692327
727249867
280506348
23969876
525031691
796515984
43266891
379552617
11956238
396838502
452864861
620755760
886064498
919561862
230383445
909228607
978066973
920210464
111019334
511513806
792521972
463538046
546426062
832403053
755403657
176565367
592957509
441322604
85585150
893265714
549626991
358337669
382897201
323707253
437025644
546780318
379077910
61273049
67613403
821884912
217220233
262747431
614950221
144679611
760090475
81954014
712015606
914457768
45690622
784814385
788125831
718466721
813425713
803342810
306582970
637194231
397419834
780833453
27541632
250442426
848986914
452771234
379631642
260101838
49442708
230688651
929652552
462508546
436965587
162988525
30429400
782225131
886336186
373742225
834965311
44252174
243560550
171851961
547521813
74919935
572267249
803132731
786230781
137471528
956864963
168350875
539216587
801366435
974797281
387221408
233625418
437080446
42758233
651628969
609504586
141044411
835222842
423456135
588115844
122237426
206082878
767071431
58797979
430443460
562483508
608612837
431390698
965769111
627294464
620231171
26194338
252100039
737980825
957190897
164516235
859397084
744775093
377223283
280590415
720604510
181515250
347370761
450151526
394467811
330187937
714445419
465778963
257929109
368984723
20315828
700795786
905218097
989764286
207664628
339115563
94870506
414727273
314409209
843873292
561236099
761042012
45839624
700538643
370986245
394392668
923480924
729728908
901872316
796693794
912333503
763578643
434873460
674590948
779477486
74092545
507213886
770029793
464631853
357765791
139595807
190661297
197275856
248964896
456491749
670570362
843094673
806364533
337476440
549661782
551634056
849240260
609728101
543721768
752675123
376194502
333563705
368363187
750486129
384141630
261472061
859154849
894606676
410168653
622843776
446241734
387960744
43189970
784197820
864907811
711833610
872851384
16508475
545936632
653404062
766376916
600514202
184965783
117692625
266682887
513941795
126455615
971550868
329439847
648877519
59062964
307479013
186378476
727804843
795696593
845739786
692354730
372341093
519054311
627961100
938533183
73722645
590937984
496777499
137987889
40133566
773403387
45470195
568195402
233476641
898721562
461149848
171941420
640597276
816531190
859141054
263400016
621729877
538544908
648101291
50973934
395053664
81177212
439566913
696753137
541201407
930695087
258761998
423112160
222276600
353005205
400936562
519604462
731435210
837832210
625109923
410332390
533377381
305049719
672264138
528989357
822872820
468428345
912247967
634509029
406298640
262943166
990185012
542992768
497201619
48183353
188896315
583516244
626040126
174190227
213171931
753430034
45369204
751960608
286528540
758620369
634354054
504913405
629676962
148204439
815065695
566855366
771265303
37605302
432342988
789958490
922338435
928413032
637226106
275247018
791479135
943419427
593524467
95310707
545365959
491863153
623156656
299198691
257489349
408262174
922648529
61097009
779082740
225823136
544519981
374035433
740843073
507296890
389227427
394262787
522467977
983059269
882700158
732804768
368532032
613451285
976672390
295236844
282864595
689873653
122342758
999225203
548480968
771344246
110432268
107503069
469485215
19517905
531903336
24955258
272168769
23318528
634061023
374245948
104176805
261969277
490785133
375099551
414955293
145086206
738792585
544093021
876062083
929822831
554081257
147000830
924989991
484359672
218594664
55981058
281108776
885120707
256421011
406721176
967366425
749515266
78141315
812780585
992994659
421151418
362170660
226623378
90292752
264759540
37778871
582083688
448894925
656117782
781282754
810904740
666711013
184461989
803586477
457193388
842044308
25504451
580421440
899110496
821721270
373310681
763123959
489579733
224229385
802332885
847292397
712963364
655844781
738533765
155261989
72433612
585207820
151120059
488961278
939958177
644299324
507364758
481069612
102088958
677165176
277390728
929652936
145646337
225495385
882748943
549838515
567505083
422354012
107501816
15567311
710692324
905878192
920968819
301980479
663082898
23300971
687954990
868304689
452212141
497275823
122422620
779127557
717769478
328322096
230671266
876655009
487401733
121411079
487570401
596647148
818031426
626601575
605854977
842096697
434722757
982613000
331522697
745729890
378796796
270191384
921771894
700020527
746654054
235469923
492342859
431400141
718270372
331722295
705534923
380408036
311382953
653879768
692996002
334145129
127879017
110766837
673791375
168016597
844512036
196782657
42867857
445626878
357995381
672781464
187241477
667137261
967602130
878256747
180554036
388272357
587210107
980665616
954775062
732855633
630784484
291491512
649130913
506498016
134844260
276795299
926373179
14371276
8615486
80122985
834439874
496067226
588512223
443800192
41355496
919376222
325941801
505542694
60763699
562446936
23771252
946610177
667706239
37431534
178564419
448379789
761077411
669905128
397965547
419105294
450870028
269454556
215182293
773734219
931720191
651246534
272618342
603012250
885274396
30172346
335105891
269322817
20342361
876557522
931708804
91339392
477999265
633949994
491291146
724799582
766162680
818727569
628005486
244837340
622616305
1793365
379579192
178471300
924436431
230697854
151147536
427340155
511114214
117202489
915322482
215668562
825700658
851401666
419938008
803714555
719649606
390798632
805898122
388734594
726443092
371523289
317205606
44475906
139729878
462642160
792126205
124761358
588498089
375609533
684386578
515178020
110883091
825822628
746440321
710467527
574506178
326466816
563160952
216937523
889022155
954440295
791831379
730556415
534070047
699321842
334264695
48931415
500333205
908643491
815941232
352871377
290504206
477560585
116756889
120961392
635435619
976175642
485505443
437547673
152192753
983589994
59145503
339738408
602502092
630579732
258757770
29925462
518485703
302183845
258033793
244700819
839299439
286315411
661710828
775925937
447610563
442708209
599318682
218615878
839291821
19974519
747162581
345688007
126410689
601145846
745309389
890906448
152508823
422627204
429199801
852121749
96313679
688288062
761378118
364375708
997497155
351270763
757538776
753331051
341867367
452388470
866975651
119004784
740878570
963473854
274662849
269403083
802666167
294324839
629984778
740274425
30561064
683114154
754547988
945647371
461854489
415018548
972041172
289695376
193867502
772274252
42311033
697795481
432038644
499267588
196752776
424231826
172047846
731559342
968360002
437149653
905172016
606683372
88835211
468887535
4264998
981288833
488144884
716384391
417757703
681988512
11393039
582038167
611466019
592763817
750291857
196615260
882016712
384409964
174955169
922404575
109432717
836992137
678703996
849571537
727191690
57569824
180463226
195980738
169304635
689944491
910062406
767162689
567831611
262873073
810212068
165724640
582651496
491830673
285242748
581413709
456681115
856019845
150930710
520864773
258862896
934354189
31041194
111824409
858574565
178014541
547452486
75704379
791084092
257811300
22243831
662435607
21785434
205956464
55506175
185827539
295295062
746008550
291327440
721402682
374132174
213358613
829038824
840427047
165446959
958967121
507342404
400297370
718564911
613970633
339985757
538255201
829502595
352520131
570680863
300056338
723578635
801412085
594420779
734527877
27484912
32472707
363861992
683929783
570639715
875729458
68980911
370022268
792510634
252709644
946052099
510818714
4747231
756953181
510339111
433029997
138316442
702421471
534790125
853645698
718655503
890627872
786707593
333665026
727231846
862015756
967337574
562379128
595645459
593158421
772439286
396955882
256869974
755259316
985776377
758431306
376257342
58638805
770559634
380541283
523063239
888840795
221687926
41233759
185527203
63377859
846283342
489019940
118837007
973578199
412729285
905492847
773149906
846598456
969747240
108494839
755824178
985314383
703980459
855178776
858932789
37884639
651751099
759042912
3725865
275787966
175493241
307105848
185096274
978910669
306991327
734719556
773678023
721577675
586829257
969504020
343880077
468258620
734285483
73720691
519716267
255619760
791474590
56227023
918963519
264804770
639049400
445572922
997706997
403640895
62960986
607119200
889481150
972469621
450997600
83950774
31833256
13393576
103248118
829892107
23579163
619258334
558278169
240254751
753510044
414013256
898351821
791196659
684368986
189308371
408912750
691963284
278513106
270561436
487806346
73455285
831453598
317617102
559839244
139790217
712011462
912007404
818858237
53363844
55298623
727406503
516750448
528576598
427708593
135754184
923348160
43525813
153419680
798502466
390125470
166890796
608940573
167213426
462480134
49747491
660242962
429659246
236932209
583065371
735625294
927628640
543587039
772834748
809696331
542819199
611365167
940942459
28331688
581429113
979453812
324741287
663712152
505007807
565373318
146976762
782763753
284723906
394488721
233696983
869227955
478083035
72688809
28328093
137896607
629984357
36232685
524674685
412736072
838776115
976627814
130930361
433784091
479069019
436427111
161209250
103419762
202649825
39211198
496069387
415342190
990565586
950874595
325908218
234691395
454485458
598502755
228730937
163526879
463773145
674754703
237837127
132938495
407035687
304354375
914050840
662921169
385513747
391767479
921166592
747658101
58873019
409404952
900327512
481255079
448069117
905768311
671142849
701175532
469352532
803376620
247962158
790615791
686876767
982684849
810714073
390649639
849422767
4408243
202414988
114182459
654875988
354887391
171237185
841788016
520122315
581897214
988993860
472917493
924480640
43531010
779043496
190104632
476615792
124535044
265891633
505892779
892532397
192897626
732621949
431978274
197825643
801327680
89849113
434111666
372424821
861120067
844615393
774340089
743720736
387883455
229964463
64713208
293918357
623714895
948817682
230521715
89649163
255547639
534287711
712451664
267867879
672338812
918614243
500828562
72438109
268654941
891071406
432652862
996096545
299200814
745838028
549309368
324585235
462930353
497528101
327653517
783459788
916623759
374222879
839812658
250261635
449511909
270922891
871045747
139752681
282985047
726712979
200828343
88742817
796650071
67413034
65251783
792392763
957481418
718897534
32918099
304456590
254662501
829311473
810302451
775392336
458740146
3505289
486409314
105974210
72647673
210133795
703242376
575157514
652511369
21579954
301681115
258371048
100794312
49085914
445682574
175717671
628392027
135680202
318103102
959794644
643829924
617160532
248626431
624031924
697952159
856702360
512381044
647212185
441055849
98591346
819845620
49367824
830798637
72832938
120655504
501431727
812046793
983692670
674217900
955652440
35066429
948140097
208731311
773998246
803459026
319865087
537370464
238938591
702290735
588464700
182733165
6314121
227939201
217676175
900308958
39052071
346265937
753699359
287053151
803032302
956248308
417967368
661626597
140151682
326740417
816682752
507441464
576976242
765812487
341117559
58288900
177422083
930706897
812427654
766123883
881635805
283961806
447468980
868130833
313639343
834182602
320711829
837515003
19142859
801565011
196624655
736301320
156397056
167260143
791208597
174726863
875360199
883249419
437979867
639329285
40391097
198237029
418465742
381579232
293135557
276688215
248341263
679950718
271674741
130305769
214001959
744306941
737013956
755675629
880222677
93473861
633312255
785517783
567673096
96717568
608680898
856088324
185747812
651239573
505094944
775782682
385481586
918653733
801060830
332840842
134405892
556645613
960069866
754099671
534263937
937948474
803825350
900321838
514011622
201376463
942375955
998590934
461708330
831601677
236053683
539459547
4748740
159707403
552905163
65777073
483137972
229457309
261646060
359321983
524591816
995499116
152422991
549468094
715704917
509660601
822619428
212528479
200480474
526805386
701458946
676824819
967772274
597731388
904251452
545070728
953129839
544212507
175291139
425228583
379178260
383793542
971211594
785747756
973307456
888070537
595467554
491466381
650186093
401285512
381431661
938246247
147814930
236667035
218551162
584182601
259242040
832876473
231536215
167483206
462705287
399256431
703342770
706940698
762657233
520419729
940297869
64189344
922013016
337326470
664277748
532703759
161760559
107388283
780898283
719524912
627712883
275682340
303664961
768550446
995493720
72880942
936410149
634411747
778915859
288227537
151806001
196773690
619267800
851659095
703031554
330274651
527036712
820726662
595958841
288701933
21760415
288424244
579269749
785103219
355622222
467903644
177562216
980512318
532043845
833754694
947477225
395734909
832783320
921205167
873035476
307911602
759628355
686062573
69328807
521640407
381048266
843590841
405322268
712241768
943446429
666934503
390571615
151364767
730354681
946748593
486507667
240303506
316240170
446063209
687325808
597619575
364312083
324160993
943777859
725498620
127385011
249395520
370549810
895588454
66538672
806090851
310814563
982990667
277863178
476679991
867741728
809415653
221452304
774143097
10683139
137634804
515613878
682547897
990304130
105443056
424866524
288341332
863480709
876700812
328523143
286470141
976985532
75827685
51176073
752266098
814014486
642622893
662028750
562885469
249078100
847022268
163651363
496466447
55031734
324454539
335525594
9168282
156085266
741156897
392451786
264157179
487429696
551333389
85363034
795194257
269782995
418930935
865419246
132559766
73121371
809854348
622790708
541775663
972593566
789897191
790303844
850038395
875274137
862728686
236455344
594441540
980423530
221993052
103020379
829079698
976099748
92969572
405448807
335104495
814602727
993234325
121981173
791589831
717494959
608548372
984129645
374572577
450313210
856674371
897233332
22155572
250441072
994839720
539557878
837274004
73543979
787067566
23488112
300458964
725154661
643354889
322176252
186547941
172238684
290312010
195682683
44677184
872028359
536040612
612477244
914339676
626190905
725399294
774475243
477816820
341513450
671391592
45854486
858310131
585799527
201339410
718030231
739839717
341020323
248092222
793351657
244535765
276136087
35508739
420670080
797153958
337069746
565036595
627546375
409874248
844187325
890426024
201406908
390309331
203208186
544731311
412705506
858092715
220089338
514278101
743595221
175158679
943242122
740199999
589821543
166197593
922581142
522406538
657772968
251658886
589268856
314732770
827764559
51861091
884057515
579431188
967574128
928655169
356307621
227506806
687861405
424096974
462999965
243744462
151155955
396771375
750304967
246498941
612199913
124864492
40770091
125155939
97106927
3446976
240121103
952318643
71249810
395159853
384546051
158511223
328509164
539523000
336077123
925897004
256456219
745461281
451624745
29563099
413874868
660455768
951745491
682717685
994868185
49241032
13569556
429131435
675987727
591714528
656543955
976851922
218254853
782436823
267850909
713784690
225661280
576066010
169371520
821941921
654306945
122061829
682599973
755115248
985091493
184737230
833846640
320363349
163505034
463680318
622956109
795397198
111862402
257202286
965532711
787092554
346006165
712147075
684727300
750049441
478002943
706013257
659423301
777236792
832762563
480468057
691549826
932308541
458251372
172709344
458390285
575495200
463094573
880117075
973612188
539950054
299342675
737085419
768425539
665030432
799156947
686938552
262274729
471465381
888742663
185895226
474972495
297161136
367731935
45451437
508849527
350125295
610389945
251654084
153922262
192676003
708735866
469801661
761110600
493138138
429051511
223052204
299804880
630454432
696601221
948229672
917277592
768957380
638943534
266293110
140611238
206954235
874209868
446591627
345561139
669675701
611669360
859549873
713710319
319334824
196333990
552069114
984160495
812666521
691864105
606819111
997014847
993395171
347637268
374999913
956032127
232526595
626504309
456893243
382740503
833696039
505340367
999148300
718424731
516727935
436786070
678217664
990062491
317810745
944260224
492084168
585477217
684379634
944151082
439515810
457325697
378537609
347405299
244484508
414340565
909271199
746799327
288151268
388165912
857916413
290884228
81679533
882398892
139032890
406383216
839535057
702272773
425671110
886916365
697128793
526053510
494820744
855735752
432821755
409845667
325034396
334434893
630092433
638734591
864067572
373389505
682953541
155369842
479307790
649219198
820138476
681403837
218473287
695675546
19093212
223941269
379261860
470242128
314777580
335708346
360569338
61417149
837244449
145173382
344944042
903836251
9709224
844791798
771955438
286270572
848298635
618404425
976705348
724626646
943109952
514832375
815105508
340634815
776581384
220724262
311991382
684296545
647425343
255708295
853111102
187943351
535361123
658717041
172690588
790900549
482075163
871345
109968874
972974562
349371191
130758470
639072369
564743185
32967858
671529267
286544079
788365473
205509609
439020811
540340517
386637393
955112789
96582895
866489354
902160363
428059396
956839746
280949359
730145781
919777285
562615017
495393640
421099013
79493621
325329678
910293848
189137850
41152827
610238726
842071556
286385288
225520124
583379713
157492433
880056453
656388525
881643037
947118073
709528399
216873510
53558265
200113001
263784683
128624642
426458071
949661969
757774679
620954218
857741963
325636957
699368943
446868988
635600052
735132779
493592628
637203055
133461634
73949752
20006134
940441401
26681930
957028128
800046410
122107818
785508818
273998152
874683200
184556044
378309981
140933066
614165489
896491470
850705504
955159123
932786453
751533335
497938069
178975533
965740415
713956910
817394374
236647186
268206288
579633181
131362821
622217006
16103153
129610387
740566904
425117910
622519275
967479285
222210189
317652049
867061433
427610186
461830286
778638818
660902124
799091154
535604673
727095903
946281009
658854661
788438479
631989888
856683553
265026591
115469477
547709959
85859438
519075878
543487284
264867218
558424349
853326813
457140273
573047277
728254389
241015379
263463385
275753884
57657387
849156994
563152339
20397540
255756104
140674870
100365522
211063133
226678387
130251564
678535625
219001324
944305327
953999547
762411582
33496593
25249523
929377408
823383696
984636104
381967240
877065818
641602819
137532243
580988643
384766109
65235707
87823278
542535430
485394403
335736137
443080206
587557272
232698419
210047590
310717053
28483873
436123885
34979986
872432939
719507655
520548123
309168755
555078469
610011475
189012506
638069290
337490097
169054723
79003092
739808280
856981503
309677436
814982262
772926050
901993930
343365786
114059175
402282464
689680073
871961034
215020619
676678680
569322297
741096349
456930450
139718765
176029724
19785790
40272942
492048898
140963349
297943770
727933010
542371559
471770343
465969061
705829359
414114340
652883290
114084013
170259034
582239501
483196894
556549583
231801598
727402772
67307567
441039676
902944490
752503291
9629589
233619495
89070856
863827216
967802824
718537283
219964831
995473771
604864188
556470916
840641809
183382271
180634147
980173114
3563702
557851030
142317702
30710555
831454801
945767148
805058060
903636461
297037941
338197416
51350225
704940091
804941733
101963119
125313558
989567861
112345906
879350778
146987421
66194779
94982095
555887930
796609032
554866549
710898499
372652127
636486201
839056119
232391594
325971869
450786190
651570378
183641402
35889945
885453745
978191193
969084496
66836464
216996674
536347447
996767834
56021727
343044389
737152600
231947679
879787128
782933893
781081692
704042180
395733144
403157345
295082683
244043285
954793456
584370631
322357065
562953141
796363370
586197067
594293483
183746932
729948384
365087490
931647895
518896890
801461159
265433137
401249242
517523513
620719409
366364876
833857658
704614513
641095212
291848289
125647957
519461722
889548275
931445728
710319517
65431447
754126733
163854696
262136424
733320874
607588881
45942393
719023110
113864322
700422686
872577915
235542089
897923124
575897749
746779650
725962649
404237086
469381407
755366315
484471894
835247001
777325173
349781742
663954944
637019858
620593199
836881006
460104406
559502430
807477703
640624399
604853908
52683502
342634335
858383853
194899064
663581171
884524393
611360783
629896884
172132916
472693275
405909868
321155856
820035194
71733280
774544903
956413430
393589168
969426360
14993861
111858164
220809770
753840770
963781380
15699102
374625497
625931152
684545388
86835032
34568685
585654174
26477039
854523094
830315180
647347314
77095510
483894406
901258809
106812542
271180994
827910725
98814293
997136721
876768790
769830330
244540965
825007907
343278782
289001038
972842196
613124059
80519484
131746154
78088449
577804797
66425747
320960507
30474635
791224623
688737734
361592966
993815981
720985676
578644298
687295958
264583108
254842711
504634743
808419399
725341314
790186839
731956836
806711210
109145867
264884780
27641629
648957500
907560502
160236080
205011908
599921480
65427751
874409666
869999257
335819385
428283713
143925275
46026406
549556975
575857600
591496370
720796120
711079765
368599625
794771603
253172967
733663143
79852667
359367219
196426822
178051331
415081823
427178660
419434542
87285409
299055930
299617699
289655917
93411521
978815717
500009736
783267215
365923507
606777382
526387174
89891098
922602854
271665634
692703329
629245935
756476272
920083274
28371694
553861958
921732740
821315393
762777491
46500830
315043223
973681791
250181742
732634992
166226962
84574870
603160906
973704118
452311044
986139386
233890313
64692259
462870648
611480831
524469347
306339210
883251021
784305544
475079068
766177049
579392061
325962646
371213907
671014741
657813115
631409608
672075686
48299875
602573249
705157106
254891322
916303460
899189623
384602397
603005398
873936063
118577078
747359764
173651707
907068426
209851283
2747526
469745652
60439304
487624146
342827602
973655587
440494767
118365850
563011735
896710552
788233853
967567001
611756203
124634611
892583938
639806825
74657387
873572410
946748485
444618610
502329784
829411836
120325184
577364549
854979127
279993842
16612173
51631442
916188766
9472054
397126970
836353023
641340033
228855044
756013720
351148954
322501862
694290725
982821310
930554048
525307666
526407611
821411846
845522963
807935617
241394927
945437703
2196526
573956572
573368035
974404932
703587991
322029733
660121349
835310144
940190793
447327081
125096799
977257474
328302608
54549453
104165190
589230651
733516616
380591428
81680947
796191503
649423209
995571638
17456094
372620562
39400141
628157293
855176323
478834325
32894828
61521997
904154186
568038727
823675149
676092612
337913952
467506837
761140589
966755908
683010623
30342819
755313248
438597477
554253581
752912125
646705076
318511287
536228628
224262752
826365581
232150944
753354027
621780498
631429080
975455558
675535143
777937381
791523270
511331554
177946115
287143418
371962695
384534683
411426007
212766312
471618979
730255040
771820233
317247770
337778948
709255251
788580527
415902161
278553685
738730955
528033002
399920504
148781702
68410947
706130147
282994155
488546917
347981692
115421494
718288276
332133991
752289522
869861114
312287824
899471620
413579906
905747923
758683021
43742941
184652565
826683282
845526935
512843760
145330340
732456753
215680271
743547801
182446223
691730283
905128147
989624331
456189591
846311571
333741534
312921343
743912221
167616460
622738717
518635822
964213219
952915490
454739025
216478119
515260754
136081503
648907518
63987591
562980927
403403089
46370250
692337004
631175050
1396562
484814524
289625337
321141132
859953066
75503034
514193978
295168964
328568118
469117674
935847647
164390556
174548483
625166622
738563337
386666444
30836198
924323084
349171819
742086643
109923459
136714702
484300513
126908521
158460041
60549639
490235631
192955675
593242754
487465676
728914368
743770983
660752152
457121036
549147493
518893320
793915388
247863076
431982621
348781426
177944483
16334866
946316739
425087843
91331321
108508360
713410796
574054042
7353516
789675594
489019310
714040642
678623545
466253917
669452098
51056937
429721739
668390248
533377242
695515003
401374902
850812808
549033701
659950151
73757731
425135229
994680844
33905392
793036968
731858375
258703616
26012904
601639926
646108493
251552985
196493358
505574487
526775049
422924286
659756887
998055183
699266946
987498221
54206528
506812981
984532987
564066002
3554695
925700294
933762548
780203351
245958262
79752185
657077000
875524000
709849263
79907958
470033497
927814085
966285680
21518604
253684524
817859985
698207125
207927541
856793513
800373039
750111811
635276403
602668527
443990327
94306573
919255968
681794530
607699532
735052012
442449049
388941169
885585136
90887554
114661700
464196750
900729613
937157797
254330882
970419516
191067922
417075517
706999432
177701026
309517205
279121466
414098093
95138490
537613899
83459043
251404362
443232786
286110248
448156303
226083909
434398259
514976511
126828963
457583857
543134078
767162247
636670515
583405633
632439860
371117681
541568523
193334092
121521279
707253354
786375753
279055832
641833552
638459831
126854241
398163831
583799666
652390606
570163365
651693400
603328527
644260826
686599701
624598652
958768898
310722346
79147918
734155183
665079201
362800489
49815615
402407912
386299176
611292326
963384911
62974203
780902573
689306282
200994736
449569538
148815444
868116430
40879939
95367412
590011985
480237295
654001113
38086839
21789767
44298494
174856487
600567926
449074652
668676890
800351095
280193933
135917428
84030410
163437522
128753843
923012052
164513514
85294669
337067071
273749624
319194019
9091687
356335157
104381885
262347116
621811219
154177482
462894014
374609473
365801162
56976892
723282108
998424192
121277359
761667330
690898125
475723227
555196048
710020331
801190469
832571665
492204725
66513315
235255294
167728209
491485827
807541583
417852975
429412858
189413076
652603001
358400342
884448513
368344587
525142335
523015097
497891829
677872015
687597860
623970274
887778154
743811115
598769818
285320065
511162048
182424492
523087054
89061995
188555159
147695630
122109582
894201761
501312759
614645400
97144995
466719807
655650017
166647047
316380789
842383798
682040044
266668393
779400958
97212288
787635254
315445104
47912195
362867280
849883503
338741407
658410342
741489428
892137318
60370632
333816632
870693261
721978512
508174670
184517599
930815931
680036897
623207306
238017082
569705557
400182856
574753877
576229639
23542916
650335005
3074282
11480337
771045801
433464252
43853532
221668442
192442520
184579378
493709287
625263846
834742830
529525629
713329267
296118180
926518600
85663334
193170127
983191639
295935602
288488514
154290117
16035954
664273306
75662202
159406309
894138987
196534270
374360320
567355331
98875650
811273431
522484574
997774255
571862686
700309937
404589754
620815163
521773328
435370602
456543207
321703036
95401157
123070447
799681954
19914537
268112562
856504200
490204841
81198063
375116014
318913870
354831197
657000961
961559544
851653790
810315219
699062888
342296961
750062294
593601838
537029953
695825462
47263293
898833133
261296641
345798502
541467458
394900848
276638377
952934254
859521176
386135742
523603983
728875294
498074397
922857787
564029659
748463017
818225651
286635065
539430640
963445220
150064480
698242250
223153369
426995610
52235006
107124003
865483943
298197258
791065409
708849123
425933513
17573363
487086899
104247749
612095466
723278598
176102044
96508451
890006023
935958187
914257310
721360147
835151954
859609857
997997347
875198576
127998073
293728182
495163187
692273451
214215288
774719844
225416187
123255378
675246493
30470304
40238097
634776635
727213108
278088548
19589291
925004743
636996526
7467628
244469367
430549685
652249006
76667932
747699355
933267606
827261571
744441484
949426924
684336530
579355897
557567460
473562012
678630078
173241814
96596958
701173610
270416211
212204797
927917166
872180397
387225051
474328601
617820653
611716635
408247221
827146889
943159352
536131972
151790509
396542349
849396153
789012342
172041401
27302268
328468577
443700272
158707312
381873998
27871120
325279894
693993999
77799390
949009842
512594945
881106916
47804928
186236464
196588125
273770266
931350154
98434798
609982078
648058268
612590942
202082623
789309194
15413225
805379483
336728321
933229684
662282528
160812475
83141657
863551244
548850954
948111460
845072044
110857170
521533826
902467948
128893979
821561883
793734869
404541110
457203954
35561957
651986882
896748115
899220680
801341208
398486500
770082441
816383503
944729218
438772938
85234137
657147818
375173190
281216386
601628223
971121607
581316230
34713511
705583419
503826692
310297713
367153570
552507350
58826413
694858144
149665226
109530793
542029148
390052310
365643574
746861037
844843532
250540304
234305343
186781178
581409103
751320818
403051091
646264484
840666028
373678918
387732135
983474972
677614785
366360449
984274379
69026509
911589352
186034540
921000717
48016074
621662839
487899297
832414800
224521316
760548069
268146068
390915568
398689300
44137146
35850558
7082188
237258097
607015159
167956471
50408065
52878067
474650258
745653181
130899755
985586493
995394938
296603177
297925513
157958264
663330632
376694995
534484768
80871299
141237820
726808327
801636946
620421073
452305690
993531452
139106860
258978451
1858596
505363081
159618659
612439232
439641202
822213913
829760241
470833715
470300216
335532414
234582583
885560549
466584986
995206051
809385841
744566254
284651896
283972515
829923273
405623630
194934976
341851126
331446408
169833747
861712944
400711499
723410933
544225253
427566469
638345296
212043162
886472389
34279139
37399509
664028041
152372422
670590534
689560814
490691398
812901241
921386076
499144556
420408552
682751392
158641560
17811894
25080374
217262078
145087882
228446514
274168868
475260445
323271044
575864812
702537274
506039344
282745041
909308998
666023945
215440084
516221179
998728477
495252764
602689051
565495844
286435198
244112171
691942316
990078164
210597598
407800860
401292477
535508290
279678886
763080625
28053178
88316394
372264823
951953935
431967212
938454757
36017015
248606969
689867678
71992877
680826374
832238356
956650044
101681711
814525629
161895935
564281456
730989274
966426951
65947398
909978789
750922396
520955092
365935069
550552787
979052897
497571024
801503097
704602782
175365510
459622294
952571193
911222572
557393600
725372663
807920084
598703035
658599927
966724380
522553905
458923748
169015915
514143004
404396556
438612485
224211913
725187065
1112603
147400510
322588504
715102093
339017042
45979093
235702348
814430262
447055688
597667170
409438688
488763576
787994372
517178672
814776444
361657206
661380517
230199471
540466800
870667905
260628591
732748959
649732388
534838663
588524834
487216806
789311619
116627361
897977160
408505458
370941129
732831284
116802027
558444486
407780151
917310936
357524440
305098099
485387500
340325260
471255929
666549731
974467078
958120782
13434955
792606035
892218627
34383360
456048402
274419209
640135842
521348826
922649396
25174979
145835379
149607706
862839454
183442552
824652813
669479069
930733251
757012548
415686388
427713527
619680988
856351151
946405324
254722429
105287901
810481489
3152053
453347351
700736680
500949897
317836672
291122049
431487203
358054285
33837713
888846275
388431974
653045861
786698956
966547150
311994282
61608471
143854859
242414759
612236556
981779947
172804762
284729626
155888538
661844812
324675927
10492335
600095768
241838427
260699297
275083673
74367724
218156819
104976524
465257690
617944646
750128090
744553490
208148160
486258163
972111026
541724162
993062232
450066594
817110076
76309598
711856479
539752449
281932315
647786632
369565278
609303197
187269217
363047078
335851186
421611082
175158565
702737720
117419372
593534178
985109784
574029637
866083703
357617448
3344146
319827428
497688912
806888049
60392880
943866366
958353729
262871859
126611394
437253942
106447191
801618097
222953947
718223065
495165623
242755591
314072572
87366412
224454175
691292593
767526406
473118077
202532180
212838576
835360717
956685851
417498067
299475427
868878159
726724685
348849078
670830508
491592475
210909563
786349325
329385170
163409552
311201867
256027026
668728953
648444659
229636833
900758259
291447436
575683842
266657251
319583200
121685341
597196749
744108515
675367486
117909203
334765791
776892711
113565001
95451535
635099898
386267155
960258315
881171644
571955410
660760916
662003654
384639943
716951785
3291528
677636370
862067020
903262714
721373587
680673956
393582579
121673719
396941462
114300379
184381957
461614864
250903381
448910278
654402339
241860853
199707875
815965181
712194586
746077296
195619596
700448340
354727907
559163923
607884739
389798355
711027563
850352364
123710970
76713524
807492594
677966302
346346048
225494327
579445622
929418060
575247722
208742080
452225522
479159707
332271981
133980797
223024355
972765942
771598410
390740131
410785989
155788823
479631071
999224396
993555850
689958745
412291296
273191436
796657051
555254410
887564723
939286860
392104882
527388769
19943291
874378014
698532165
816206841
367022587
488935953
429681377
878658485
899114993
656264106
286694059
228442759
498046254
809001281
412079321
964061265
289476623
449104183
599809850
2676173
487431944
215056107
444824539
62286225
278712353
575905096
59551426
679252953
596970680
531788006
102528524
979421596
881123031
860926658
549130355
762560774
721372618
12159095
527593285
164331692
837126297
29461460
758160094
852094738
474370971
353077137
346688056
659916048
197297843
34442419
249436063
504693221
308856460
569687148
825091356
70479860
791346481
32125422
276905435
60284369
408603952
371277504
437775522
264046285
238967951
119803364
844064526
458249313
859993498
714174747
310945783
660523034
914558493
756097925
81427098
447271736
770443615
990682757
216243960
428361230
850894971
28224594
196738054
28311352
192332320
359195393
92051488
527490437
772889205
234853496
447268308
994291669
568785409
732604288
883423992
742032604
825457041
528516933
464172494
687925189
19143150
237916364
661620438
270914618
108118951
954770080
911869250
8401171
912536767
317047532
462755743
490713430
279762119
619647143
795958737
235231191
840150713
53846557
348442072
674001796
52983921
22683274
178372002
102079475
714329917
632685155
164877082
144531181
418791173
580355961
19511166
952492631
947547672
903298935
201470620
28704404
31355512
272776600
545830319
675002747
381853998
583655109
379729706
316263099
891654141
400149207
822060068
944278792
20212294
643527918
388343287
760825839
727214978
694296427
610824773
162226590
219441045
744572279
511388460
381485096
940044861
332439742
223842453
419084793
798422629
758339228
525383945
357122531
369382324
218323501
277190637
534457165
177338419
76593997
905576319
279816844
392840226
654421456
221180951
916058196
755067554
835660452
63837288
892237590
855667213
250189303
340336031
464300570
90860050
780521342
333477327
128841441
430860873
738658598
180507522
615246157
106014710
68580349
11906658
659161219
35361915
815899482
513866709
125725844
167016459
582739576
591127429
218707084
593734982
361680988
275036395
695410229
546981113
704465401
547407344
160865902
312229662
923670261
113822541
79737201
489759180
767701152
282403771
51602758
54084325
119815599
231804358
264487234
916220303
22903057
146276532
912639759
179885686
307164088
277567299
157801570
268259491
536980559
630924024
200840810
562853495
156978944
714885611
256196036
993998673
756195512
710137603
282706034
903831849
151237170
309933403
729104835
173083343
891892936
95360681
119299435
973847454
751039107
524507429
108261080
231073528
417353940
611368552
143586290
237703244
720232459
354568386
235957294
814612569
619425074
833248857
90116512
675423355
381870281
406034025
759885900
726234890
71025735
509202948
346877132
789221184
242884066
93115370
29074491
175985787
821045517
399206102
71419677
800326474
703207231
491520596
293950144
137578749
514870313
33868324
25374053
75521171
650431749
252843422
305348486
724356150
896944541
234244225
572827814
705533609
223003412
909341268
452474203
615982641
73329101
704724288
556951223
826559282
917084669
759479674
344422395
313364299
701018392
714839285
991123174
368688112
732851044
745889534
425968220
341037733
574189390
515764303
31541714
906942699
967728319
250982104
321579825
423959576
653919278
575145621
541951050
310397987
382344778
833904226
681266670
449598024
236335420
951016493
260072898
469516606
217354701
109030725
877949979
327919855
210464988
845451146
851224342
90981580
840537905
295546325
218174672
721148693
510792746
147532745
119559394
750069027
581939018
869925851
358789994
777181005
198615544
721614173
758295564
437450391
769111872
465640108
897708407
168492460
879579234
920439071
156292696
756154549
106805648
861733325
729681139
416578312
787236153
634089904
160804486
192694447
926792622
748093421
942734252
925227339
962003172
272746957
758021888
488697586
257834338
192125027
381835686
420276733
621255905
954840798
127811971
132578861
596668263
729212781
409028210
8464843
654752852
109829909
167730503
322089874
629195582
68845847
922239981
657094303
694267478
321278225
902597834
635904175
712241270
278605033
973734645
935094613
279252455
293013203
371412934
755250194
296451476
415897262
46205769
569998235
359967577
694801890
789151428
349791781
976319540
652120442
134793882
236167716
728672160
875494645
380003171
931856187
174836861
747765578
314638385
467176288
677299818
439489144
658399588
685613390
498114578
650496111
415856227
594498382
693762452
990017062
306198630
784126900
635131025
188518848
314229964
508716150
513041860
323106981
755910070
544681224
909547236
885389047
908041027
671128889
599126599
71634204
781166688
587710761
874711684
88080219
137432984
707228078
111421973
133938562
19663568
349094323
561715509
82394734
147686511
284353691
624279588
17774414
816423975
434057310
457016533
688538226
556305415
292721179
803267592
291027311
963302304
884205451
848589295
130586261
905164580
701940717
351790962
868169755
23579288
940912900
796233312
49906160
308707831
264182716
32706429
533340951
983167978
11726991
80755478
75250308
373259344
248263787
441527820
973287570
100458603
105478133
744741235
86590503
654422035
58733631
875413278
559604025
194265663
370405412
677998500
62090394
337694206
793831109
94607347
159269741
739088570
960920323
411149021
170260484
492028318
432543117
602416959
906805929
9151142
338835045
328749138
633459014
740146297
519083581
531601287
980884439
194453246
498797039
80755045
110001280
831195867
76977216
723234858
234257718
603183792
697893371
770641029
623653609
696780093
966587973
940492597
926450229
537482245
901046249
851932134
892119155
20336223
711384230
310221343
901191971
690669125
395272202
977639604
717918153
145488853
520402538
567470600
943194550
872627232
5547169
45526404
885476029
560678384
950439460
47014699
683054050
299097632
60246959
458616194
75556394
963813775
15275031
886514740
194490015
776624660
514495161
163466810
249940866
444877401
781550372
861800306
169150654
753322295
615477298
459343420
64182528
453901916
532316137
208990292
944144718
115515737
324353677
261867324
641584976
93932635
587219032
705271705
394906833
912335577
375686260
873898598
725917378
129791779
703790149
945297806
260940166
961352062
714520582
394533422
415103056
958423895
662805643
376704097
727206531
221289692
191468839
290454144
308401160
646898089
673350121
14287183
311083208
996055398
9871983
93928735
446978938
346437652
300049687
108075927
222601109
978454219
682871907
251587355
657925536
465776750
551567505
839448639
775379611
307094137
458628559
464796299
88374941
919784192
699659406
318182205
143436078
979158941
7000792
589784407
637652257
205820058
547928939
837340683
670625862
574532470
311563009
527364291
303340003
849058735
243838064
576973459
877148769
598878276
207067917
686951421
58461872
317600094
130479307
472076587
136810467
241112176
709289970
700902914
92646930
230960470
999355839
519809999
460861789
396712260
675053013
450781051
615330337
881021575
807453357
480857754
315055383
465793164
70492346
78880038
530801699
792533297
130051464
614490763
133313891
39157189
444276087
733906867
62761665
439401533
910319206
599309949
548701919
641394739
835213563
641708296
512207219
839159223
487727159
662186499
152270347
524670559
944069612
264237291
216936394
373327058
563721223
574804414
298442590
781633570
831991452
532097684
122057688
962792583
305358022
624152297
818537595
863795181
527251544
97179729
357327062
585201457
336870882
520053949
918969354
47626480
537592037
595991197
568497125
393973906
86608752
501216657
299877782
43580136
760029925
118561922
265143948
908352500
212584762
401540053
433008576
462337038
9323294
218739483
34989194
959035570
561327659
852632488
294101298
390119599
598605238
738552028
133354731
538376216
715436122
636510797
572660827
60154903
440669570
754497988
54430663
974666828
719716810
158224845
753951100
721213336
613224109
888458061
877862308
776760663
930365425
37604999
989007990
517047345
287846024
660862409
266082415
73891483
64541579
565286013
734358241
761148607
258144384
726577883
401545090
874345631
91258443
891799626
341235721
441949697
227367722
658891876
872225205
701645664
901097057
126218405
667147400
739026573
845454640
60894037
909011016
475543510
976643332
345060465
644642127
39947401
235921659
706762280
595746990
402353281
628342102
755026395
124267313
435562811
901081372
217718878
552398845
932826182
534663898
239476252
927169195
122756369
545742312
938260122
913336914
401769974
859805898
733858804
197026432
29247331
762166413
787107921
212891519
136807994
856189714
687619661
23070427
145137112
895262829
418739815
232775920
905925855
93489548
368757295
383991774
754860284
168823155
749325904
578745782
446908150
152725527
972555731
614183752
512504943
501687711
464598841
947899990
713187170
904061615
197658478
435750350
634908585
654990924
395892033
527630477
513808414
194423358
991929969
842759503
580269989
467409087
55773497
663512870
570300175
1598367
818447739
337962853
184137541
108097341
743185883
786241094
41971714
492237290
313872594
523845892
538112188
31466832
123051883
192346723
637260827
457734638
141293155
261307502
797190483
30659601
239463620
148120547
671744721
381148274
32537925
733796402
210967239
604129517
661573668
523131905
235222971
121653298
52258852
605713690
846102390
683063782
549663999
237414767
436747657
811454618
328995563
732200391
571590878
791065271
627972863
666804825
324788976
619580358
821850539
408751974
213891727
484077218
544733347
66770757
728608204
84986838
756524919
331880913
805236163
364673746
2879527
81024057
355899237
167329670
273025276
47896354
814825541
595441447
362594470
492155304
909527787
850460706
206077972
547251177
704628314
610176008
800427304
770082055
57938801
505553723
911618472
664930393
844273101
680752709
971528308
379518222
333271334
89942916
27493897
542395190
690959820
943923996
46157602
110710101
158237649
898359318
273786741
278814996
778709570
117178932
575484365
826145009
545739921
728164001
41790004
822221737
130050800
802765185
266207591
268563177
374177820
415965959
27767170
364918409
446821817
10432693
323156344
436934299
622383199
222295935
496237909
397136528
877225265
709653833
106650785
957937986
253660823
351167998
701831778
158785398
473607079
559814293
680273925
44014125
761126023
593292285
923911918
289735786
891232473
55127202
577896466
660292932
449411862
863660427
214695896
165680157
143684872
41344344
386731359
63534736
187950725
544515062
298465222
498942489
819686048
952127917
240211983
635318161
329957354
322635217
966446097
376970899
172731032
359683504
412421464
544896047
351286962
191643527
198725886
972496969
441016959
431074131
312283046
148660091
283984994
370146865
755658034
520328324
451666282
622114567
388785490
232420874
982731929
689373546
923123327
236204145
980146555
939419127
276706294
301916926
851863075
779747049
439368536
740557664
82952728
947271339
446369142
124768340
941670965
811426213
452254804
615839413
107208438
380072892
740605789
123916844
926228842
454040216
273044311
39576895
99330616
19538280
596193595
842541648
444428050
94283330
906165211
617779630
448197435
638969660
535589952
590704910
721279139
402814918
736033006
441801417
871184444
519331837
921048045
773893831
978061249
796556372
509209642
228496231
230002639
181097068
70844714
810047891
168880097
601775826
683859021
777515029
824184483
957425263
249160241
123206740
671094228
280076984
538470802
755679811
453382215
894049258
207677831
113574580
742210295
254289297
96971386
658254368
564808720
269323032
772769910
886326341
528043802
108691359
902160027
449096627
860848632
986792710
694530941
736453476
580875021
376882801
836889445
483334031
767439133
68171598
233214524
818943188
934028714
358790594
490616579
192976792
459014960
858079642
313275919
304983243
301701336
293528131
150303074
389080819
607602655
5953190
406961718
119610200
968139022
416477244
721229434
315777927
256427136
531372220
918988357
160483295
59336078
392920151
676916985
700990661
925098208
898234214
992705056
84631855
532094687
849727405
235095434
443251736
816340181
683890774
296217831
383178325
952398335
76249141
849432212
976355654
299146873
95892416
921054158
25739554
764453520
541513748
451387448
58325238
287886952
833831714
151865921
828500616
961309003
660872029
761623329
394734171
19959701
970016481
254967712
885113126
160331230
423206557
177442339
276823955
903000811
7258546
3683100
406590618
256664293
567191800
160021108
5611507
579421806
296207461
740476223
127419620
367379655
265626938
749322995
776444812
771976278
585135114
555525734
372153135
325080246
878512027
969600392
583765578
941575602
141155051
420190758
103908202
830682634
378828778
475492971
825141764
921425971
303829012
312835429
23477243
780711303
563753767
341063423
633192191
470031478
265648683
795022298
72681862
255146773
988977424
896206372
197829359
93538556
356773956
754969439
730712559
561372284
386359385
880768136
888169542
837861481
686922276
667937710
671163479
898852894
171418365
852668131
642774025
32296350
53887280
325810773
264754330
484143336
27791233
513099608
890898318
112518225
128491328
30644200
251231412
560516852
233853866
702773627
261411415
486704811
182181927
639595727
867363470
584476742
229825149
700774846
298501243
546511874
586325302
588711111
682787133
708686178
213290964
846526697
546743283
189742428
274905171
612549896
583572939
31613521
563952218
908177423
695851381
329092971
580501851
669946502
932742687
814563611
407806054
416098591
28052578
492582097
101831872
368128587
343615143
649685670
230967030
824601074
578326470
612155889
447468724
364255255
954439312
599241564
87553915
462870786
725673585
777700691
446116263
25221136
864283133
650972948
975877689
144633537
128112857
633952566
855390619
972284378
414461798
934132934
977226498
154186896
447210193
629234777
590383945
491835143
592976738
951890272
972499255
82394757
405716927
654142616
502048879
916605872
809056925
457681031
683488399
545863823
350416926
557567699
377809814
107493849
914796525
977552964
233408150
671822785
887867076
432424212
958049586
986372757
318116554
784356807
835656770
621465700
852790612
865280963
90645207
181129209
842870453
577018877
233686978
989575015
691726453
48403063
708790083
404275226
588002729
367520710
724820795
244989598
422327064
256776328
342250928
680543861
222919291
483882552
413191996
179582016
748455852
274701048
18163517
787914127
790904213
579095864
214868843
642824202
568369222
905839833
154832853
952071142
384743568
447435283
342747163
952708715
367770866
198267337
184673141
986198767
310759528
566284977
110120249
908070538
805781018
194738353
64048777
22313517
321161072
222806379
121217465
118740283
646491684
434618962
980530937
156321497
312418227
961400834
777841251
728838762
105119392
384234166
371904749
921933761
791168043
452883334
460449258
67854900
58853703
830240940
623268924
526142716
972791740
739396809
192148091
980054740
380426054
824396648
326499667
108918975
588654514
88044852
319079569
613716510
363921719
425425289
416330409
335288945
984333121
894874870
729088106
326025919
831473731
287054093
147884047
58883679
297100378
747930775
666027982
242514578
814272826
551196795
83133420
758327980
627136161
308886019
574423216
119477193
11413988
679265558
574320284
888692009
428724321
668457489
986521902
102391929
493263757
459328009
611343384
36136338
951075925
794497161
134637508
30285016
463659764
225726732
856076861
139891425
112453926
531692421
686202167
343536614
368215100
167544377
65584132
65865754
916357075
422587455
947145036
834654809
527360991
371231969
382203053
462816707
663704600
662163745
100147876
58522160
168968725
944342394
474624720
77925659
756420799
45076909
408851716
175051567
968935175
676678292
635491043
556998470
539296789
956520248
324349162
731851605
380490637
312257713
792196699
683551150
365457063
242550027
767318695
867212752
10584015
317946281
127404610
751824205
729446803
142201987
668292947
846272261
314293266
101075918
990285885
974548906
94137651
801204812
67595992
266405783
290717015
145458438
991074475
345215428
597373283
172975927
737468904
109852230
609383372
171747844
314618757
160612769
834913954
816297598
957602344
952576398
651469684
402450475
538059497
589845074
357845874
574865236
638177653
970431006
803485798
901646320
180014331
709630454
42498585
764780005
655090789
71417961
124946781
846635648
700647744
991916565
187544460
152359225
853260403
952461911
13644011
611329508
83146630
182261552
96283760
232051513
674553401
933237972
681843798
806801872
278601930
473484753
556394574
695155502
192899249
74793307
827738807
421628042
610493249
98532093
778512358
431992806
280001470
491443691
411556046
501810476
924890658
134074199
915353837
693224678
272992311
409879470
124770314
981008872
607156418
227116712
357800682
135875018
113697950
406070819
581778456
744858416
473651129
686650782
897882107
619514693
540625825
354980032
44281491
551983365
558681612
217395889
762647638
752989852
608143840
508491457
941003028
419432122
455615686
145503953
673407794
407064322
471404161
955293220
908279292
210563898
639528396
411566056
422976064
935765680
303872615
282025747
319990479
407777065
795810784
606282952
174111871
207406074
365918444
44459274
778043891
924774668
699286304
350596142
244182926
592636792
345215177
264797204
809461306
842141482
782510843
493157759
978653664
637757555
786958703
163335914
511662378
202423847
658920687
796712676
353632076
765780322
772541209
716098407
794609253
240594835
530014972
369741034
972236438
74248688
298957904
122082517
552327439
331862138
411722718
895027506
343730762
583029933
996056543
594213658
606164358
640484535
245531073
881032744
146276852
833385425
106122768
367395249
621479608
319730346
223696582
548332426
585257326
440519326
675724957
688511024
324107721
544903480
527748013
221394412
818705030
880073745
391260251
884841996
4527040
268467319
244840440
882717041
786992590
586011385
538842843
497638979
29476653
580304144
948114388
385283586
330082492
255483781
967850911
91519305
895310187
19217464
519355845
657108835
362134335
245707053
282969900
740822817
353221594
719897952
651694284
169553432
948311205
554164522
609020787
405098425
336053594
294872905
901002158
767524504
645666727
844734150
431576671
519330574
131708488
365506570
380029481
771534441
215589591
876218928
618851679
712038467
318236668
580922893
874111160
290933012
623946609
835185246
987422170
299330142
862892887
975449292
189084411
831056531
582521570
478585920
995406106
152840125
236965232
17536619
267221346
301973185
196390306
658735791
28989890
103413371
737065360
723100835
151889167
676202419
825102516
819210239
384132781
273527709
192280263
276554691
723178682
201757318
906034341
562972873
641703495
425078107
491144321
489177799
134708046
628385384
596753969
159611757
6126618
641985272
419483243
888674123
291244824
486128488
850707084
829540362
807308880
459332814
232668698
876555767
926531816
960812754
937073281
905097311
289328797
932387978
663267904
466766230
860557355
794436640
51228276
811983378
391601981
978579691
577991336
404417932
631180080
951644659
72068407
521925223
468261484
663669215
876225035
909818273
753620999
615819706
851892223
316165171
889017170
807331230
25159402
924626162
546959874
1198383
893207524
998366433
335519216
500287465
539708185
270479567
154766525
640184861
981348239
240518386
117460369
629387274
323273730
86124041
236953632
281902011
911505908
109393633
717045176
531983421
88299328
538626321
854785697
572195378
948416117
438851795
553798481
235125986
926604814
241020630
916974584
476660441
202394036
110804673
71180678
873234695
886321777
724492281
537918347
620543606
997234739
990117011
729211676
97367928
333721171
819593108
574149244
845981445
338023211
537774147
360518714
430065049
887697555
762095415
385833581
18906063
300876334
157652325
145438700
550285751
536997373
975922263
772416709
868707617
59347149
59072226
494155210
1229801
883499732
656224543
946706555
428251673
550322583
557423925
386736464
927497491
234542458
228562969
363319869
980603665
133222724
445453304
140090653
677150444
449272485
122560209
939643661
753975938
466071938
502557556
72435771
699043141
965197901
719772456
489808318
499560529
423220806
976706906
167629659
374770308
402986560
650926840
245970920
572920941
582091145
297051214
452500618
586725609
648245534
228849808
118718486
998943441
581446171
170405389
163751099
591604901
219748661
75332407
45370799
229562499
532349193
534070229
437874290
666798567
829166706
278488673
383978660
971776153
565355409
558124279
62168679
445440108
801139037
547736260
566939839
192434412
48732380
933538837
786893795
444005784
521535915
271365327
904802643
275699316
322713556
568522756
668822146
694615121
593743924
289494627
571880244
798129636
468387189
550851813
149633983
559657622
688312209
701440601
60473135
429635760
835228238
633806
221087177
35187022
820958859
870074310
6720653
626085535
290183440
657122300
980628300
694794438
657541366
47838220
151663503
121009949
494503093
644392017
276022129
136691865
411880557
427221673
115225981
124720385
27722649
373916621
467597334
515756645
225098969
738938556
322664965
629059293
860272389
722778499
910121989
591635896
758460159
357609880
342445826
114872194
246646094
725882594
159709341
879104453
243029534
144299861
673391345
446747897
668452646
420552703
271171025
298750445
899095211
177929333
334363242
616641189
200463759
236898237
108562882
228823386
454579494
944954807
200915858
319831387
626560906
57681463
513163269
860792224
187281747
961923576
203481513
188129801
477122985
602106705
7745777
870955873
21693014
698895346
64252165
467147657
524405126
56636423
48540813
93437504
987309343
965082906
494630479
882655959
719480725
353232831
178286622
499052313
872084973
615274176
171460388
438385906
458231083
759301974
551415762
943655451
829675209
510999353
383881765
650818581
655905532
657032202
980767929
863297302
660912055
284501128
935502646
506904135
29296475
402457800
278779070
971728577
411101724
974384266
454554212
209599700
212736524
740954528
568810563
897144153
719032150
468321198
915759578
390855087
46745460
536324570
337142799
350158141
232190546
740238176
377607249
6935564
352870661
836245213
249432232
47144704
583450978
165596792
770578206
618908626
179515487
530671766
121398930
942198478
600039396
516297843
648490755
811961705
222061184
131779547
369192887
838474173
293683740
175536086
396902068
932722279
43690815
529886359
81325840
738272542
726388884
679078173
19377637
855794304
550162557
27169177
367042476
388625982
626573597
90832554
104924268
954759899
590645455
734702573
486363197
638140364
385947199
980701256
319972637
533522940
925220643
447429771
499947591
524400326
668841454
495247594
822451964
96769533
737785824
910144714
814961453
570945642
775883717
963913621
172147247
820434607
343920804
913868183
110455769
521843071
40563466
688006251
908878608
79379709
78124736
614834135
176348474
254151377
268304056
937672875
269792598
732427929
651174980
740949039
43205290
224959183
918457992
604715472
408704879
631614251
450351903
287214002
662690083
736643269
847571933
347613085
871504546
471686518
329578979
369573208
954521692
968946864
88954812
13687938
77051827
953560393
445333712
531424582
50200750
727925881
399869693
99756372
507618410
576438691
610585436
364093293
173155632
519847135
364489202
776996753
296348586
285519866
299730841
942162508
263539439
73066938
615044961
432027250
750330102
971281940
426981352
961730105
441503059
206294113
479255917
281790646
97821793
363719114
271826322
290734152
115967707
722494977
871902913
192255489
154043029
146423865
785824408
496777355
935922335
80847287
334800648
199581421
199492841
206589286
107089522
192690803
539814119
327625198
331806967
830413702
811037075
495868940
20022840
646337443
97227905
852817092
331930383
92552902
13285004
127246186
75967923
868063644
118028776
450112667
343877267
150408807
264066385
95893748
609097881
630709992
78908377
85711905
115169737
634392488
796537867
672727212
342607595
72696810
880027787
493835550
662973520
840617745
364740672
856377580
908155738
132990578
993195934
355499829
101712956
330664120
607630070
268497659
959863258
799555046
978794750
867324740
409875689
518199543
294432108
843406232
753379324
16952643
295106462
692672841
142642041
247193093
643051121
619057808
9553561
687542230
84924169
364255302
177487530
630790694
631145563
979894954
57211964
260058030
544740395
483719049
879928960
290884902
334715224
94505643
301390792
417447919
554694518
248501260
642109591
148847884
727414256
703263898
712018483
656657780
118907093
991858357
798105651
228225548
106312776
70647232
85676696
581746821
774681359
887742135
526980728
629600152
498285023
549790050
609183585
289458098
873485234
933520996
602525063
247927512
898267648
806970317
634962500
264218567
78082768
161480243
272939085
645577745
426157232
936034885
842544920
31682181
256953932
757454311
253722687
587993446
208342793
312323688
895292975
657561225
36021855
814723607
586440285
457207924
134786540
124870429
284435410
246488780
946579195
840610444
639227385
772665870
159981889
384775809
83124555
4847377
837472258
296787633
583174807
996221651
41369686
334445121
375100711
624923206
952088234
572272638
323775408
411839576
362313714
105923387
471712058
42205238
938662
451843156
919232346
451202131
21238017
837319625
457669738
786730349
616507568
196389024
17365020
975827757
950357521
723181217
53620657
252981215
968559308
701782684
504747770
156218836
108306571
154966187
277616751
729165490
497148995
907530059
465545784
679692759
650785404
125501943
792699712
783093502
368272087
999482179
772078870
187811076
200293515
901996138
180324569
976761513
676796481
438299215
121826032
48134365
448544594
296188529
263120872
11623093
485419715
851362208
79221317
486183902
140731956
237081649
657143089
755578778
667769920
62376463
573340335
726466585
378025281
748344173
119656894
112853359
645932353
59113938
349159871
591376964
243910578
487637522
90483079
834463142
525914320
557036498
9676433
139493665
877617669
914385135
51384967
90565490
318414702
821668731
156949733
131843203
136484758
582872392
110845270
399423883
966326890
713996922
795577124
653250357
932902046
632353770
236178964
585602858
321002485
887046019
583297197
944856987
547027543
950437884
211880395
151486953
928238476
281359823
558108303
710820160
101115492
696639924
101293101
258747457
385243993
575317540
390341072
308045795
919130706
871351749
961746702
644325707
521019852
805553051
440560074
191512398
166501859
282388950
4748854
767906670
777358683
783828490
560258668
834637429
62404820
322401199
948133920
897798467
712590149
490329083
889835406
209729491
819485242
209015013
579668796
11927009
537729050
139807465
76433002
243212712
776639561
414656882
646335197
232962654
362249256
47783807
426777699
913216289
82574897
18361762
891274157
12836928
936354784
487477636
887916847
635367795
471328296
847255683
557312533
401642613
277233228
868748721
237678872
600042160
702489944
668853500
534432560
469058218
355037850
570281247
591547557
355838337
144017499
539850222
588772085
316002331
829677631
175902014
810473498
420151855
785984371
851848553
547698176
887924682
812294228
486853016
508578178
818801464
429637741
449382325
530759792
903423437
126157734
613216155
865856353
170966136
667194529
612425249
206808829
328543716
848039765
671921662
496261395
821352922
497336391
292506773
827364117
401335471
696476161
153152736
897333535
12213152
911613724
637866150
580584366
734844235
962568829
177797308
987995679
728032617
180378457
525908095
739225939
626876356
20045634
516598230
70345351
661703251
428612714
533163790
664404401
286133668
691572086
171441123
75375215
528332615
967350459
440420115
955645742
840762646
431688610
926025550
327049807
210081541
154748182
586792593
211023422
914426751
166557040
204905454
606464111
242842529
372215487
436181278
402640361
563618590
840795603
821513665
528445590
368177543
788715235
813218462
279843552
87838330
365209506
424538763
808305282
415687395
317302480
876969146
413870284
446901484
384116311
496125184
651372338
623558670
641028102
703835717
249517156
545033776
634276062
680747857
920024646
592120037
626581308
153799917
574833573
607431338
429110528
289995473
610025872
132886992
664671342
161364652
782598749
252028657
769739608
265609625
226570206
870084768
947665953
44925420
472491600
901480945
690947226
151726695
665759714
595862499
158227388
821359556
4641611
164272029
547728408
388913892
504668413
955466524
215569225
127059905
176273265
462306697
340610513
997525833
690304938
419458623
498445694
936739969
49653827
370586013
887219572
229844017
812513697
584365042
922299311
926153526
461253532
966653952
741930140
8300622
362147099
522790547
377840640
749782205
878402174
637358410
499716537
547503432
818360180
765373443
230687866
956777861
377331583
964199936
449186061
177989526
264683496
75172531
370757656
744554526
30104597
773921979
795856393
676069573
463665829
881706713
694210429
695446265
501689555
920237083
397765671
387421407
598746992
158032018
272753474
612168722
653774328
121797504
846349974
779151773
139558374
603995011
998346584
310037732
551842643
522341920
766017604
403107803
635558866
192567662
394272293
732379183
976537096
509045105
712277680
570810624
30655336
436330886
73773162
890000422
476948732
771531307
487345279
650660591
322912540
629807689
144709636
149797563
986648858
693913875
178500022
723742711
316722533
811711972
729359463
365723221
921685167
124477324
126387289
908151353
835280992
213676778
483290293
267543624
976157790
463562344
574568568
713898183
217243678
206191729
250454761
663105492
357442811
169362085
762496943
86144306
447820397
276239712
719677803
92473634
116384690
694127249
75551329
783928932
510549272
961168036
18254846
770939124
722388206
511811581
936366234
107948340
39488529
383816920
988588047
614902487
619355546
71827941
33601761
37088588
199386418
144340478
158536935
354768385
107611411
950889505
880520276
331391893
80578724
183176448
283540132
668129052
849728711
983828325
535783809
303398174
302407796
810175203
87678702
736774040
556548436
156623676
382493319
634939760
566716775
913628322
747800736
212099461
189117053
391488033
754008567
770664252
944962899
156696032
588776211
111832578
296524714
975440142
758293410
996928135
884845667
801587456
256061272
9439182
711796897
498412008
942774591
635094253
315309651
901803204
382539773
840644769
667462754
802331377
193173708
649129512
955423464
188166356
244246324
503751765
97645583
690303019
778440767
470278055
87763378
494915788
285026579
102701961
607938011
101888976
156813343
95957222
316298736
16974598
831032543
704531953
153467993
386999394
261702289
224640684
976506363
125644959
556259909
537221133
298153429
598364039
930659508
360391014
647626282
887627346
713139617
139565645
550558424
533493637
106417272
990307394
215736226
416657915
443533123
44260791
550147825
663041562
343180261
28311794
886653073
388480026
801609288
835826737
11531521
569319486
619343247
767873121
676641411
232887246
181879410
596462524
858388019
407439243
756968625
152436657
792808046
23479010
109360448
56029877
663571190
681356900
29416065
493780043
469993206
868924582
251406770
584075906
16055647
990304214
228798290
523183079
627451907
730557817
828615894
597586302
162730167
222942281
719295366
172724142
776208685
255042508
169584488
4970153
353684798
855620337
602896232
91693592
78649235
92490610
169119478
928624404
500966099
20770051
945150867
466705828
709369214
94805766
154297339
804528717
252445824
350042806
12824193
733031562
868437809
199339088
894489539
406675572
930930877
50001871
674027155
864018446
472635764
953737404
906537101
971718566
747973152
450498447
917089072
212346538
505303030
419130791
121136329
302419765
686545842
298688967
136366370
361554582
26025942
975800335
18082330
197754866
791973314
843765606
621386143
219035363
405906528
578184259
903171441
223369280
484447478
147275497
515633533
944051711
650374032
967718686
114387605
18102490
594486724
177050676
903254521
18102354
604178240
185624924
161017089
435011850
29912301
781589426
595504161
972702449
92840662
751885294
619296610
393957790
740372233
624625522
3327608
673074028
579363642
72677785
934565772
268420508
409601266
839945397
247513719
320045754
133659646
610659823
519766233
672674198
330454067
931379189
717682503
494105914
361428117
383066101
574620265
278364883
8835941
542178964
384293109
370759484
818499213
667130684
261312772
570853686
128954660
238996171
204723082
698042194
700478429
620244039
638725327
814807424
58842729
28153131
149531733
190554806
232901381
713693974
880358403
578428078
986236922
861810037
258260174
721609348
273076558
800086046
894600383
621519069
261907417
634547985
466494031
48391322
231383509
211244002
3163193
372187186
412451736
353688408
311826014
294015032
177502269
262450916
2866846
822678226
564074501
704746145
467220018
362766589
283792089
332054553
777087289
328308968
81183490
217459013
686963117
615507792
294610517
755768752
322832378
53209760
301351203
655205140
288214645
121675304
607157917
64292901
295672905
811206509
270070472
697186019
262275339
610057690
848955502
357212376
316688149
540276594
719829676
601235730
993189519
724804847
6819023
283574197
66492147
142575953
842665003
68421716
936184773
189245313
404603853
705482656
879282959
425367118
647975645
292840702
266309425
763318546
381686884
176740221
544877982
131202750
473198825
473563761
493273309
411391180
99086422
4724926
353820454
191058414
151571086
705374662
708135317
821346625
113566449
677933648
307494774
691331313
676586994
515654512
299633533
650716015
119359990
764040832
703249969
538643347
192660022
550984671
862369475
323766749
516686523
262320707
334635270
410773890
833849106
483953157
136725922
362796198
996056861
458873659
961276792
314228220
548521818
925293716
966959115
791254699
245138944
124626781
490331426
554899422
125274820
409522176
188299271
57027587
944597492
977348610
27726595
485249126
242438967
932919669
653511124
649419902
508120278
385018078
443849241
995572957
356346324
787388781
826218342
562476378
227184196
170963814
234723226
586856546
870990099
651904605
551482171
376795553
563554335
537171394
460340772
839754952
395490967
41068413
592273680
472070730
11283230
715730754
912384226
69053253
990820865
627349458
542411559
705654862
167100201
647117935
823753628
579403222
591744600
307483804
182414242
608332177
442435112
858194792
721635710
467189592
741626079
899721315
335222290
267714118
800633020
592191917
407627554
842984453
521372851
5013229
72207555
447745731
355818486
604794854
878036356
537612662
119627544
990947353
373156037
819395394
454302585
914046405
685592753
793758041
306813358
502839654
539070374
706450660
85573983
591704320
187509523
815807108
299748652
188604804
663925649
438255349
284518260
234550345
450567527
824808212
809555901
691861954
319209127
204773031
580163706
408232552
355989443
375620456
91489511
189449394
371617737
954865830
276083542
677993760
760405967
399611892
555608151
10557085
808895111
900755090
628683444
698767473
469366162
990699526
963691696
108290360
400809143
312912184
380890386
953450388
293767709
580074921
421960802
290130669
884255290
373904870
473555581
722882975
205037562
155506410
114978000
984940748
705143568
648586794
968405247
83947673
748467208
650430281
729747438
866796173
568443554
477544970
391214477
898628101
993608806
132821373
205217557
829330737
311893083
537311831
180564610
667660669
29435747
222429809
690095816
556937378
678563075
434458026
184111750
9369884
433930470
892011805
620411483
432084313
966013899
908229246
542290238
515970882
678558486
653554427
807187213
103176521
541421294
798157368
145755801
536377319
459325032
962705564
708987378
860044931
871798278
239914281
171363167
463936818
980284960
92052924
427720840
430947126
580177806
405310260
656284136
365467017
945734460
745073501
65633375
54520015
51090832
381456478
549523704
515019642
730162956
194459747
325112451
800200333
499211560
846733187
197514860
227271062
466795497
92020727
938912937
238428351
23251552
547618301
619848755
760913914
821056452
574827441
266082233
876724791
751735712
63855291
137173188
417654190
386557131
761020669
983241209
989567226
574867479
495934323
25016922
52674681
589929455
53200558
957861127
627945764
83403668
427798295
497561799
639351813
157698817
979848298
442282802
251366930
652239071
554781701
95116133
301925067
409009959
841464978
784197044
258190371
498456851
28774920
845545923
5215280
648174639
697749576
707796033
868235769
342125273
482062155
306800182
126447687
879553397
759333802
308600738
659123254
855961167
523267582
638629338
332887325
609804755
700739913
420194113
340394578
635636563
637364016
126495109
484944558
36490134
730115396
476832360
142843411
952629962
326107410
72207915
409543526
755781182
804562203
779119306
992042280
256552123
283903194
113256938
423169731
409061865
431193757
662349799
265895475
241602795
619728114
666444645
617431307
318348188
918059433
830756800
78690513
420343379
621240087
288274729
550983212
620099177
359163906
559330290
964160261
855443812
612470070
631602113
621980633
42766521
701739281
306481990
101188268
974590443
68601148
759555281
266195828
801108351
301780743
431930594
512141287
314077296
834503509
194274324
678818492
165882223
385629203
229100333
734121971
935408262
484311305
683356850
114776068
881623199
874988743
733212510
982168375
691309679
458387248
146810559
488416149
62424005
578077617
457103900
116750264
120343792
747785254
131216782
956059692
2441108
596493704
613275362
957413288
392000408
310918643
141538598
631583538
822219983
147144336
262971944
418443393
823056800
101075103
817942745
230665038
278811062
163464533
912689156
221180185
337513508
502441020
728007599
728008376
855742787
598112013
526880295
832971677
294167949
401929016
592000361
695064146
354632129
475879308
570350470
568368718
524836459
733888875
927076014
670093202
700631445
493899396
4800297
338046444
316134795
755800348
441301596
640174503
381226999
682135142
473258611
533371946
946482608
914597848
840552533
221890984
145983862
948143120
779701887
14780227
312005143
689833772
431109593
655277586
131885170
838968776
296923899
549200106
874807578
632942121
352913282
482328101
833333460
630245799
801658469
305572899
154915772
259181058
326365630
550841520
26165362
297411352
935186153
469483603
742156598
832780198
725226908
886835479
998531498
582123874
160872093
7725794
929603251
970362473
50837234
420122007
584495332
731559099
695043070
390337769
462691310
77667798
794863548
302113323
354198059
377503641
807911919
127515624
100963774
426911657
200464816
254372780
762661889
567174024
533596200
103859675
79873845
50743110
988338225
507504723
439104246
665771976
241857321
842346170
598478577
162384600
70925476
876030345
610003456
219568216
163180907
804302350
355836425
559109997
336793544
838024372
596869334
951972796
883308159
581593779
192717761
274781653
403683956
306207803
506763861
268203996
437401317
678543459
68360076
258833670
117013093
991847133
932041612
307447517
924612276
874407646
649412552
69809115
247862176
160201271
663810581
504510586
153467706
686086949
812482816
298612773
414506856
606511465
615957412
358506329
24034309
868710840
813614349
6575921
191561013
227968633
543098776
691231016
841336539
617600754
895946489
390879278
193211902
997668395
300324941
716540911
570468675
286751577
216068601
527981647
139637820
568097410
38531157
613944905
25258466
360909196
108357454
786649116
879484577
372592341
266188488
661476116
755763889
809296150
128318846
956922766
834456237
297411248
569117496
359752736
706115736
513020952
436615513
522354594
918936597
296053222
57260766
915170465
76222540
278313795
70833556
647328822
424143437
589208628
476192830
950058654
699474162
695087262
945314244
290870852
438691588
823762324
347155212
351376973
621904839
139156704
382358793
500259724
823568405
657637280
389900185
794767225
74368712
744139508
371816172
935812372
317034493
605172457
721122487
227346540
102139347
642785735
330402707
463384352
334613190
670128953
304545208
910600009
557959422
591730841
748689754
31347536
511657610
101437457
163590210
562494765
256548675
509129012
972663042
280697111
59940897
230166031
289072539
860382230
49655912
4782808
270460217
510946120
961119856
167463941
841010719
878447563
766381058
943761952
918307862
41683482
511321963
310350404
157044912
993462946
16449608
537545426
722574393
978626026
754983700
553394266
414136689
377582486
21145759
208138115
684983135
268982339
469305965
313588536
645737168
595885012
264928128
632395862
959731406
366097496
952971610
656012662
576325214
679879041
387938969
748127844
654142808
179280220
530095762
590605858
524782002
928513921
862429402
864507306
966928654
804941134
301274611
123584009
241883906
359150524
573852928
256338917
959222277
829514754
935983134
617747880
141155944
801599478
476311693
693425873
832474278
142591244
588443022
242313177
350072840
197859915
418530192
584608672
655813331
71897119
103495681
67481041
468185017
186132887
847727904
197215864
373731385
260197296
414010148
189320356
240920820
279606006
118733326
181296328
545510519
744654909
692996115
754819876
566924354
156082485
391864508
681889593
23503357
738327223
576977276
340448684
247913647
206189319
956459117
271389815
330831789
918510834
826607621
861640149
797030179
49001484
910801124
595364120
522827502
258640650
893541878
156816424
184007762
514580804
454993702
22202637
673600032
90070911
945286941
509982726
413267801
495821236
597141989
828992423
846079343
103956849
25525979
852003704
496225567
446690744
334235131
435022088
769348807
42422102
329160296
211853072
787521138
550115912
798672584
395725013
588684899
75064420
456165699
283452861
579066185
15703065
435328211
469743148
838904340
499047920
129403043
617539821
70412466
962220535
20423228
812141469
375137271
439017533
279311006
564926744
229392576
540389599
575722146
963383151
929458109
152454362
869448161
697426810
116081603
963945035
474398134
212864654
350816484
77567507
912456245
128095121
602260883
105183821
935550981
510817221
869092481
355915987
280016191
326889155
744321836
462073548
334677765
895420856
230061678
269160329
911803284
280188998
614303198
373088447
376528398
924301417
474105141
895878874
942218911
430492891
558749587
507551731
237559756
680284022
784448755
427982567
960370434
475381854
437818477
508122910
241588989
37889363
969630234
392881444
539746748
538346404
671529614
586742532
957243729
555001648
239545210
899758229
484941543
930132036
179486069
127733570
56235352
313631803
140912170
729597842
986851809
541209681
293162387
274789374
268239307
695860579
652789700
625161304
112461716
571957665
370390083
270224263
770365154
346453991
803652533
951531662
830727487
306356821
385760538
154815362
195665840
856398287
366558309
950267699
575514723
587084608
387881549
40245835
940979710
501759824
638441249
87858229
870932198
257313870
182851947
721832265
28773693
600836514
723318988
871594223
551680534
932284666
364748546
382066274
337947628
687336153
235848980
205050710
403933274
719587810
32659103
699815811
49732048
121534660
116977904
667939569
50993072
571213279
488156757
741723259
87383661
566360431
414908576
301887576
929847357
981951570
960986493
160540880
432532842
915150014
457467880
170440461
11651530
175675463
701333296
584050954
883830036
302653154
296948118
400825060
761570332
651431622
996639656
713527358
156295048
355099150
733443224
523951465
596106961
385304498
341170340
943662218
988645310
762868491
439689025
595473510
398262457
536618491
500266397
814495267
679547056
282710237
603261477
388375962
341203606
130466030
676711738
388774436
81260694
532391813
186999444
614580187
159494310
324198681
246750425
776870002
516211473
527329168
645262505
495381547
915453536
73715738
573042370
880136076
975298690
267991423
908569946
70018515
551488946
194299232
73459979
482111937
805410441
694700881
948113351
668586890
312828273
942897484
522858056
943606291
613900727
999621014
518539763
109125247
330274576
655229126
231164787
737688142
686806285
872079006
934632502
461977801
352872782
856555074
126086558
926538347
82556986
804461854
606389435
825061737
783551856
905857136
78213459
647140417
702420487
873725211
193296649
322990768
257616557
426939262
822529254
726193023
19728760
621497076
471703261
68036590
170524664
259848349
339421983
636196411
226859835
451500228
935280492
527859847
587497915
89771789
501742645
355545454
21764670
995985855
222082341
192471545
190033014
237688992
294636736
652675326
821699804
51207788
552519673
926158969
230154178
798852915
675130207
173042894
797494575
522851031
779801713
329976998
34291215
969521951
985830369
825339733
692545386
701030747
910952408
396029807
209963502
836659406
86634730
224833580
170778219
462451359
229277400
499048860
58773915
848689138
586245219
221292450
547525103
884683936
347695798
852341941
203096483
960096395
169923576
373128591
722481059
963500400
230566029
455443967
755124826
27455170
680321935
635486049
32688380
573280857
254611111
312264696
784371558
972487295
162273096
390495749
380720900
361956602
343600764
357021971
952543165
752425332
443854927
719870116
261968124
555015643
559491788
958437978
252717812
425952225
299349904
228818233
613529194
258788710
52054550
516902403
777724954
201593692
33108483
303424944
445692489
576385226
407558821
491295986
411789718
139868430
843324365
355981421
33307061
548343443
138970027
32748382
857849304
340021072
725082994
38851983
646238422
110363784
672545658
139335258
179383003
266756072
884609601
248290116
475400324
663463051
124850120
88910358
2569889
341118056
256280563
55355214
777816398
573941363
443224722
949408408
981182548
507947471
117500635
911267318
934523192
902990375
570595077
403842405
677241918
456188704
498578974
115991753
783076434
945711947
340719663
28584358
646518860
777626825
223710718
43902997
167695230
269844784
123876953
707912671
668050104
36612845
842471491
412895956
818325148
438225225
463898156
118672269
515481680
39608362
612775818
318717667
784592361
311790342
811690422
979192831
509558201
7718583
151205939
313082510
699070345
598451891
235844136
937928235
606234496
230474879
993444014
663366712
638693973
255707996
464718594
860854531
458055658
644721407
956586348
876332127
392306115
890634006
499861333
564483674
940890302
258429598
701299029
970974228
2222067
272054978
769266046
940239930
609635291
258920690
29271750
334186462
732542699
156914119
868034715
640624960
565373890
583487293
680021076
304314177
776929116
243226734
96573534
876371695
850867921
240347203
235780312
604832943
317168246
337493870
474658781
294296467
771685706
246192915
249027733
111740709
914845894
665173000
703492580
71635746
51269458
268319191
899751700
816839379
358421694
703612390
722103791
421346191
739021636
608217400
925647584
219635981
904489426
964283542
956877092
275862761
738280553
952352039
114384154
226963940
181202454
548221330
27858192
88196195
731527590
249668826
233699673
610211343
110085630
228056830
576310862
452575238
819292361
623499075
171757801
286021071
334309300
61435537
288778785
903373093
602757808
964834469
880243048
468098606
53393455
721174702
436626069
716330221
317173652
541431478
53791204
114259360
55734506
327854141
398359637
215864403
861450344
501506611
489718084
664772195
700649389
17578078
76367167
431337442
156437595
67331887
733347808
564833711
841194457
708960433
485762246
375402138
706389823
431199840
32639200
155422793
638814522
623247363
883847009
251089124
765081563
121419791
720855421
840610495
170123049
40179289
662713768
838048268
790571952
965673535
369712035
173760212
786877208
39472714
900423828
728456799
99425358
930305397
358508383
13916653
91366306
26501394
557907225
126594583
982021684
854918502
905068906
297125943
723723342
795295711
618878743
