1
3
8
22
52
135
345
881
2236
5708
14548
37077
94477
240815
613740
1564186
3986496
10160163
25894413
65995157
168196952
428671320
92522751
784432023
96476218
86265081
95127314
479246209
410677161
85876908
820606409
620622717
572852028
705301193
815905382
48177374
660151803
730728608
275091192
957890660
1017820
395715702
646879246
230817356
716812036
97662951
458135276
957984039
751303579
529992204
885723618
224742465
220812059
737885565
358024580
348536378
614256579
566394084
802173250
55348683
145427812
430777538
881168827
456765203
846961626
121228457
157547774
460126986
460942451
642553704
858737195
885122279
762110976
729227562
728871374
338360781
392442773
4157263
774878166
537751468
220586544
510857173
460353290
118809484
26921677
171565925
191069496
491066203
796108589
712856271
741108790
15763419
871350213
116793985
279228417
841886689
541405116
631965955
211329650
382453642
129270614
194280123
598021079
877469181
897861554
82019073
705748957
990658643
600757237
515475185
652733339
9452880
371814246
657944367
8031146
12586621
940574443
641827960
411437162
758428088
822636593
357152138
282415980
626462595
539067555
453627361
23138831
819676928
235263888
788820492
853894338
669036278
961907669
894857960
727445794
420813841
522476684
227168393
195022663
964673640
148404134
47230784
272730649
989685640
452074040
184625445
578004386
116449504
533523701
756626692
851210419
339553401
464455532
957217252
129045688
364069397
283145060
1312785
645419456
345882460
767653608
153436124
476080811
747680541
337226671
95668103
712065977
386333809
798354540
471559822
360469999
651850277
244006147
661277034
30990324
634566934
177197235
782505766
739995143
320717785
524546543
903735916
841474852
969235514
285472498
256605015
497379955
24560618
762928792
898727688
252421620
806269518
718487298
250783159
517866372
529095669
823915305
877490403
120886305
259537232
126062285
882035466
210733661
184056396
995553727
485806324
886909260
36495868
849201185
815892925
710801872
992220202
414457680
877649009
980078157
307944431
378508205
113337188
77497982
678758296
381151614
216562064
226112905
409989071
988678255
337897804
394302841
146250973
395180733
492921148
599767191
169187773
692506241
810831038
965288668
692360801
148984608
147944803
925410169
769367784
17405080
145080783
776698503
341911985
819580366
107292863
285799714
439034490
847573013
734929978
270870387
173490103
116738541
619948178
781377855
571020640
312495091
435963838
709382726
692803544
313313883
155173010
869900228
951511235
195574008
816345147
205595679
82468849
334678796
920092442
632897652
899408871
57480155
288457838
299857710
629790575
999395698
689626549
671209825
504863490
832256254
885359635
884981740
672328779
154443323
221250089
545866988
321477749
322564607
375094328
738183131
874216910
796363565
333436057
258865285
683324808
826134790
192215446
544957182
498577354
132293568
432451088
267900326
340616704
589235603
621220595
314413682
526138407
170971687
66153368
483039605
616066949
922817928
867222019
406384034
762448424
599500328
479473446
912156329
286513735
720247833
705160083
285973603
308146473
438974376
43498925
578573755
625824361
977158559
503689033
963120111
627744501
951459510
331635439
425892328
523379125
70336314
639226395
98805442
110302138
510964705
821125353
134975028
302995695
167706231
298635347
121794921
676788585
998010334
29911310
117576926
104064942
462392920
43417271
161701911
248651202
931817557
343932707
213736132
495913375
5836135
968384148
322346692
369623748
726208845
789257107
812389199
343184239
819917404
266532726
346363045
536235330
750886639
762606336
390726737
537294860
317092772
754442538
560679567
613915722
7785049
111629861
514654404
232586576
973184268
392269182
343726531
113241171
712153743
490585546
978204730
54573128
496655104
380511981
830482245
389005041
989469911
463038611
718636784
758603065
959337263
983368239
632396083
904102244
259468353
674852874
761008594
710923479
989190076
124849999
849658217
638773471
729413181
177895040
501859425
77926513
599942268
203586025
988221397
827271578
972793782
804281194
646420178
735723962
944913386
77828442
202865172
532348965
991548618
509655444
140189148
365438498
93032869
112073450
241222183
307167770
597789683
875450878
339023621
823459701
274975234
483811564
335359398
6949068
757202312
353552818
811488108
71342490
292982616
396522296
77811754
553221700
797218099
972832170
213940005
35917167
481228386
677539802
990621441
989522206
5133182
693453834
688312370
525371830
624023044
964548766
33964233
245655345
993070972
783385451
364348497
778927552
543483689
425873854
101724179
473428916
292630549
366155005
734746352
778654442
348753822
942418263
805318453
917867310
281098782
718247360
535343450
385479405
461799791
105543650
101575457
280863955
719557409
315565425
640762789
103157918
324269967
718231105
584743667
650514971
477505514
816062522
747791012
196231045
464570977
677684615
389703969
27796883
900332082
124253417
88523053
401929870
75128992
625381017
52306393
552672051
881332240
97528522
790973024
677407496
411318207
800762048
704119176
841359762
278936243
541448055
830619355
94824586
674945643
130186198
289947901
452351647
193931410
870068678
242952038
246742809
865439423
321445144
219095413
57762855
773295858
467963865
37452181
504186857
715327319
861084186
200897367
338106960
367812946
439708092
558447404
494685147
193866029
790460933
59599107
669758875
781456009
459606504
455588911
796876635
988774861
446089475
701262762
402918511
848013156
690075620
375519527
783829547
395685010
758192598
272193154
187918728
610985870
555367304
726170472
658554820
16198673
970263932
895181260
637924698
460602494
955893074
295103772
167057324
261918573
753098069
157899710
235316132
931780803
14648236
253052928
390537286
681018668
753743756
918426666
951514106
964073508
751731731
909589158
678488748
467534165
486822164
138568212
872890769
596969459
841305483
186734136
85460094
891209681
163595412
881928635
564573308
118395425
402742132
902031062
123308188
511767151
135153279
705043162
82927745
539767675
732688618
589026781
971539858
585362082
155491860
831597255
678348821
401323519
132930117
69603837
299912060
394947097
30734388
144407168
318985195
545099708
10563559
190920422
550830033
209652988
959566218
160283413
338705189
191200275
281962837
493752284
353704957
223153682
964784284
413609640
318744701
908068784
573385418
41455173
534081408
966606805
394312606
140316188
841901955
271541261
547317953
185096642
236045473
594230622
259841750
807559534
91634129
95509511
292363726
573526440
27110691
607563875
712923403
419895930
60020125
58624370
641567223
469417569
107915196
127296927
769411175
976322491
855866112
46509349
97545449
402599899
75712487
226343425
323080606
926714571
304673954
32207850
533133000
188044303
711230213
823155690
506895272
263754681
218085056
781180772
451011749
544223163
918991563
695212085
42695103
745096291
429827216
367258569
395902620
355283512
309944446
923555289
399631788
63372324
13859078
80594674
379792684
218515019
500699001
986051072
899353869
353110258
68046419
984472674
158253076
7303767
663444891
113147880
625685921
148343489
91630954
544997499
253835495
327240778
408307189
867547520
835096937
859025155
138734309
231022653
7622724
836670558
278955216
812406728
502634451
331433919
260950017
561902050
750280292
203584321
361899998
324593686
20295247
615536608
48259630
699017184
511514740
154104529
102236440
998785737
905900297
903975011
521904638
415464884
814747527
354762634
218630403
319187923
611199475
195528288
603770317
482115831
152783992
234297458
70155814
130249855
568762018
476643233
45206494
705292272
675747605
209741374
577087822
967839943
5005765
788397670
239906579
257475618
842695444
89411279
740121898
235487405
276884250
140663094
568452827
567252494
693635796
411395472
191037699
174619492
860548657
148095136
787584079
389129682
996163892
721342022
667432123
63801094
430868295
337078444
605009009
734358054
243992043
640352970
323603333
175997508
376621019
684928673
513321609
544265619
493315477
597027178
982763071
700925390
119464212
104641924
108748653
222529999
904022609
147934792
983443289
974112403
403092384
281236792
423662149
578131620
868518014
188366908
124267634
629668631
501768066
506122783
284863257
996031415
141890800
172277044
463768033
431277854
827295917
744803516
93844176
120254122
834380071
569875920
833681859
487762870
152378935
378565856
305528022
607198955
1372027
594643494
493370042
803040329
787711028
54162270
291902611
741844949
299336903
731092383
244448164
732005042
977041113
551127112
116475552
278611950
332378271
820166540
273937659
622745390
815922784
12181833
253682470
899128372
147521833
15248239
942625155
154973735
85286544
418483532
481875724
732208391
108190965
838038842
531704405
25365842
677896671
369655315
527625006
724039546
825581278
780544412
145780321
801758683
202749094
605282451
861123123
996585408
289834846
925550952
401924932
458803224
514412466
637507027
489202011
331041524
902740058
86009993
707755430
195076559
627907063
521865824
537514100
383767059
966487793
607140875
804840101
798335523
788557125
46971901
962231478
46304643
464728732
605016231
443129850
6675339
577560669
296219022
226146056
766956985
481459857
832310835
858800254
671519162
82554645
856339889
736401439
420085812
121508147
402710152
817006602
915402005
781685249
405331012
54031666
962222726
771911852
720201469
85026366
651384861
550885535
986482608
936390258
623628685
118947522
347701030
800664394
391013469
617907473
624074117
800930264
995158503
458878814
575349138
614482903
504303866
434073807
621914
899973965
290270590
982045513
235689592
68235350
851482380
194461770
300121629
993819274
441103604
676586330
286609776
743286440
942869754
932358601
6282158
153366193
452432845
973676842
572818292
326690615
179183302
111619538
695407880
883969016
69930405
467155207
801349763
903041105
220250271
308739966
389585159
627479236
100988303
458303631
103355141
445692061
127662932
222566670
852036933
232664385
736068289
836901619
529321854
478293631
443781124
122912776
979605047
123833664
793277660
393469910
250898421
504383012
100863576
289846184
176445722
822425098
70953998
121504664
404135108
252877784
4051865
569314951
680772296
278580984
560540383
644619247
747007670
442430988
269015035
948023255
866025491
474644835
129923471
368106104
836836610
170881617
282381496
653406037
425422131
773351199
195123747
201084651
416977672
158131394
897953262
854876493
510969324
573312189
914390174
199705193
521725447
947871772
572931129
959442892
774804126
70408082
706512069
369077237
325735207
732963572
799080307
562400094
457186405
237426100
753087476
270464871
625882788
547829637
795940396
424250681
617229853
751416322
341402629
717876357
361619800
691671342
103154804
243505782
407519067
568949041
231848907
357911631
518854737
931287319
422882571
787995007
2386506
296651168
2887764
562510684
930138946
618601003
677455556
5693293
6398057
653681135
213921831
651441425
307788796
720865104
41011532
760532456
26483080
727828158
289848453
849795833
232511845
966492898
518677183
384062963
486228012
419763724
395090580
97213303
803824469
984081620
194641916
381988134
67753594
700789141
639296577
852244241
638066762
814136388
839427167
556989185
600408679
745854019
205020220
962369413
84884944
360994695
848887984
59705094
565568250
567531431
762967512
873225779
675416183
909933937
717900021
121546797
589222763
128912171
594095225
716232828
856112693
664498574
738341353
768563683
747965524
269211375
346328216
59169207
176976839
934900133
496916199
296754087
194119174
391911857
336182536
561056042
755996286
630600891
31516965
304225883
11124957
542434233
175917826
340226622
596019057
374734861
871887146
600600019
345034886
887519976
746006172
373175400
566931907
997782573
876786916
466667777
277311639
691528415
340162903
233152320
349027979
801925825
431663677
290801093
822785239
921224690
73125250
708227577
925180253
150584401
552475367
1610801
39081886
509217118
821463810
613192319
408024231
776039968
145646518
549900085
851196930
605440659
451008161
389736394
752033213
42798624
558133904
676866151
172320263
381713905
643650835
893216695
192076376
460278982
842199822
804282413
626085784
695093709
875888305
684717469
637116994
947747297
29892274
87723272
639885377
916737764
485416381
444867817
320505106
80292190
883705950
461413724
778974083
273509277
711594770
440604847
52339095
100779930
355746442
51798449
299344851
79494111
370598716
441486419
215594894
619329172
474147244
290184895
739846392
957817264
147473596
178722779
343023329
751921184
157959039
888214959
988311628
866159583
599782821
550185648
999352023
843021793
425326624
305169062
180322433
283189983
657528421
743136357
904014482
200860249
831691532
667016100
920824998
584266430
320732943
169283753
797899455
352486825
42422325
892622169
628577706
455173928
616552198
85588816
220208473
125062350
39754146
746153616
557993748
33691301
775289830
716233304
209496054
217055728
869282554
45828391
44891415
267281928
571859306
121377753
148370833
955135459
962058477
54396939
196528206
908341865
361697310
246225100
926248161
754468790
451357947
561364628
236078269
998698863
367117580
108472834
644758866
116133021
208291617
511205178
633752634
860344771
42132034
471202902
481956549
370639004
533644638
360597114
983169343
430998963
550192435
588371079
926166824
167724540
771127853
328737958
329423583
468056623
397027456
465281109
719432281
803239427
304483333
236444848
492001079
531558092
947702347
831447945
54332459
439943890
482891786
99082557
860639856
232774970
519965500
960647357
786731053
727529636
369075423
503559987
402464157
76123763
209209494
920479881
202990141
996474903
363648860
475857543
652242537
32023551
164997191
568078651
592951149
894239547
659957615
109653174
368774091
690485771
481055175
961552120
472245349
123736619
690140328
129929310
740762693
82762025
49740524
205688140
149164360
109102650
389128431
115316994
775953329
62148609
611044893
224123413
215257698
368190159
827162313
248080088
233557216
564101266
69160887
600422605
42054931
664357999
314387683
462972411
175405551
99589893
683601474
103992905
858334717
895545571
725147144
882511010
773806264
809400052
269170567
797716542
115793075
516527014
339160770
778900221
757969511
222395284
534894314
346222605
688182009
163412494
91071269
21723768
754940956
258279863
187820062
794914103
924679031
88995439
559501069
979022746
145130543
399008124
963064841
664895119
473511162
527308243
687659461
59385590
284145907
826896544
800371039
746067581
526273174
526621351
23397580
454141541
442692205
745780588
322452257
478168995
643742460
453576728
255949831
711200124
420998037
129470706
401866634
726350567
902709647
93230094
694003673
71107935
35598892
957368322
26177068
827199949
444996828
395153299
788863160
708032573
307766306
459976595
619627725
53657034
918055850
466933867
307254212
386612618
449328863
62637803
291060032
541868410
781678059
1315379
233642657
447238404
478699044
309868635
783195450
632747506
106171731
356219804
402787813
128618533
101118204
983556
828640547
598523599
896899131
876400206
924004308
142124444
982276619
474639135
979660667
689374295
47710758
483976701
661449115
199060595
826835164
864574994
154049989
380235980
622999444
666586877
335197367
352978059
979323085
336203829
891800246
616190534
148831182
112388202
707205805
563822241
660173767
969916683
857728215
641555919
175204077
457901723
509753704
952029455
218895519
120158299
17806865
535167991
926673461
538927173
651879645
580685804
722595959
372393746
706444534
138329721
608197473
965180713
604664588
402226545
737868796
969741693
231797190
329715104
494283625
207065439
855481213
773280462
499235629
911866415
35406194
853229085
825296841
762606524
237785374
405575019
555178621
382000593
833757379
421077941
525748443
31861437
186326718
283609375
184307985
520284167
597971870
755442529
335096290
339568937
883394133
713404572
219478860
360441957
27994141
123313099
45885852
57572492
888709512
259304176
558555271
751839721
629793135
488608450
671104528
214405802
822771636
988654545
693987862
939516396
87318807
387704552
435717090
548412245
181834973
818662042
162503110
213099600
758264692
715627754
404909554
670464465
580300307
675751175
186657527
897039668
146896030
648786364
315794842
616655290
992347890
965865613
4168068
516012969
606130557
579886430
972631604
508468682
494277104
470264482
91219553
818832545
816216248
961106361
441196740
834277082
16550219
529672844
221728790
254007853
818737206
517935432
635794993
347437191
999377600
794079084
161889350
296218647
401975191
969039578
994809512
407688685
28323386
269199956
547828239
57911995
540240961
80334196
99124653
362723621
559778405
365466747
326126263
468005902
216275698
788916736
500997496
877227375
690141330
226460723
433152199
931733243
619612078
309614723
212174277
320517328
747263315
839630597
255049810
564079755
401160161
675707818
836438009
149002185
350624094
504287432
390928504
161214368
221528282
57892136
122891615
427650026
674794245
552593640
921518704
670193354
372595924
184412741
657774342
789090132
804667508
848107727
698908188
332156377
30375833
641824879
624729165
834127244
250651081
897961139
346421367
958059277
158765927
344420080
723937707
356638127
136366910
95165695
142337488
636530753
660853938
436977706
634715845
403446999
9565857
27047735
220637679
370002499
821838124
376516015
243036843
766202773
752297352
289758349
70559043
889933554
531691868
48013877
708433985
972169208
33152700
634088185
98560382
847091977
820374707
579403506
557915373
757008690
914165214
940291223
548070138
386281785
368447075
47738645
306953081
386950993
77420769
608471962
611481664
408068706
109122792
579873615
882726808
809851817
419464434
547796244
448938535
29404388
110575968
827984323
11758675
432399622
495788890
286681043
148491872
175237275
852032511
315284080
540513473
887599865
411243684
919130024
173227423
567185692
513379255
669577471
599035377
919369579
485396846
229138974
943964583
907190970
505932307
127660433
189492373
627016762
977115914
451142529
21160966
19125532
390148013
182222765
520172214
415655126
563518445
818605161
954306382
183929751
487566227
570172487
702586102
640334858
401311390
278223924
963961974
245377866
826566765
141174682
119993502
73312206
783923488
21212910
981452828
903013921
239620270
358142672
318693080
233227338
273374140
418102275
994008778
325748243
736287627
365755508
703939869
315873426
896419097
676804385
122786445
339537836
624095899
738348289
171414360
496583749
972065664
241268402
768935683
789427913
585630287
600077321
24839601
926979626
678049898
709574748
427308911
3771514
980585772
498449382
605110613
534027354
817449383
37210200
67775925
737702527
616030539
147121333
860720891
174875605
374614901
721630323
833617443
440585515
554607307
771666975
419284394
327006419
846525258
890018783
509172447
491071390
569552169
311012166
223700522
419746029
483277998
6886075
734029354
19020503
836959920
941658985
690223925
436950325
878311735
636416523
450892858
825797270
368302395
875953685
213633411
745732231
514932520
785536868
121947241
494830945
813020005
611240562
889338405
470877348
169613445
693657007
278931756
56956349
704773393
106373934
165909169
222081073
852576338
801240920
909618654
784588849
823996589
584091862
447404063
138908718
758563944
158478754
449284250
482034772
208859147
802419669
154689535
650570626
655599217
948760204
146135675
316957765
729503925
334967799
404466840
423231291
781584042
258126941
371294220
156549324
204019858
187328604
721824188
78655638
926965054
933356765
844414101
705643537
632509981
647700159
703299717
331969312
495014128
41681100
763259314
840175690
216054245
473525569
59897916
854220875
59359318
493550141
279934671
510916619
17168590
126160107
562419391
464217565
785930607
71200033
965283792
458565269
24847651
126265715
218772433
539791350
828982362
239743076
945664935
478309824
619535739
53325120
290362605
330170149
654239692
717122054
340173252
528733940
45565427
965054309
220191874
457397448
889503343
18226259
343046835
578359004
182204640
62567460
301492546
810688123
37098758
174351610
608904046
925170576
12065985
20512648
609947735
998639898
427381436
51234303
736955478
660472059
68599781
818714425
336321805
150008381
640704787
830553332
362347021
163026259
390237079
739553316
457015496
42918547
451751700
93269878
495811341
727954967
417247264
910207685
116968330
614407286
378165294
299229382
264701077
977273205
960447957
241140971
9974047
995731358
98256462
885879743
537508742
648379079
516286250
786804147
625234851
428965838
638126442
482584634
321837704
784812153
133929753
376073347
253848955
278599539
549317809
45189290
946939725
611556882
367009950
33222412
717136275
610483725
230960131
213384033
438837623
817865453
476310744
280715288
644087372
248706452
465846201
37276521
912258400
989195264
794221745
4839832
841731195
153516227
40605980
693712325
110077976
183528562
806629128
69905202
366053341
461599408
827277802
73481109
244535701
476166984
715477553
276911831
401054142
914365709
540455305
208851007
976791657
589298391
350540953
424007819
910491055
844967749
870908222
74872529
596510073
141035623
281902841
472847365
547150597
672048169
51429147
437584292
503113673
803956247
913789910
326423218
306337914
842475168
787352232
788031543
330113031
131428437
224009044
800908426
933744477
883283390
650891697
426508131
135793959
763563680
883799806
889755222
401305620
896045837
753822310
321287413
680459655
277759355
325889700
387144070
576897295
630445511
762687832
123384907
666378131
133600517
281082523
736855521
162192271
713753358
901788024
643641288
802808895
938599388
466211404
490418730
584922200
954193353
964449940
820362059
345543173
200162880
399492344
759100766
533939801
478082422
409462106
343889736
67656727
646947857
747142997
324928610
487930943
500483306
178005675
433368378
798320242
327036465
141667120
74620092
868233221
219668937
845807253
283933917
187469529
83223783
390413147
130229972
46137273
404296542
423273
394456043
338339905
496237085
159942713
608380300
804055338
111564759
453470000
616523070
576203029
772139713
75092802
412321163
747657447
83674820
334699693
439326133
940064752
139529925
620319960
731205658
149016567
549301194
208548552
614547180
564834816
826585711
207616462
660517078
213874508
499344836
108242558
561650231
77458506
198397489
480749127
432888968
905018880
204907410
942539341
299201155
142673813
206653726
353388168
777120877
746818795
479649233
459648753
162929621
253548127
326462792
172331732
179590230
633177846
270737719
93408224
750321625
82275870
127080604
585431768
890875026
828545987
545911793
477148669
466973821
471144466
790632243
914254207
190545300
617558209
61928844
439676677
298144963
909586177
139084792
959233607
536372660
621018390
419945703
12894147
185715975
944858331
92403916
64046852
500587999
820838789
391363349
644147742
807965105
872961139
15573309
960127273
521037955
931093536
630111210
481369718
352145672
892681565
10813658
665992333
67708683
362039997
311364695
701165985
32383300
35009463
393068679
477931269
836733387
768783321
920627564
855848330
764939106
539262082
414541505
613382788
493831808
122155349
485920409
994543765
917833083
958592841
561977401
404150246
805006757
605568690
114443778
793543324
640074340
492239025
61964196
870361459
25011895
222870892
885338067
763416351
371612643
207765781
675771258
768928505
846922635
176876670
607811327
45102127
152423213
68189213
520530992
85841539
324149496
297295031
243479268
586965449
537392537
35594783
467573895
652791324
151424413
886860194
239076323
539485162
268707209
677695708
766363736
916497899
151344102
393308636
348168718
215177807
549397934
467698680
921506370
330799962
785677136
530070289
743609793
161212302
825328669
718693508
106337220
9712959
665233883
41900787
852396542
581904770
926692880
968045757
177886136
773028266
607652772
832754961
342446412
513049539
884830047
590635149
342770340
606022083
115677600
158694601
490820934
207660197
283883541
810096965
913430340
194872460
875472152
909258674
64500296
771558323
951824547
439305648
287778678
650264871
255010964
603751016
840127098
834535910
649650760
133526003
285492932
2241926
831860096
353274572
521282565
784535432
849431963
707689352
353295745
760686904
205598473
305136987
568878833
288075506
769435155
150374609
329743417
901271410
787500923
262154444
515674184
75973964
310031283
440642983
560571281
423824445
267796449
805553364
782099892
157963130
361781029
769753299
172860301
138986642
549912452
311925237
85158491
574984199
507322576
609896448
307072915
622596896
183542358
464451725
821188236
880432404
30615160
858658895
518504467
917162706
264663167
902669477
803297548
987155356
72456106
402308865
611521327
422923384
890240552
666414113
96441559
376929644
811795332
767042489
592555248
785223907
631341481
833675246
385818530
178913623
777190834
61159232
541589136
428589702
838571292
326397707
533476673
515607148
731507161
340743977
728124099
386997467
501289887
158038298
530709439
815712936
911144371
518072547
570973054
622894828
932739617
354048629
199785644
986855294
493434007
540290080
171363480
587966596
144927296
500263124
138843647
217088921
939936972
414943245
45443838
822186937
62297327
168125326
850207147
524981480
298199150
771804493
548595634
98963711
994159000
524442836
689958763
806119955
247631330
711748211
244016608
639856446
918787336
12367277
955149699
25746381
87239943
843357437
363215869
853983902
776564564
683646751
637150066
353450517
267816947
428597851
314656449
912201100
213901192
415560765
339848292
155244981
466124133
142377781
568364895
285689153
759091086
517459660
801784617
662739689
202206495
194962981
538242811
665587853
590366747
695722281
637980167
104016120
244189251
832625435
672556938
213097126
992709418
338258399
456700248
900231554
990472741
42300619
237605596
223586342
468417443
249124690
223650645
437506108
963835506
327985098
9990744
48450452
890878914
660966229
432572283
964979069
777625114
577981858
755655757
386786481
713794094
516661112
826703368
925277225
362179359
334774719
766767742
770182025
309206768
163888265
353827228
304818081
826600884
280530308
752612114
355327349
996611152
475528694
608200027
908316337
603127775
991500397
790786254
32153324
302801283
953661523
515401333
11475949
416772582
658108263
839172576
363196877
154014448
290882571
162950673
70406070
691264449
683140807
692029198
173376900
743061894
406823906
454669007
73891021
430457056
237361017
469804851
318234112
421986136
664100941
366770425
55233572
112603855
306292971
212231390
879877786
531678874
261960292
775707910
588660620
806784426
310487125
653959542
828624093
759852812
448593340
315913326
171119799
930537802
295355974
778383124
791065172
479521797
967367670
864800697
18369664
411491734
822844773
202223100
187903558
265647247
844253336
533758473
857041384
46384117
729570569
154024073
646696759
359522078
373807585
325273019
701459118
711310421
62309990
871540079
628434458
469310753
609542066
162664285
62131778
61217813
816912649
200572528
473253957
254473984
453722980
203837710
846298429
209992788
751362954
913177872
940941536
374163687
289213934
522434436
247915775
375517371
983935434
533831802
189108926
62256310
10497462
844420188
761855456
205454755
632421425
296306052
849836227
155049191
556319835
897148910
725811969
195908974
207361279
226261433
805576078
915476088
621147167
398190894
751336033
417980032
61333487
685553203
283148449
180154894
266057777
392271246
986117587
526892634
125139079
838376238
340425805
186567773
156345313
981902564
37969155
957998415
598265047
230789399
463058361
580877789
106024141
31605703
987502081
933079575
653895203
211095688
816051712
278058753
743865324
817471484
256361890
492462514
435929990
672833314
328891657
855058963
20057932
518246321
882531343
996022007
509446914
981618113
620329792
913513598
618610212
916513311
835803953
36057245
5395408
433006252
272036302
406051939
381736234
588406379
682655693
675690392
957608676
662498637
847524338
681288789
92497949
615744363
747192040
524257301
494227263
30048385
221887615
659776765
89398659
503325054
571421147
426923801
787343163
659564922
618326186
486543985
129568964
613567528
592751320
305548655
715687277
662517856
81576444
220570625
81871011
795524296
311686392
173172975
461503933
836428176
551349730
981990702
134882586
561575421
803894822
867724980
16308190
836146787
365909655
722386781
895261119
403149261
719127501
69084089
461418405
667012273
711446395
650231512
799183907
342148030
731750725
57833843
668667028
183912444
985985463
169207764
922671185
322515503
658728741
208610956
662777367
376892032
616333118
242150070
16393076
156479345
253198973
111249962
780524032
784840644
172491146
598422821
310848524
574041846
635713843
357902599
858839699
131982696
285917020
517041275
302530400
160444820
477317080
620598852
42308873
383712427
105548725
157940259
439873029
884854043
447916031
775534381
822282328
422878087
983407688
74245682
23225249
392493172
962872182
858313167
341016473
323738838
983205004
251325485
746294057
797772124
202359034
256709055
938879013
439934494
431244612
183013580
798328924
375174790
800691845
293823809
561308909
970784128
884299647
701098339
902488744
170516195
436964838
718368460
197091682
693056555
217907076
801469380
546317665
727647872
928305271
426275444
197251021
625126619
678880832
715960302
339332391
883656770
326656680
437276826
485588700
269191159
758819714
27834487
277703193
193559489
886671679
536529304
780978535
185014488
561443982
316387185
571128770
96141601
66680953
820556039
910496705
854725168
692866096
464214486
563108291
66521172
999392654
464398630
115639297
810061114
106913994
770822977
107863873
226241140
501424476
566207197
670812801
646416656
194583953
462556672
669446842
661385169
622827765
320055491
884902202
988322982
768876225
418741171
792223095
288334444
248640476
285127169
821694729
172145129
821608065
496207243
917866908
605901941
850690239
974095438
779003391
320240848
862209538
310677523
325322364
822626077
728853865
862869023
671095596
733306282
967920431
865256142
68718563
471962300
211282776
631976007
294570456
31302954
302031441
494223843
170135104
391709682
573451384
360448526
672432054
12279003
237648030
392124985
753554023
187689250
257697141
458902040
708863092
699104656
797538865
505436399
988565763
218633604
130626188
586853569
715918664
429074224
571340651
198931088
823358802
687463949
734797109
557121575
666627294
713173050
174461360
192622346
574069961
891417155
122950415
196609073
457603736
859953239
682542862
157808779
427311140
99017029
874765306
235199693
221612785
999111782
354448146
967090983
30948902
376124747
937064726
904893030
483428931
664162098
97367454
522790345
244997768
735405346
949849329
249302230
172958626
358864889
827445775
216691450
961656226
902151054
533785814
883691980
204724300
848921399
349672572
711627418
597021375
429166799
727602533
845697284
407762292
987655340
931053178
746154497
238854665
192317977
518822401
940509373
102550138
119733560
508309654
386847546
95047525
302693509
710969183
606783172
918266082
627769926
305945335
30578296
155879629
123895904
740835934
748025872
229745195
123798996
782049594
369147513
451562017
933076120
774612234
990791304
377544144
791386493
465003207
414777799
329726961
617754358
4599492
532461231
713196706
655686377
983799105
952573050
238491044
250084557
646003378
334243404
511599025
309892983
148256455
340064783
551557139
656613192
97018370
673793530
97490201
67497580
885034009
200607670
976432686
62002165
706411656
773018195
440284241
994614424
689356335
667292343
220085977
478323384
167299992
498558637
991467236
388380353
486603736
464580956
982756132
64638229
458181490
863403239
489121727
939895793
522504049
683841999
641347559
837296129
761683239
241985469
905323542
328766140
942800189
483257921
512735057
233379597
550420799
69339675
196075314
283625452
329862642
634107844
337053040
456058228
963485112
816285304
710895551
48152632
615497214
972531525
803522485
887224623
742861589
738787606
566701347
162732411
336451633
5223364
185582413
619226801
259317134
989538807
286140757
272840315
52281640
793265089
874038707
316263941
296684278
774207196
705041336
208123029
570489117
500251371
289397551
10901553
62707699
303380020
437316090
717014799
300301246
245826588
30149739
400098540
761176045
503798746
744770191
719256794
799525346
342851536
258139276
497465940
850714079
791613691
67672319
673388675
661327239
43961140
273705154
812373938
444726377
323044217
692898355
327882634
535331151
895730481
776647444
807459115
548479721
638148463
455105337
973245263
643670234
921969766
634043375
33046491
377393443
31598546
87728076
594267023
355566052
481250553
33789949
679578064
805628982
627319309
417773853
604141068
121861508
752684074
175626380
633856567
460531582
608217117
818945505
439586551
766161830
850379828
397809045
175876710
537108944
142521545
788604311
942830482
305292473
267507349
715327563
452068948
614270426
803279836
348553721
75890877
586575960
265219693
366883041
829661709
640095005
437020233
248630258
316532589
95348701
46555739
517547907
19832777
728691709
194156574
956312810
992999629
190859842
816130395
880843714
686067297
841864282
69159819
161565039
147652260
184615210
49395953
668429726
195657161
679018458
477496902
253879155
552828831
117016275
80055370
742303919
165490333
200875950
477465970
729463453
89026909
732264877
348113684
641597786
567225659
4839568
874920485
446485374
186860815
983139979
203930567
274375404
430086023
998021815
91228662
488271440
542923387
144110592
703954900
254559905
353596285
726938405
840219955
732333851
706872571
30153671
407720575
233841461
310429658
765310388
276573213
664346159
998898394
22199580
56293210
45527586
225159093
281093808
568006378
609873882
383324572
298405761
928307537
615295645
563707912
587544595
222547875
946330599
624488567
180229495
306862521
629274204
389150780
27479990
116992313
271020854
362623607
569962169
498089162
315124188
730998303
352439282
20073977
943051036
38144789
470324508
849721967
68994815
142276671
154293535
483367925
841881323
458200319
574874892
326129935
280009990
52180691
348989306
520425549
63985074
562982901
14771947
737939166
356569029
927490922
893444171
986420606
621389483
449581915
750081773
890898916
336629261
422133303
126014461
745790485
889805430
808555959
482674568
16747254
764778281
290450462
346405540
218647189
405942607
230183307
48412431
662547972
496139108
492327710
924053524
329083139
500471752
189162207
147939814
293180108
260937905
286291090
298194200
22817512
492405493
808279976
747789797
497396686
448988120
258241623
234542451
295088939
198457967
333389956
645233991
295416715
352767215
208975684
317979373
376584830
508945639
412971041
743598372
624229249
495781620
622925736
380520387
952396380
402194428
970132080
373847249
71894549
656101490
589455567
621564348
953027261
232697116
916160918
442194420
843363881
870954201
294193512
360743011
753964987
19682171
797393154
474098313
119719025
112783431
730429996
869764319
580579140
803142432
240899064
42660100
549736702
430385036
414155161
633615571
317405232
317471917
498181965
223261
793255879
747373987
735737093
480124996
209747334
876179935
613614114
795581191
10075298
769494276
109887285
840655258
699197961
541436421
716489019
151134186
387595039
491862294
407856472
878511220
813252454
138227086
320998123
756521562
870624714
821754010
551861586
704364508
546340026
23294676
578299682
882468485
566463755
395177332
872946415
711223141
572472445
927419410
534430504
93074166
80354151
467411728
59029904
91528935
745463529
897805280
851246086
106069050
414425825
134014857
583520411
217977258
825750186
688392507
799993487
184909697
731396346
375147327
752800147
132132817
972794999
282120430
730010432
696708779
437549514
655290583
20418896
814672733
253216422
673063708
867767150
633538295
198095976
923634109
574433092
876267315
496005533
67924617
982395065
95029067
325333854
137722799
782619664
67064056
595326288
774297435
868859292
45357659
865650608
917236076
121159447
882594394
710233080
946169170
183661993
607830014
260872108
95515027
585292521
922605865
581524829
449195257
619331170
629821540
549932243
27921522
737652955
607836513
918962856
955544587
877249486
424998765
188169241
607844638
506523272
406956984
413971879
201417175
145303189
822688029
500935152
35210024
571277128
870061577
317345088
221089128
517894646
372219918
891629053
492474195
766007533
508670053
195053717
620600138
287946676
568748965
757621605
841115285
340376203
367317191
886211859
876548807
912086699
218010239
528526285
262853388
844679114
408559218
86177448
340140704
837010732
43357992
517106857
194666373
344523663
195361236
919235261
888612058
775108172
10549965
181277833
902015128
390149864
50745154
60648561
915761578
436998321
321834249
741080914
822002148
581041043
664394014
293318522
68539353
915403275
782982841
56286022
463937321
900355733
154224508
274895838
791986920
356434754
442525184
676845098
384652529
709528924
858112225
419452612
846987799
873284872
161166689
553197474
974377217
508540097
699301572
76044787
4176479
982220678
4704079
115209506
240288019
785176776
628111344
645816034
616058191
880091769
834428660
431000140
226659139
769071017
838968950
545385455
167575891
143609026
893069004
605088679
348162859
621310521
7089938
526146630
871444633
423830843
4481937
67031197
210325373
894217622
434747504
512665891
765335700
146146856
722903396
365125523
918666263
707229430
957842953
18297978
605198888
590236094
8249698
844231793
452249122
455944551
388187132
893656138
387514912
219608067
809525961
680252445
962089014
303027520
552329325
158243027
264463039
469829623
350101129
957244003
757891310
875966316
670098880
477341216
734986198
220916323
969757147
215295048
348504275
903679039
502597807
585675155
679788979
571938317
924921384
621588302
807141001
760229161
301874058
713202586
869327080
262191186
14617080
823396899
497403959
432599717
923690227
90319176
720687192
703547712
109391012
324587289
859769752
888141410
346937693
616336268
291513011
334483407
936432886
67433629
903404346
349908980
806749276
8021579
921124092
337934630
221129982
768071467
230777664
54507212
52030457
782920342
905577576
359758752
688123095
781548503
413727425
381716385
775616785
781492029
628216097
573028986
235550487
291464538
882690640
837965416
74086362
793351387
243664351
789717736
798478424
281816820
696813910
105562614
666527973
521530710
264182422
858195254
385175845
418431780
674518591
422581966
272499022
682704356
687211766
329017873
717200569
451889525
691900632
984957057
402052088
73286085
918527781
530343858
263722731
187430592
108348197
717904372
421038935
713094291
945619667
439812587
900414628
615942068
591338431
18206851
933113142
121960809
544160553
803734654
712268124
107639390
689843723
247692212
139641617
846251146
859312229
409334845
709898538
72703921
340735552
45178212
154662624
518198405
744179340
199134661
602092743
740571954
798328167
909377930
999893366
93424093
962917137
779436199
521019318
784046089
712475446
377658840
401396669
633029156
395923361
431410961
48075764
102530935
484134272
789797500
795820012
930216291
55825344
446092440
166202084
47628039
890467158
576774882
966124050
931077897
260576726
702752131
12437661
988745037
638814799
880899771
558345614
837080294
462595007
561700300
19916003
412109618
199251910
873107425
168783441
525661297
919823377
862401354
244705942
708229031
986123971
985957849
567688538
601162210
213286652
826430013
808762228
268979418
557319593
89589822
216356861
24516425
962236777
656772954
782863328
532578707
28793264
83133459
822414188
568608038
972343180
597032386
900626237
864657528
893597852
578865975
590566680
820101770
852420802
269054688
189629052
223305622
868280093
654477382
515509810
248174180
122632432
738503810
808753097
306702768
619409810
496820594
241335910
574348985
833398968
516507019
895822704
24160743
300753880
454881951
809348241
547653905
847263071
168140073
384880240
103004153
473096037
280362877
350528847
557117603
326536873
748102234
536204610
22008258
710057438
125942385
570274170
941890602
614024300
854712409
1726000
302157576
890106887
620606192
723781119
563467740
604768823
630118841
700089204
136755190
358727599
230039628
14450931
11322092
175531335
552002618
136724074
807523606
827155369
147772961
802104605
756056818
539423698
74546749
965615543
275892677
27863461
292393193
452019739
855569372
433890539
714132070
715059983
825886940
976797300
485648766
619328498
706014188
286207133
158033678
721167103
641472957
139970623
709937849
242662380
235564620
863603758
475606242
634768164
127561352
236433326
11504870
738110316
660034707
710765813
95711057
779768891
340702247
307100678
190840453
161175307
304159909
124881455
937159796
314166745
259569017
270449436
225349152
622114904
365510502
74351491
135163130
419838563
377170758
29937919
6367341
429186650
847418240
969446687
887633682
775366040
210315409
888819009
618790681
467408531
387562117
489282405
654723606
941109374
43661635
930528702
163111301
270288802
660325131
882126754
189190971
733834744
443190107
200869748
637160681
593073272
398797076
291653853
120236388
970797212
537311391
935619971
377371590
432908517
399311183
493474468
444318429
249187414
788293379
114075223
556703201
111291414
40624728
301611458
314225970
66774165
293832371
437456362
572152667
278146553
661348597
879189636
109906644
601650869
729791577
274862722
387871058
519904431
132539822
555229390
653332592
314247144
591709816
276388684
543438170
3307063
91951495
193504351
209866586
746438553
546110379
413750234
244722962
178247938
550874394
732171609
134623425
40294058
832993835
550290319
513751366
714506579
833148897
113261158
26262397
950991322
429692532
838332879
906336242
456330914
425577681
251479298
790839912
566694150
376590865
12493230
895648025
996678222
902360002
592595616
33071736
642904315
167718015
676800996
291881940
878547897
787241239
992128912
174783864
462317007
192957879
821385603
575713866
355846665
770848830
791494488
407400765
451766595
761952674
845160545
803136155
40443068
102331692
349277538
805466007
328102833
14679960
93969402
74726105
163250781
814616809
189979414
682754297
669717193
744889798
933373134
687434477
463932847
71603732
877378352
875838882
845482051
92344758
146292010
924304920
294990038
852256868
20743582
569414846
542607082
230558543
173537695
67543990
163732901
306880127
821969582
485768804
210063432
387571981
434714041
786419176
371393473
351384435
16052396
925447522
697402617
632819089
7936275
43362486
134559506
743992177
316211195
949508893
228330824
22064189
927564744
537584499
307435746
870128748
154717501
664519579
88369298
688143098
297084954
373967608
166695017
383089834
973229639
46549554
829226007
780957996
324932554
98213769
596113980
45051778
8818801
515562061
59133361
238216058
156189591
920896355
790658371
883436706
42302911
497892913
875260221
517881043
994910164
700107292
789251398
341683056
515512700
872644926
290444063
519360285
682139882
406464058
458433015
529837951
394729360
182483049
116349628
668481580
565555558
534135026
401200043
901440220
8792146
206988915
831039348
584258019
529898607
503649783
495078266
870188523
942342928
847973799
197299228
297839123
237804499
136809796
490766170
547142985
59021969
937358642
66452402
411448809
300848504
964710435
829703885
96534849
488881581
801672272
60096655
247734121
77257201
503140768
242591073
383659413
461121211
703881461
446181266
826880339
159324567
269510218
218844831
916982348
926762965
896632093
519361879
433876627
705574118
939614832
962588020
237943143
188966016
347042006
681447266
443366456
326983842
693680870
735379361
522454990
555242136
366182833
990946127
76351587
244550487
960999841
255196553
690279667
855299366
428518057
61406794
111816174
455829936
832305611
268165329
518922073
181037291
846629153
205525276
786216035
378624330
243899334
881885972
870903891
897319554
728085954
430366442
40359213
348803566
726299377
632763546
721170219
115636051
965484529
394893864
612868668
683122612
3862355
17117977
534655191
361006662
949423321
42290886
567703075
457340529
650798821
893711812
679321054
39681105
156687041
538646304
228349277
90061671
198542299
745628249
969133948
767305120
602708854
597758315
720169188
643946490
829688988
224909408
208343486
540988186
229310929
341922617
551414536
628504252
683773651
805064308
981012989
436761394
446905068
499463466
279472431
617678351
731163760
472553248
446748999
247470889
48795687
620805714
830657012
582375137
854633126
116976052
209878659
587213127
990868389
645520108
496730409
473258828
486695941
584232500
855597633
200080633
990424504
322275712
25161150
714363245
8479120
960914536
669491958
145560986
781359548
458179746
476854064
524778776
641633996
197986617
677672468
682278771
599401765
520981296
806264695
613076962
356982861
163103749
316218653
252207061
797019754
177170720
353094282
218318232
228392936
826597590
429171089
669649650
759723023
153663252
782044269
883437192
444937610
160888283
646925808
669622780
408896396
939462313
82726780
922437681
22846731
841830025
438899591
336694040
78881596
853755618
539934039
539121000
956535917
782683277
564972731
846582996
340818461
606596325
788913951
725275548
510317515
895100211
345582423
324499163
301724860
886813450
220379494
208883611
734053211
501734047
102115341
173130797
416421627
265066504
193688952
29034900
56353334
272920511
641279816
382288451
235168512
916352275
23627857
328959413
6497440
546410417
227167678
310755657
524078136
993000845
661709719
776464617
147593612
64514722
988468596
252679091
460823413
354611706
57707848
275805913
89261404
318384359
11967612
273398296
980848896
998123984
379656871
470154217
789696169
671415002
338115264
891434450
318040214
227545680
284498701
356006853
933059321
330455802
653334018
335965450
741371186
241779252
636563832
975942115
100222879
723503563
365301140
853367701
613321968
862925710
328015303
525614578
891488973
838661181
284782357
254140562
140712198
422118331
671928993
504690775
980458193
38938766
318116460
110938477
588595002
598877744
527954593
877073533
278746861
158222889
276521222
400787855
927416766
934467296
38577517
196149899
869756110
814526687
927283952
315024501
478017083
394616575
352922946
551785019
320647425
766234709
902173422
609400937
431452093
883660212
122416373
602213278
988785615
535807261
747563976
655681919
140612716
128963154
210233323
841650335
353508672
594776155
358654431
55454624
205295466
128466699
906220
414367269
698320862
35905624
58664668
48573721
992278833
474541635
509764904
348771769
546074207
784671715
339729197
681209922
904498494
749447723
35538197
34499453
437556915
578722396
294484808
129304192
601609983
503024248
993725184
630075909
420508953
459523463
625376157
507040601
820483330
967957414
384855220
727249948
862089032
192175219
874139618
813788347
770669895
598452748
439649088
305419985
61560319
568242398
955517127
197407619
241208602
243501295
229969629
513255305
961130574
503496390
442573977
999038245
951242752
424940013
567433981
891346341
231701746
379488867
991475903
952638241
321546372
185025209
192136576
820631785
310807720
842309381
82402692
308739668
304137842
154114847
798383535
798148459
745578931
522165580
409818298
724233526
11386369
689502603
152275284
858028553
286760020
713135042
522803531
983114823
917058617
651962327
455466044
582400575
576455626
46516393
130133911
37870147
524524426
475850726
700813618
23176296
16613238
598359749
128314390
554449564
980991030
75331505
518671176
414195388
394240889
181510770
289783481
797982519
617876603
164559632
238932440
589669778
568200658
962138741
58971792
521194564
305715446
749214620
248407834
864461220
314193392
601462944
593120558
334905376
440073246
493729283
483533575
903398990
971106553
518319171
464321020
65894098
500982356
906479295
662447320
76036495
955037635
107301013
63074807
784334994
215396190
359818412
208483011
288738676
673899569
976779071
142696908
300775726
365902962
772262671
665993462
402696084
910089308
976629870
948592475
768834046
667178402
13407080
665368919
393661402
176280646
106302024
480437203
968511300
796155780
79538800
823734420
221533016
439676861
822671931
140317860
105182078
620530160
228848953
882903363
84800520
113341626
788113642
24607669
376381871
161471755
672063830
678057237
941962966
516067056
952146104
237668768
876875741
813939576
941862143
505340432
982612655
559583099
717477120
908116307
555990063
930460249
242612024
319134390
216468714
472372557
879196321
356517974
145097206
506725032
138361915
357471504
546095849
223352280
494809270
936991498
698864312
126563702
491992502
211002175
720543994
998043293
501212973
762047047
746354155
296627390
958996228
936382424
150278691
970807919
176380967
476894517
832066756
127520485
283533568
782928285
699985227
942663521
455416126
364362962
246801025
140571954
630563618
320733550
600705819
397491381
194235852
463318383
599619748
799711092
25516142
885544524
142636040
86773383
468881477
363498466
691050851
439154722
909339053
640937926
138581430
732022525
584349167
134124427
693966896
205144132
515719944
113756203
461846429
72180123
356137087
240335456
52405666
623550967
817715593
54892195
436919976
477982825
546022968
880473777
907477064
201564386
371108134
850814956
343783954
971021195
758475875
291608743
301397850
308137160
386318495
480444054
206401915
740324696
970285684
472599608
403592252
292365991
939143181
885417457
5118680
522276054
251645543
679487803
33142257
616779070
716078217
971993092
880118705
327599417
921918475
813544905
40832189
123186759
466033456
864541698
232017566
334762907
827653490
740328256
313129149
935240430
977021199
170241831
865831890
809236136
136318360
458457585
573852819
786548082
530498985
444114778
97005743
822290449
442769911
938083551
499090606
381769108
940881644
336314106
120588518
991159025
752872479
906866586
818577606
46579575
192876336
989587966
310477528
589027294
208256853
96157876
940055874
524378116
859201052
386517667
835742344
710003419
220388837
763971638
927212960
600231206
431240254
863245550
299206225
972090330
784040974
25872643
170960825
427135912
469778080
526506276
689805331
524343771
356870968
984200029
979298919
441181417
912330633
128525577
51154783
963846725
424787919
996147748
481585593
636486590
913088620
686265285
138203014
775949939
745802224
25413992
571424372
632530798
660335126
433922756
799717738
421650771
361417429
750248408
998491045
341839542
86521479
668273012
785288190
747048027
358893938
791244497
131847949
653118592
898562374
608832404
253028076
958822798
763997276
501791328
787993850
302552872
978572123
291303381
790955601
122602540
491936172
111258690
918081576
996401807
694524470
675852879
333939750
88712012
630997056
682316924
292211083
756978046
223701366
762930940
869155860
502934594
422126360
809037021
471264246
841149426
176834009
288810293
552203181
607520571
516035576
88733642
686418191
312163441
994846317
944037245
477367939
323814750
494664711
481202087
842891603
684220098
474041754
683506650
931455226
241153353
223303902
453529626
679089886
320075534
371526786
459898726
970511390
621532362
369373720
229112403
756170924
955198619
712142041
580443006
457935742
284091659
948451563
135112876
131789439
982093913
69358949
410545306
775028707
888304650
177318363
413126627
820827753
827340225
635072881
725676362
277955860
998671004
271110980
520022756
421019355
409280642
487120939
435454359
467223220
269702744
829890361
598528651
752341152
106416547
962251002
178370262
588202122
429696937
114618066
783356359
965314328
749212253
24092483
71603720
850069425
496190600
746353485
780474015
84405676
87333613
437281769
612654866
613895285
71745646
983834767
535797498
906237176
906093947
590989232
852294125
176176504
519711240
874463549
303298184
735573568
395138522
285744803
820899346
956902796
776189169
999794046
686742581
765873569
536545724
558220091
334550393
582448722
794845266
206761942
590331082
987830636
722101758
473764451
115959262
102210831
674719552
2159413
36287772
264390497
795290327
653480826
499574566
141879135
455683556
415024942
714690373
895030152
441044001
60977421
671769892
369123404
482090285
232481781
537211696
401110681
124311003
202066313
595049817
888599342
818252574
189517587
60120322
983371543
486711547
621080222
355868162
96154528
782407978
39782158
243344782
306725036
668953065
725103607
722338387
419740760
124284801
769892307
751810288
916457186
981795970
425238518
115222576
402540204
840749867
328268333
101373156
657856567
276804480
221824413
462448044
721526716
496419155
584119598
377471644
16814761
77570747
450404041
670734651
149373108
397615147
176508473
357338911
676755862
623862190
750847596
427761956
394333570
780375540
120054287
816834840
181675756
237445817
348150030
933654509
502794612
82693898
264289746
210568090
113436880
405736404
716286467
796867944
605213331
608102525
692521352
312354908
990472594
117801342
208291982
398070641
313173015
296234909
859911381
70053742
613406494
980984591
303274779
905555136
851094331
372317124
531741675
607423297
137956649
193460986
538251126
69511595
626294135
260362262
190918464
730200470
411620338
892467788
484355832
149487380
39606364
413569607
865172994
326946988
64667087
532124701
534357498
602846653
184189153
371929884
562355518
237595627
783544649
834901869
984199285
763133790
927100394
163464709
377451114
707534801
37492765
153924818
631960940
776800679
886126703
4446887
900284001
336081352
770212416
303024675
751746326
684312145
85308599
538692222
999579868
435455056
436890825
126201523
238610467
250362089
391191325
287151368
686625904
266372790
294962595
967649792
413526535
356511391
888023069
315863665
676114575
445827254
811957612
699171998
368379934
496531270
283266029
962376791
631075788
658347994
26409631
134739800
582235288
14489822
429724822
404740951
217006011
151856599
778585363
15312122
285829403
714926396
377830113
460954317
705091017
806540996
425955371
772902623
306359548
967416511
682283824
500381056
272657344
68138243
733918662
512765769
607585967
107434386
300508356
151851319
330760776
223176426
117181386
877920843
437384454
868468077
705384902
878205671
753136131
211040941
538623903
918881514
810872130
773919957
617162928
27073174
350016206
377298861
381209574
357827061
287705180
394321530
187923990
320340594
701063649
133670782
3225317
270369972
317213728
380699204
732941207
997666062
74143314
861185997
5693067
466622493
921422925
148162901
234474735
850657351
995385193
825541445
681342208
662022646
105681016
478766383
785706623
160341226
933094010
954482211
180936313
919445198
765475179
136628317
829647607
806431220
812335041
349049838
107681624
370429969
376726622
716992357
717010170
562560452
654176260
938582242
407716730
1326331
525552315
30670123
857545318
598831327
112868246
573270850
318774667
603295952
977172066
387202352
400274405
901993656
84775197
446660923
814585441
907664719
682937383
638627204
484994157
341178543
465398868
906674317
328333389
706206486
16111578
508703476
593795287
922365708
904799397
368774878
399204016
468941631
617978372
806497320
899551404
86085498
200622791
51871672
116311193
574387898
492784176
327502788
197787077
167013473
770535981
926818792
137675951
9749425
154637314
282469533
407631257
745627506
496691790
35461803
88589849
718102065
183933813
550500648
267078616
836428203
500250074
286022677
105389851
760530409
851961338
514504311
725254717
942348143
886429622
936877695
749191607
102587806
857144946
930130161
936377490
191332992
289362602
510712474
86066939
883825909
839060169
981193728
174059307
636307680
486320224
272017940
25861347
447335576
258510988
569836221
858325316
21403158
199987670
604210158
355185405
61047136
751280117
270203350
175165426
151666279
793813731
553556853
707951827
861125952
213952680
458209756
856179784
300106959
716250007
240794009
878680515
198961726
431998447
990771038
177136980
75594317
302112110
909551725
303636926
527285751
938859397
59031451
844632190
858797244
103418412
466909819
748456772
587189826
510337545
98416884
453698390
616979614
59689983
508661097
730529901
418798009
592792170
211431216
432491346
29739000
695825579
394421339
398439266
661380267
814020499
633637916
401608719
464653152
566251154
616688127
691923107
882723080
270647325
640731357
425967967
305847556
749084944
972025335
156016786
55822162
800672339
930883257
127223878
954361907
615156756
749319097
456817059
29305198
243771724
604449932
286144146
926126264
609748158
773644324
373983849
241771765
898635685
990082623
177672690
190684809
707715215
321502013
325129147
842601602
376461901
36006202
503349410
481177154
809766155
672813980
555158235
363563014
494819309
259628473
553613632
560211004
199233103
814271009
944368168
287461675
663269971
707009565
605261480
582842174
696382645
152461178
856986857
897711314
245965801
505500021
378628136
131121965
113204042
776519639
496298640
291666253
104200129
898251741
308644124
692260020
571826575
954640087
792326042
806681349
325009985
283113756
754217219
761079477
341943072
896357902
321081512
48848031
553061168
833656866
801702351
299542572
280006333
335816651
888848870
431630493
528147623
901990597
289199224
697851709
26116032
478770016
151947895
834722086
459108408
677529263
639065080
207220512
177480678
120896091
937704435
422908173
380646599
762655083
547569509
590733508
147887244
85576181
60351024
571645199
147824313
423602462
725329033
794447193
298846620
142746378
551188129
302575209
525494689
779977768
794579189
437713185
231134779
844843575
706778112
40544934
478868241
324255968
85244037
270482430
945016801
367515511
373415983
703508940
119224403
534784711
534282205
440457057
952538050
603153426
526373794
478122881
726539851
640932145
251043706
611654632
426387089
940809872
357624845
990671504
956192989
985335324
99986753
522157137
277311148
694591467
241552451
703285695
795212925
510633230
515798086
766640477
263516114
625387137
56279821
736809013
384489503
918451169
416402460
992247286
715917849
840289624
358320510
552221295
834620790
58567968
544979381
681129899
480761430
739460250
330392961
7910287
927669410
873574566
133460964
109126544
866477282
447219012
956153690
315710164
375202361
346967771
579845395
119470361
800879003
902163639
356794713
301531854
359701663
578799219
902366130
24807060
475001111
133038173
988843012
948495918
45894690
407212688
926329188
106591556
868257507
244545942
819149498
779552767
140225913
145515450
846599553
881377892
377902283
6073785
625238098
350160648
878234794
516084260
833389323
838773618
494735295
936566874
931401400
795554312
944283923
459912224
690865906
526901867
970657899
769533858
108013807
976301554
320105810
431452381
536542753
855418283
206309571
360294556
120130605
898148246
661925652
474338451
962064968
620659436
719057097
205168577
375666291
79080120
580421656
809799728
57102398
157321464
756951666
213851747
271072032
512316586
505425885
428755863
53789496
163785741
382687688
655658254
689126096
895780632
331192700
211491332
343463021
983345536
214925593
553582182
842967525
927122804
283703705
316166986
474620764
500919451
4134595
251660495
992297766
29674630
311059065
59809002
13965983
812040471
469503224
705001727
348896451
888754516
116771348
220707438
634136872
78804880
631551730
790912385
426790126
221438649
151453575
21946226
654832498
146337327
403989566
479260943
163042880
478892949
405208014
490938928
219623805
848016847
357535198
175343125
260236669
262899328
748404655
507335219
214194087
827368664
393279160
648249932
475069847
649272735
160312805
625157534
819223754
124892933
758150020
577722202
207172424
378582202
55866731
643612269
599568606
453320356
844488785
948658180
936697146
885241384
192958370
628954660
403290101
41537969
409312209
313530536
22922811
295510341
386338001
982885508
747022871
910543905
698590612
134858152
525143446
820150729
582565809
291442771
91917678
81390970
495827002
906239507
977795276
674599984
17231304
126227418
464307347
103986337
948236100
781513388
394359321
516412994
669048374
732659708
555992833
52199381
648339705
536318909
484436872
166325452
564941531
83281023
674113464
323302368
623793163
798706353
520124656
259068065
170841694
570289014
396037220
216153857
62334883
831098937
559882728
321932514
777225713
572816567
699419788
691572477
855545511
214327038
919780556
148858671
52799105
406497434
343974262
541286250
636713478
698667089
598842923
91689305
767178025
1276416
320101422
555320152
318886694
640283744
749084387
776022549
677999570
432335912
536294338
934959171
218658678
314575997
345963636
246238019
140816054
520356787
879999195
901208540
82018286
762296477
935369914
43890101
676213609
519222232
970347656
828115331
906261842
214822003
936303874
306987354
686689820
889616278
520177177
911708579
142594453
630055225
831447208
139515699
796375955
649580968
745338958
666638075
595242273
50427396
894306675
863173900
600498048
551602256
160753337
797081967
895730511
4257208
377542150
262912024
687581269
696059602
429146543
372108943
206962678
578514149
359669042
142208292
185419596
394327296
977047737
951035585
560761793
859949032
132269623
220204004
93004925
819186220
312888995
3981532
8893794
298704416
377868234
638149844
138039024
398226534
987862501
413303228
896838313
755169705
741686396
775121664
834283847
672867734
122745200
498254714
406093138
723470692
266020907
885400389
664124328
902438586
793562065
467280216
877500642
496136073
623052111
71736739
57568740
451931769
313345493
812845707
488466982
421457856
164532026
32126274
245455761
895450044
758122733
925321237
775308770
329325778
399291125
14728170
267396792
134374074
96394325
433252435
761466582
196147196
374399939
219404863
75667548
824435892
768556064
545856501
931831753
127302171
525902051
723475057
717153087
931033562
914740097
102464501
364993497
814693742
325251599
742934574
466460611
34270756
157188371
472164297
692400539
343128938
325764442
113800171
754469974
283784782
82759939
110480264
96638000
876861978
635696620
496389171
384573286
815815415
398970818
265674123
589085401
197123985
468945036
435089119
882661916
392570967
506302052
376032563
717881205
619080721
977080704
936337529
872251964
289533259
231338436
646623458
348177004
922735907
319024733
416118735
271693206
362629412
68292957
990498709
863197101
469852914
755242832
233185751
646547768
925088405
163566306
447666849
707944641
343381131
548130103
205919080
71436959
361419715
25101210
459353663
630568300
274144502
292475789
842775237
829843863
913138583
576774779
734615685
484460258
802361015
52774651
542303658
500961409
545729959
528306974
970468831
857922585
302330215
524368462
716824611
584422529
371226057
375732254
881013821
347269991
338741892
211180057
521315367
690664887
424277854
394682878
808705588
297844620
912098295
143739890
770585278
112359231
442215646
890421821
697753584
498308769
357774193
640620790
293099665
636953173
401005010
358957416
50964724
850044073
628433236
584456980
644230601
889212424
873932963
368632533
562735418
574547250
237069426
639728848
498113490
437229821
345516017
397378420
955031958
420950206
689644810
722546815
289342644
119087032
469504210
166841709
612362050
370493429
982469084
366739262
250497908
750904540
963439854
197546908
152841248
54094839
846087563
807854189
812981532
283568021
665734994
638185837
318312978
758753737
362185677
827061947
760565443
314234232
567644306
999861513
874892702
247706295
702738289
853102567
854231881
15764472
874910965
904082223
139089495
953909342
810730002
381319563
237900769
953298507
732140312
121069025
545330444
119677374
426062097
391321573
109397558
35334967
841558455
524571425
128262844
963501319
382537269
950549472
442953909
44196059
423124857
761805252
964644616
384584296
707913450
315127371
649139289
992115894
613412298
576545131
450973827
239013554
950444160
639859819
621303
484240552
241533653
237394730
403715384
672297187
723708774
659940921
995320941
56948306
991620267
956125342
663973855
939985432
234870138
236458455
774668272
50148404
994755138
736240086
497320197
485929093
543824998
44163480
568818553
593509084
957114535
580811974
280912663
301683744
705524349
854285719
261765951
683232487
177460341
543674580
707899213
811263652
145630015
441818773
984751858
488305155
43645094
903087879
829099344
325147642
235971665
435754791
57967676
846944041
529976411
618466399
109565751
228244005
406316999
349132738
924327129
613522468
675776129
326152715
240488644
376146919
99048424
14488812
92570502
976935165
68409857
727931354
223791678
144082695
303783396
325247022
287548209
451797472
186306365
903799446
994716165
456348302
463448465
553191517
162031822
963170990
279854971
268241339
732943407
405956927
900209788
613990565
592773477
158659451
830380521
146966484
28890123
160538734
311475992
186274452
851311963
710482238
450199883
111128547
414667377
906847446
634612139
651755190
117958955
387405068
438796861
652429603
980010960
344402236
176739295
883760306
374911436
32186127
942103244
387313385
220146846
69573078
775700050
905717835
497193859
720822799
544770576
273306827
778763444
156214960
135327352
938670680
395371495
931335163
695809286
698920681
890866014
27517203
318606916
892891078
662872751
847183788
643318086
682465958
602224196
406719519
135961516
631561429
254157130
877395203
233856021
364331112
213884503
949875848
792570552
934197503
552364784
526271669
922261200
829206556
898078006
554153920
500527713
586656288
47215902
471034078
862097692
32845443
849142658
653016020
882776996
737054444
505684460
100167364
758804048
361711053
111276855
257730328
643679999
937603849
81178136
964401030
579242324
699261052
303900873
634692626
629889129
642660756
381469459
167656007
234847085
180542222
275435639
904530241
771807044
426576279
224990868
116775131
586996596
388321345
907336977
616405909
434730668
620942613
333017108
268501155
739722086
82522069
537811459
699840149
651560532
199016751
703770528
211502816
709380215
693775408
899287681
868803892
103568468
25265862
782602343
402005072
813435692
326194844
655288545
50610037
232139950
904413794
765931974
653991616
319830050
554326742
188540522
9330514
527741145
672811272
522215102
33942745
825918668
362090255
421318322
915784914
452239873
515378025
86521312
421063204
694832991
289214276
795946545
787249686
952969020
504764128
146793461
573758250
569250743
302870750
282756756
36838387
460025042
353156467
713276003
160466092
81952906
847629340
590899564
445798111
538825141
404801034
76041218
438636663
516491610
413299931
113096261
759376372
63569093
296859146
412471928
84873797
64999629
785309703
173991309
963048264
338140282
559219505
128201990
418034043
348757870
603338991
892109672
262836851
785967751
956947689
823408071
568954669
756122659
428372762
294967032
163382435
508629710
435091095
964252220
459927934
18054223
183290818
279501172
49201074
619062943
633454000
617979437
651578919
512625313
144163888
731625681
761602798
422772590
199155471
345286331
792644547
686602490
432844451
607678899
574583912
343846815
716692468
516200029
949268218
12976964
359289596
269643815
354788072
223400522
918782996
42002674
613581127
492571289
450439581
937075604
992228910
578274130
244641837
585290109
79411822
530681784
685777400
207555051
944118151
867416017
832453866
267489877
255172509
513412493
266828216
21453229
694702669
916132433
747846049
186921507
754404098
305308497
815446938
860516309
887765678
932847457
509654585
835581503
151630410
73888226
963812711
642071349
677408597
691963284
815426668
160365256
807689082
913044323
142843827
36348101
913265360
819745081
727379944
239007125
31698855
95700758
494461878
809961639
734597386
463011935
699183842
46807615
665278881
488556406
500730110
797893638
304399217
418703173
9709029
666676519
931217546
816788441
314186824
494507212
589260125
50980711
472174973
240349003
310258269
530912787
324325717
293571142
292863535
444339874
203591187
401679314
245752211
972697512
249960385
546456636
742597407
237219153
426093337
290326913
332883667
804276035
938338210
740115572
958595267
945707701
748488444
707005188
407688559
878848654
524302769
457412181
808889407
308557837
412734489
77107184
21743715
301468711
830546400
306518931
265945579
414794110
747540205
264286596
848380282
579136944
422901707
184924613
822806719
734591249
28926364
96794268
319846633
865007881
728907734
92546557
814187698
645323211
823207317
723733677
791823855
680636696
764580402
263845239
957498327
375465296
150739006
367279983
145110881
731120642
445774877
419025070
288155737
881498523
887211207
862124444
604680783
530969640
626236265
76671985
200918030
72826388
972216508
79247027
119325208
511125118
697034253
927134993
548513127
834664269
737278242
258931629
375378006
104717132
671996326
394375432
365969011
579437194
258705368
804254720
774075734
597927502
164328388
894430612
145583631
744181161
659871970
208168210
452990186
52270164
17488581
36129247
498511345
648771750
15310725
391217591
922020052
477535160
4135971
394926056
271569504
777898010
430248444
132826105
361029053
185114980
197879734
615401978
175291568
720618297
654471628
821218162
876783144
764222515
132954291
952891919
140746317
472307964
222973434
263202207
497225465
15146073
994249957
679119107
239536819
730336858
358302702
486447602
261290741
344755487
263709910
92046706
289894423
356132986
507339789
734395075
369866662
668488911
890181827
853830815
558314131
940990472
450349941
394639729
549556872
517568819
197507726
729833114
49081849
206823688
704059661
441637888
182957691
942520873
548616227
127673365
249853918
766723500
470027987
458245281
676657323
613017180
349353551
129151772
801203937
108222348
860297733
828690749
89395534
52915985
275714060
884586029
514350391
920375882
334629592
405809412
642544132
938745999
965182575
400353894
455507139
330035604
651235469
604680303
846725117
23135475
965618245
311340792
992180501
647268388
220307188
875823429
701992249
601086610
268273259
122170229
319881417
693230332
87885849
301909966
845366988
882272537
430744849
126551673
53843928
812124391
25826468
882798356
969421657
315171069
797903193
930123525
258586726
496339924
862176331
274050192
385902998
182917433
164824072
202159352
884498521
160161174
522845248
225356265
270521253
181810934
524769249
718087518
175682701
90808708
550643480
889662620
952108133
55208998
862580315
511405359
895698253
449196899
65667678
889466938
507922355
255414792
603362559
182901044
514121060
849500092
215645606
870835051
263622180
271594757
101547676
991896824
794170911
838992922
809217853
978173617
887458301
919165524
35129209
307180795
704030588
644135609
893877636
151358959
929724791
109072385
455396688
586605999
662260831
296007798
143187986
248613397
135614792
537913538
933598434
61519789
515925234
161456972
907994516
343113299
865158739
698291933
306227171
969053594
766588114
935139746
444642751
787766794
839840349
702147066
598663640
293758564
571246501
654063915
206030384
208588880
64133057
925374925
241251861
22427284
527504913
57195019
61070355
556630130
445244579
654738465
416500416
944083844
61532790
455100935
685761138
491849085
6376252
451341307
211824891
176693469
797451582
731725984
154536432
782654228
982719853
208142391
451992615
960227087
42631393
472230091
28491220
809722646
595467300
89814125
914069967
674743760
884269912
836558859
651465530
65201615
491030007
323727230
344641447
69929499
174237866
574918283
76950444
482356971
778214733
293073693
336678544
208548451
881420380
152718029
518003140
451571241
9669908
247312191
222419690
582116565
270934983
722086106
3162642
918072850
178052205
564196484
369585070
251367090
210734348
221261366
757715868
451173998
267904885
625627309
610754468
363543679
292543792
135106682
27771015
576792176
309017182
413333818
235436398
358757788
902806941
602313523
314381077
965798030
748133873
432024772
554608874
350828791
968792514
666933614
733806775
845594921
292227037
220639702
413505668
448648028
978749247
797958854
37508069
448699900
114163600
360143752
92032747
936124731
21510605
417164364
752101928
886195747
251102954
795311961
106013556
617212845
172168688
444350780
788669710
710316994
462900634
872411781
450458393
456409685
448565941
269874373
368826057
578500569
103499236
990425925
116736679
83644592
276810991
829933048
487024595
645063359
385740789
783200918
278887606
827742843
924263090
974914298
905106994
388650403
293111768
681828403
702252975
895525211
694982608
921401956
22765008
535992915
289941409
810017521
547093479
428906509
473175362
761632200
71914243
658429517
622754572
42673758
742088086
216246121
210225031
131521614
517052282
851723725
708147978
510213267
388302252
431667535
206962125
930217127
356676367
547100267
183378465
20007516
103998090
626658582
583978636
636570182
749119174
90077765
67953511
33306596
225689224
89869165
797055446
736680525
597336457
744330108
453839523
629772606
634415373
451775836
399139259
753907718
187258065
47306642
374548477
132519301
175392274
319145196
870176476
52463146
332880739
201153211
999422917
107338146
329697491
116594180
397349567
995583012
983962169
153242441
598420164
431256124
993104930
218420474
260437486
489959694
791665853
12749396
608988937
187248404
279958438
430205013
359598554
255004158
801908244
158020335
289013961
755940957
426499928
381269395
42666811
994721224
4556180
253123243
219684745
900322452
197919496
231873810
108252267
929955783
741444001
515185454
940630435
865494083
70791094
30657920
925255249
924167317
938958192
94954531
865594245
138704071
226513078
268967652
746895019
562004349
866980285
1382380
835205771
544216610
312573344
617722917
35359972
384709979
22356800
622761654
165002899
560483726
735208757
879660411
791510140
210090886
718672030
579708708
419519851
678206277
598232674
117711332
162052860
7581828
772874731
891379330
874181336
252907759
389259386
589425918
137843993
435997674
461990549
93261318
874723708
685733463
221261575
198022424
321991183
853456549
96818329
86410539
587164742
965454449
36610586
989326198
796553022
963929459
326451201
536009353
467099412
615021135
140345394
428113430
356814584
13621644
897743961
941479478
181492802
980938544
142001900
332918159
462295791
282834524
674548385
521979027
602549193
453182802
945614213
451115671
452589406
485095434
746646459
160427922
921121542
695689043
893580871
211683352
810388337
638253844
519496254
496153014
36141468
688354643
30659404
10416089
571407181
355536098
490151280
114020181
798591009
871069354
393793331
365735291
444427681
197159230
607088678
597832782
487446580
57549361
714428095
944207322
881036327
405736580
698740672
312201125
860927401
345474086
104244011
324655492
765443704
937101017
809024322
420548459
727040490
880769516
950853137
252408302
360038455
614301320
796967026
713241955
323599867
487821011
805006615
413274224
788525043
414399990
449415718
708560182
292806234
217136021
551867940
346952885
65881408
43327179
222933905
950330861
172220869
214470416
186317668
378415290
419296659
647836241
13958933
438401514
624761048
410115083
687840252
470271534
204378119
185933799
773408825
947168645
90063689
121363639
486200964
267936146
974900000
328331020
760813957
199310744
15328584
182931090
447882671
166541764
555888890
478795265
262428573
975035186
510284678
346916936
336439243
774842862
190261902
171363685
310793618
191264956
675848179
681341490
241049832
704750438
524399754
859927387
208059733
672542747
257193452
281591152
398384110
393273952
120986840
485546465
2589411
126728256
876274561
687530444
552297336
4382653
558129182
314364191
307996039
866532381
360401695
946032807
502294408
362830151
526640896
689970017
514902746
306469838
665785518
157480178
398172093
144684425
833838496
115231720
486936586
376982868
487963208
911174265
892939400
251166876
946360133
758245123
26055503
483629705
738133893
882612277
41630893
127036353
6992744
248605742
701809215
808230580
465372999
689939098
364615597
202623132
897350506
796948600
549188357
488697784
105060125
254988084
374308199
740729928
120727374
849277507
697066697
170152274
604244578
757632269
630501310
26255641
612454119
197627825
55220647
217839771
666581596
927049043
534995932
930074198
960601683
339411862
227690368
122333378
546422656
274924736
897991415
861468541
367531174
270728696
26882016
735602853
182149837
510835782
910659959
679044542
312786447
310327431
987204561
756138724
265278289
696178848
712939712
636372370
17264563
5713894
228562987
608801282
80424390
200288199
731938043
278608343
465963162
67702543
208644149
836798338
7911440
983281693
305189276
886970111
21031387
248584483
49441421
204215903
794945718
77371097
38176289
756464514
984269501
764072082
180098713
26126086
329154915
597652783
575601780
791865248
729922478
947103817
783232743
198963340
954762431
179850858
156012463
160289239
301634161
763578299
903657555
618863491
715331366
46694697
208149457
846419778
150346703
355294713
21881492
526699972
966326288
389840424
808297641
210331808
899413228
698756291
941112583
206903521
28032813
864374547
634519230
670786938
268068322
786729659
405758266
571437769
132685439
622784513
42148065
256893675
407482421
518258156
804949046
855559054
302772769
866643656
603764949
126582887
811206320
527616914
604757595
311512285
689808440
74837362
169584212
426895485
537219999
280758727
727801057
494984569
447362409
215665947
95263651
354306250
253693422
127530258
580316861
478604297
535563406
171315865
200372550
473013388
700139592
747167917
391924448
415396688
341310792
464088253
201040148
384014701
909579245
629527415
435863605
369268685
697552864
481115448
609844331
368800941
615102947
864257601
70916651
284684718
732372688
561759501
310797418
647284442
996926154
747917223
556808594
417749895
405926907
808565309
785051172
671855546
626738134
370132879
610476397
142535982
337058898
724787194
496912224
268146606
971177572
283557050
490479888
672446017
730979714
647454567
319484078
477415383
874282713
349472469
7962693
252138397
344419206
758495583
961425919
747033613
61691801
573765635
120106585
253696065
497292687
232282591
269932504
837442038
978358648
185318313
232340090
779648098
607860234
902112757
416030875
32450789
883535367
391394870
728229544
295490025
51388058
513292386
523372533
147066816
657338596
570188584
147428478
868924787
789518303
74653622
865511109
490148599
45952921
569948196
174840050
930956270
273418627
48922987
924405459
813545928
43303249
720869341
18130148
87372367
635904312
797750415
564307774
654996438
553055918
199245133
707680919
334236504
684948671
176292469
2662659
908453380
90657782
21330249
370538124
772954239
605944440
337031200
247546859
205075943
671167649
624428768
278873643
705459097
569057798
566879568
196377865
147892846
560653619
956476223
811707630
7817969
83150668
414111477
883244284
830457852
572941501
107886808
208155568
488064729
344470505
295087988
469580663
768478720
951201559
863181812
263820811
714406211
626029098
149379711
916493867
404640599
553336981
683264174
511361465
136185109
357618502
848774609
238907053
256835060
315660800
46466164
479688138
805560328
952491083
53143046
211480942
261430042
717787886
342305589
17669332
911508533
975706132
17226309
788058548
692597627
301244369
55166615
692736091
625084132
920722770
487929163
772842583
652397594
898213857
657869707
7003961
294471948
228748100
453300638
658582685
816565001
502881042
283428851
481903270
509491852
358042029
207891222
539142737
765169608
394068686
293141249
486267437
282421187
855842230
808901218
718754299
539917622
283999495
147104231
52519288
303072129
790688485
504621416
825879655
234992476
265079486
886723238
261605325
158343362
875070010
414837413
962382713
819803685
98534847
898320538
271019526
607875110
937599062
860766268
31280288
849664169
428352806
729925016
225829341
956137155
561674750
206964260
336160900
183946679
757853931
504484065
96537009
480041754
489101113
863125331
670632817
942262959
903515889
880721971
37671158
454060870
143599750
194478344
62400917
627765206
206069858
452850228
141960014
278322588
222619243
478562037
208075226
981534752
659635988
33236951
239068465
715807779
72440100
343345242
544938352
313942388
369353638
300897704
260121351
437952614
801190611
460232105
656711250
653750486
123793834
690449471
540398268
162719684
884654984
956070446
478797856
601485781
865651728
272893264
545508037
891157818
376565703
597834029
418353584
126396910
347927157
318312847
184881184
685831094
708522074
596967545
196764943
310561991
483608910
863147751
234682742
476899475
296023688
122916416
943264488
258189027
364312670
57146701
602205599
279531770
682852246
182520778
540347476
716884787
34451685
892527457
601962966
360768336
169888827
690579073
403564529
48791313
793681046
963516755
204813534
103141076
163268084
372059482
391977254
542584650
779396312
36189857
102723915
496951077
584165205
734536217
732590637
70703368
907276429
396290626
251934250
887059069
201553362
929910690
329198428
345165515
853052270
580015128
672307438
781876076
72573570
91291082
759426709
358940018
827743405
689389422
987550492
566791672
38306962
729379654
948404667
625237350
394831565
405299342
151564157
527434008
166605304
445722116
795186451
372494343
828043379
521041937
773436980
5769321
480325840
240202984
69463436
844019358
709589205
583412456
410205086
297595142
684436092
989504984
762211489
914131204
957070529
227416579
244867220
769590000
683458696
86062392
739438777
505925665
7212969
948086830
913855596
43905499
773265204
297638366
950562507
934865834
464071164
753250421
606121929
744572085
101030303
697158376
900196212
394297089
379652146
73509849
379918706
776617009
761764874
881479804
934651419
814370787
223364148
996466476
980177313
80736477
98544232
111373807
186958207
140012461
448733312
951950974
764309204
671002426
296719041
61078266
83560854
94714502
307764145
939838898
892588033
111255793
825261911
272894207
414807732
557960765
248425922
117442909
389830068
268240017
964693492
723980695
68956781
566341491
995842225
835342202
504733786
578574423
26898152
824297122
652959219
672525240
813134617
546107661
920029940
84716776
934357853
389170464
224265252
619261395
225717324
523464684
150711006
108745219
170832188
703818178
469470847
913795251
761010490
606865685
582729659
495157470
102778528
181359126
277228846
195275530
583750578
169639287
737456413
284003012
952888236
400771264
903396669
757222544
551410929
596198791
388050607
176957371
896720916
2338585
963814883
593441699
158554783
446033538
927297141
31677022
548905203
842459717
450699882
206784441
286357233
303817623
8536833
214625693
581461220
956471787
278956621
760931546
417311168
634818240
698085414
332130369
734876577
96741119
605810895
970482114
534144182
407370001
22974020
886400270
84404321
994022267
830160582
914920252
515907071
445263053
746925730
755483157
58706686
684824900
666879490
562097336
111927218
860507133
803130554
193856319
616694933
986389259
152140397
309366507
102043483
21593420
395954997
79064964
922584018
854406413
810769357
591811824
14304696
638501822
276545655
931457953
513323288
93033927
992849247
84938099
425612564
347214372
523280061
602690016
50464835
912209948
151891756
281399159
94338112
359694905
462835573
397866353
788197386
469812535
806546197
328822619
875903287
71275102
21955849
725887892
430076978
199284329
231373448
413885491
838696439
240314516
43830486
381344594
866229143
696015557
696688182
489958999
2617882
345692079
633761537
13746811
996360027
828187245
657287231
565972676
486258859
406084484
998070360
279867341
858659133
563430343
295749126
759720304
779810375
48744892
939109731
568519031
71928626
34501091
159369254
886282627
168105373
587610249
631755532
716729516
930257688
523606537
40387304
275571229
575437267
261913523
147686736
544958770
47173503
495211172
798510478
106526483
541683260
560349119
927358624
48497540
121280352
355354205
68316782
964416953
896659328
369764366
742016750
304064856
389484108
64574176
759993199
913740770
138812713
896482840
258216174
756597704
814280261
301449553
708422706
739679276
711586378
370310445
367234545
887146967
288241760
866746874
543610914
81490620
490660317
374641891
370025869
403739898
46762103
787633768
37644482
199530063
574936922
537486086
759286554
24703470
201263939
360115144
983406321
348938550
342782673
917708294
915087853
941015730
957292281
576510039
352166805
227660544
218849167
601299742
242741372
77591967
162095252
839524955
635892605
52419880
711838105
145324013
869252158
331908098
317710392
477245904
879990667
810135938
237661209
287355814
46314433
353792700
99362409
798490830
766027939
678422908
180070513
437980277
594098844
980778381
432359860
34361216
80613524
203571901
225444751
238585050
90496225
412267317
998038237
992997188
772737968
624802501
475176908
597630331
790373821
33354791
345037648
195874393
28613436
709299622
227333447
938841107
713007152
891616660
955108664
977269562
195909827
334786670
685368434
556740533
996992922
530100585
421026227
195546857
313944284
706049078
693157269
105436048
431375925
606996761
299565856
472423241
521867480
317667041
573205056
208708936
853807340
257568971
71131916
980988940
468424262
521031967
283563467
218194601
171691047
895799816
73812319
267106124
91879513
932392887
590241839
265574781
854260387
98349857
542933428
821227953
753333837
825596407
414133381
599168046
85415192
642547405
490044133
599539697
353761836
156520441
316221915
337482385
477522620
827733111
776258223
472128588
78136628
829917899
648812611
295425361
507373525
693536755
222367780
427874302
149448593
397068638
408961692
978113817
780208829
893100095
482761352
749447452
298627360
213683452
933047317
602991468
972986071
276645550
748614887
818417205
110346310
165330194
366145060
968619848
81312589
957799963
513639299
142222772
121116837
277409988
233794766
725157983
553219966
625753055
861712551
87328201
978805728
665624279
31340673
87285584
38323830
302797605
189079912
650883147
310259717
593380544
219107169
199414847
413720833
170631377
531018851
449267670
233229834
706576608
699146448
243437630
993776488
898953945
462721994
273482826
947167701
711824082
96797254
94618748
827118329
613071542
13332114
143348150
781869089
676656778
629120173
946235005
901191463
175405348
678347627
982396021
581504833
17618319
89594775
139423091
762117905
406305915
38854300
883168160
387810761
397809703
585828792
137531320
720517669
619474160
742831617
35974015
168872802
368978905
622625283
434551903
660870735
517326507
870717188
337206520
582850569
903713806
49952831
61783062
840817567
906258430
554365139
313449013
537875408
926824805
469957607
867441427
292662689
581837731
676910497
35508613
616927415
531304891
416677684
268762701
360697354
991061128
729008994
194747618
182818615
36479938
272865176
610583320
684536394
137793761
544218593
284435615
885669104
352655971
425304677
324161988
984148872
834537199
332167137
602586032
226033171
499316364
849011388
461156296
159950236
591523707
670638854
143981404
921441875
76989805
514219103
198985405
220774193
595825284
261890293
963033327
919867838
282498173
962857914
382981775
519828569
819403349
878888195
440756348
661882649
113200896
214316603
56392329
832485290
529958739
879119812
711316333
211717597
212803285
612542148
210100624
435739321
936247900
36769618
543778766
395257057
749083864
5094009
357951397
638534078
739064093
199053358
733980986
596469169
919229720
917860384
541614254
871402788
159857174
980268639
851197538
947817741
481926642
314105501
908501744
227249788
413694311
263811496
183450729
234888919
282533382
79436397
761871809
799525721
263908071
999152716
856609904
765968435
166254195
86501479
592449807
5272606
620594713
959952847
724912717
277002679
991563139
128462902
571012757
340381035
378559472
707879583
162617749
892511370
550017003
669562040
804141506
34955782
257611728
830907561
691185950
988003998
68647661
786197360
292222358
745232575
350990045
165445735
867535612
791081980
896268119
232463318
552119909
779617069
621651903
682444759
594195882
106267395
627527116
521439134
725114222
917118372
578311626
39151414
367832227
30063446
112750865
603195451
23170298
274958694
977515142
205214445
803972459
247218492
40313390
168546530
980267608
694643047
271158661
562544588
491305999
121451127
389056408
699204071
392229984
536137371
835669378
960285664
324034011
309742903
777625875
919421909
210763301
514328613
647057556
371323361
470447252
148295656
949483067
954876605
376503085
693550774
408402622
446736332
724699229
488648988
192032033
308895162
192539709
969473022
417672993
833773021
164351281
472843975
87449531
979062356
264726386
245445252
353948086
578006922
417609008
943059732
654523595
903554508
283555794
1108655
425712590
667552023
884188848
291903094
348908981
254160732
755652664
351521427
849192920
309642845
980781022
680997733
332072278
889204106
634043232
339583269
632696894
56775116
396744515
37035551
239998136
707473580
112128304
786232104
944357488
251505307
852687025
727884432
889060407
682984590
104204969
87702317
917091831
170474435
594175620
593582933
612149471
458523055
945398869
580256469
358718348
723588600
491222618
890961210
505902037
654545545
986864206
805153478
926415234
384121735
21668521
333016141
509343022
519022471
998380452
179837742
367529963
515356320
556594900
68357589
914398914
135417215
880064034
139470240
137345474
425447924
825998267
773569763
285069982
592417867
601289925
283440258
785828979
797504914
572471446
814492590
219423223
924643042
429200392
39727326
270341586
748064017
228178037
269324668
640284354
398467239
196231621
998259519
671554636
849330058
35544334
49144902
737060704
719855531
180127991
152953833
599920019
394810197
706905912
955919220
612647685
986298263
666216791
67891579
133210622
314756413
900782148
819204688
241689819
334080964
242427950
508612116
401405568
800301570
523290418
583497699
22325581
831280250
664436085
950987880
614465464
509149691
618026315
787493164
989091456
702831780
89892769
102248197
572034582
8773032
97639747
881895242
887316211
285532134
173575571
916971097
676321094
242506452
503001847
508010510
868021283
118035704
955253731
815709169
517074170
264398984
483486666
694377146
442876557
265185574
349991454
396045007
414246555
664801370
845418209
954803435
644511081
501926592
193760464
766277781
306583466
456604145
921149348
267480049
898277885
755379715
625157540
478908984
784293622
361580862
132230047
46817323
419167515
947153643
376467743
767476021
956389658
134670303
378616013
52874571
311745494
894989548
308486105
6906358
621453431
369617617
560496028
383944693
358233766
70146285
577141803
888521361
240319399
246420889
537127119
272493057
534056231
687387797
641833412
295159216
67494372
65576391
886735217
348825659
84625255
702936393
123062562
280398798
257101803
829472275
384063451
317930418
767527120
472503703
958753256
289039938
572199894
214733520
950063678
104151762
744481576
360035949
858838225
193904674
301723669
91323
760868711
362375124
774611766
166627284
940565557
40405049
845573675
704141852
298510872
434332690
286158459
801152520
111637389
210224716
91383358
953738758
251153421
168410022
229636295
714764911
376473147
364262741
510149989
602233677
712493671
356758052
868008657
330467159
410370337
726421002
470188690
805207310
921741466
38561722
244021739
438803270
548667743
477933849
267697419
79697097
97270208
723770623
619893563
679404009
2961086
220485310
956841526
585775520
682094752
932898622
63029900
506479612
697655701
467321627
726950807
212030882
828197576
466136567
967293815
430241819
614544409
400582512
842770350
50490457
893832591
788835479
934889757
212774536
255292144
350824815
279337225
170062125
631011808
965007228
318254329
197132910
258402099
773649851
654485994
410818891
453984658
203074618
440745018
221126593
120730600
450157833
630640837
837567525
607564462
196444938
626983657
123344693
717025348
308813033
849119907
89525736
430005075
935731878
70636650
581377800
755855491
165645486
70349642
684413426
352723949
117476437
851387835
394212790
837026649
867706410
110595534
319543629
282308608
465952212
969352118
298264833
687129499
184656007
688404274
229773589
315080669
244791781
492359142
691630456
780177191
147561964
398576509
139922833
315845822
79424657
126419583
124981181
617567143
845491375
707844829
93861390
411949425
967012705
179434851
315179758
658770992
220554792
777679592
212657755
843307703
362440758
364890840
926297923
36645460
685775742
297305299
261064467
769137310
30770958
98134302
520314097
746259881
444941888
172998828
572772217
178381034
483022312
638736070
63082743
440918314
43489670
478906396
4318919
153541742
654597501
390148629
693563671
997819003
346315171
501662942
656684728
604391825
971029041
268385853
474528618
778328744
5156317
829844603
569204122
19796966
267336298
73852930
689772045
597861617
898081069
441445785
780425047
791919647
95580497
639975691
958864318
473940812
2307877
402075115
781736348
746138914
272971976
390398234
762108507
601462914
609788150
365437024
31148366
492008028
170215853
806182957
876653564
87471539
143132102
95752465
33086600
890889598
18940034
231560878
694197990
543455059
327752464
104788246
826684539
612355811
626249972
150947960
206993503
142515462
21483038
418528694
37868336
80671153
198900534
740661930
248663599
739642110
242685820
633756496
509749107
498728762
186993541
186297448
439468086
160032859
361119152
220121094
268040015
252660808
163667170
672957550
71042862
161508328
323646447
416801695
85613151
58555918
452999516
965847095
297095480
501792296
544298312
447805611
600394208
20814760
572041732
86670582
346952537
576062094
445200336
692868341
129134196
579672751
80286942
939673321
866725561
616258870
327365853
354893425
957888522
548514631
34828352
118144186
585984935
996047249
122076436
605283046
386367814
633734658
454332738
690916688
214896219
764525674
793461631
767369817
508231869
468485590
579274054
189521192
72319414
687020601
217010890
369448596
220549098
993497873
184371819
884717721
371805246
580232697
745468906
691158637
343828645
62366428
478919162
243204270
434349172
742617895
255309149
312084957
137228100
229968192
272321060
203543369
208459691
177750989
205895103
695143002
138205573
883965199
697995938
6578182
368171314
819593331
17196915
798327139
682015231
972711657
179117827
493998380
434938667
514735443
602933491
262903198
654579802
517064351
929377646
99383814
732681824
515664220
79619041
89440681
483089843
684456434
414080382
383705933
68018244
80548085
828859140
736739618
812690994
868623336
30849150
403266132
783905911
834127359
806256979
89016106
916852583
274940671
618658888
487896483
363077745
657887126
48093705
976020917
522912018
150600705
419923447
273124166
166151880
589475177
703372873
344297700
810890933
143697842
806715059
688643782
419284497
395697576
14963346
17151888
39551597
373363611
445545019
119558537
450519285
591835428
69434407
732293776
358730576
292448133
220226052
415258054
988191678
43498979
476121652
725449851
673260064
857644475
270262616
42426108
182256380
342362378
171571839
9149720
761132558
826569823
148551205
3125932
639422120
175024474
178195396
522522405
281971076
85763011
67001694
988487333
431458983
419661595
876505807
964352965
814834868
715301356
999412596
246397091
485662071
904739755
486274919
680838926
354704052
341973031
758911860
90048170
986040314
291882499
640565369
668949822
264653359
779329916
33414452
808851415
54740373
303951160
279406625
973223038
934608569
815744041
958179583
69593644
79496915
673277445
154320517
282778669
914713450
164530496
441347501
99412296
514539914
324112830
747201641
409968372
610514834
216441953
966464452
786418917
852135894
598946866
577111062
554888056
507192511
127760312
70440912
399725232
2752860
878517594
354652011
9963013
422859349
162765952
741504717
705204875
938301766
35365305
559759916
449300229
329684528
521316412
916829063
54957035
533447546
511689373
63659513
154861556
870165145
246981043
275226534
54754717
488293593
558379214
491141391
605048965
153748279
871058564
112137444
462431035
170822580
592321322
818875682
909716922
731747493
35004375
272497861
771235091
768628441
257960656
861804712
95010498
486399238
150368858
655908939
550294454
667740358
801377666
254887578
809613223
396976931
933170717
858776045
783556575
852146093
484376647
442269966
941195498
100663242
63566877
133534898
742222108
778539375
638964084
883483691
160097828
323659670
569367749
975946169
820923954
659252218
716827628
37677583
239965427
38010040
876921673
173998369
856153148
457814493
392978073
344296627
535270532
541617676
251077093
566682723
301273100
950680839
920067147
217840682
672699150
557691908
375671606
60269783
626832195
85772509
108503349
566211965
641231442
152499848
414319023
913480330
836966641
635612134
421460821
50472659
653030679
199391835
869776569
928343290
641099345
53428410
994581665
433818917
753369398
429921051
738738807
426755474
368243631
705644131
541892173
486408491
255021958
700100297
583834050
97721393
662338087
439619005
323293764
65969552
613692856
989050783
126801441
275764263
598313646
942817596
375243278
547539306
523036740
990958800
549633774
353570419
557945616
451633829
974769618
432992662
60957472
372713852
55219808
319792328
924794455
398488359
204034668
130375646
850936312
105575663
612036672
97136036
174729843
363531404
72886167
522658146
216466639
504683582
903439223
827181035
778194935
918699476
779038763
977853256
916329130
679666653
954854390
826945766
286692420
469857216
964497157
823664159
436370371
951816355
485721909
508197308
509280014
967615068
608858987
51811987
973472256
298740138
592727619
936335107
577604762
579263932
257230684
922037363
154333430
537288665
703581819
629398536
236197154
715188831
989314972
497887047
706468110
473400924
77743362
982699198
982334118
755233214
704319967
666125736
550983170
77659179
682720489
656245614
208718259
623767525
712447911
11591976
483317731
528785642
797911369
484349213
712445989
32631174
402633636
742250373
877105899
121214182
148267882
379897486
621005720
134576329
205421895
540697650
213795915
335156858
929483480
289581244
122872656
483667630
31274883
484034008
212157822
807518666
106114464
948069336
791725011
641558404
61359512
598770304
75137990
618150371
38657421
356290675
304796768
780256560
675678868
518993939
809826903
292157113
732454862
547700640
568155794
943323224
566573496
100012635
12964695
392246987
755291051
647931301
566199784
301586426
938954721
771452285
216642019
405786452
955921161
974417427
826956443
249185486
713258572
867424818
27737261
822196120
942441356
86026519
544051462
640353532
87539538
745252978
566522557
92212787
294204777
191710899
557710118
636609246
494408365
133283592
724539074
936604929
946042836
917877642
732191819
299550358
197603943
124021473
345363375
84552195
385162239
20628799
423187931
609673987
870848519
684282409
386251775
670691401
340646261
686043348
917357338
769870367
77254612
914620604
982199350
765704870
806111041
687994652
989138886
931736654
188259480
224550579
453839290
19080500
874959837
102976402
572188005
295491729
21969947
309754056
312802632
624708601
761231322
378849597
331308436
921943048
537447708
21069714
975799480
895894648
726697572
382500511
109602106
